[0.104s] DEBUG:colcon:Command line arguments: ['/usr/bin/colcon', 'build', '--packages-select', 'feetech_lib', '--event-handlers', 'console_direct+']
[0.104s] DEBUG:colcon:Parsed command line arguments: Namespace(log_base=None, log_level=None, verb_name='build', build_base='build', install_base='install', merge_install=False, symlink_install=False, test_result_base=None, continue_on_error=False, executor='parallel', parallel_workers=16, event_handlers=['console_direct+'], ignore_user_meta=False, metas=['./colcon.meta'], base_paths=['.'], packages_ignore=None, packages_ignore_regex=None, paths=None, packages_up_to=None, packages_up_to_regex=None, packages_above=None, packages_above_and_dependencies=None, packages_above_depth=None, packages_select_by_dep=None, packages_skip_by_dep=None, packages_skip_up_to=None, packages_select_build_failed=False, packages_skip_build_finished=False, packages_select_test_failures=False, packages_skip_test_passed=False, packages_select=['feetech_lib'], packages_skip=None, packages_select_regex=None, packages_skip_regex=None, packages_start=None, packages_end=None, allow_overriding=[], cmake_args=None, cmake_target=None, cmake_target_skip_unavailable=False, cmake_clean_cache=False, cmake_clean_first=False, cmake_force_configure=False, ament_cmake_args=None, catkin_cmake_args=None, catkin_skip_building_tests=False, mixin_files=None, mixin=None, verb_parser=<colcon_mixin.mixin.mixin_argument.MixinArgumentDecorator object at 0x7e531fed0aa0>, verb_extension=<colcon_core.verb.build.BuildVerb object at 0x7e531fe5aae0>, main=<bound method BuildVerb.main of <colcon_core.verb.build.BuildVerb object at 0x7e531fe5aae0>>, mixin_verb=('build',))
[0.140s] Level 1:colcon.colcon_core.package_discovery:discover_packages(colcon_meta) check parameters
[0.141s] Level 1:colcon.colcon_core.package_discovery:discover_packages(recursive) check parameters
[0.141s] Level 1:colcon.colcon_core.package_discovery:discover_packages(ignore) check parameters
[0.141s] Level 1:colcon.colcon_core.package_discovery:discover_packages(path) check parameters
[0.141s] Level 1:colcon.colcon_core.package_discovery:discover_packages(colcon_meta) discover
[0.141s] Level 1:colcon.colcon_core.package_discovery:discover_packages(recursive) discover
[0.141s] INFO:colcon.colcon_core.package_discovery:Crawling recursively for packages in '/home/oguz/rx1'
[0.141s] Level 1:colcon.colcon_core.package_identification:_identify(.) by extensions ['ignore', 'ignore_ament_install']
[0.141s] Level 1:colcon.colcon_core.package_identification:_identify(.) by extension 'ignore'
[0.141s] Level 1:colcon.colcon_core.package_identification:_identify(.) by extension 'ignore_ament_install'
[0.141s] Level 1:colcon.colcon_core.package_identification:_identify(.) by extensions ['colcon_pkg']
[0.141s] Level 1:colcon.colcon_core.package_identification:_identify(.) by extension 'colcon_pkg'
[0.141s] Level 1:colcon.colcon_core.package_identification:_identify(.) by extensions ['colcon_meta']
[0.141s] Level 1:colcon.colcon_core.package_identification:_identify(.) by extension 'colcon_meta'
[0.141s] Level 1:colcon.colcon_core.package_identification:_identify(.) by extensions ['ros']
[0.141s] Level 1:colcon.colcon_core.package_identification:_identify(.) by extension 'ros'
[0.165s] Level 1:colcon.colcon_core.package_identification:_identify(.) by extensions ['cmake', 'python']
[0.165s] Level 1:colcon.colcon_core.package_identification:_identify(.) by extension 'cmake'
[0.165s] Level 1:colcon.colcon_core.package_identification:_identify(.) by extension 'python'
[0.165s] Level 1:colcon.colcon_core.package_identification:_identify(.) by extensions ['python_setup_py']
[0.165s] Level 1:colcon.colcon_core.package_identification:_identify(.) by extension 'python_setup_py'
[0.166s] Level 1:colcon.colcon_core.package_identification:_identify(build) by extensions ['ignore', 'ignore_ament_install']
[0.166s] Level 1:colcon.colcon_core.package_identification:_identify(build) by extension 'ignore'
[0.166s] Level 1:colcon.colcon_core.package_identification:_identify(build) ignored
[0.166s] Level 1:colcon.colcon_core.package_identification:_identify(install) by extensions ['ignore', 'ignore_ament_install']
[0.166s] Level 1:colcon.colcon_core.package_identification:_identify(install) by extension 'ignore'
[0.166s] Level 1:colcon.colcon_core.package_identification:_identify(install) ignored
[0.166s] Level 1:colcon.colcon_core.package_identification:_identify(log) by extensions ['ignore', 'ignore_ament_install']
[0.166s] Level 1:colcon.colcon_core.package_identification:_identify(log) by extension 'ignore'
[0.166s] Level 1:colcon.colcon_core.package_identification:_identify(log) ignored
[0.166s] Level 1:colcon.colcon_core.package_identification:_identify(src) by extensions ['ignore', 'ignore_ament_install']
[0.166s] Level 1:colcon.colcon_core.package_identification:_identify(src) by extension 'ignore'
[0.166s] Level 1:colcon.colcon_core.package_identification:_identify(src) by extension 'ignore_ament_install'
[0.166s] Level 1:colcon.colcon_core.package_identification:_identify(src) by extensions ['colcon_pkg']
[0.166s] Level 1:colcon.colcon_core.package_identification:_identify(src) by extension 'colcon_pkg'
[0.166s] Level 1:colcon.colcon_core.package_identification:_identify(src) by extensions ['colcon_meta']
[0.166s] Level 1:colcon.colcon_core.package_identification:_identify(src) by extension 'colcon_meta'
[0.166s] Level 1:colcon.colcon_core.package_identification:_identify(src) by extensions ['ros']
[0.166s] Level 1:colcon.colcon_core.package_identification:_identify(src) by extension 'ros'
[0.167s] Level 1:colcon.colcon_core.package_identification:_identify(src) by extensions ['cmake', 'python']
[0.167s] Level 1:colcon.colcon_core.package_identification:_identify(src) by extension 'cmake'
[0.167s] Level 1:colcon.colcon_core.package_identification:_identify(src) by extension 'python'
[0.167s] Level 1:colcon.colcon_core.package_identification:_identify(src) by extensions ['python_setup_py']
[0.167s] Level 1:colcon.colcon_core.package_identification:_identify(src) by extension 'python_setup_py'
[0.167s] Level 1:colcon.colcon_core.package_identification:_identify(src/feetech_lib) by extensions ['ignore', 'ignore_ament_install']
[0.167s] Level 1:colcon.colcon_core.package_identification:_identify(src/feetech_lib) by extension 'ignore'
[0.167s] Level 1:colcon.colcon_core.package_identification:_identify(src/feetech_lib) by extension 'ignore_ament_install'
[0.167s] Level 1:colcon.colcon_core.package_identification:_identify(src/feetech_lib) by extensions ['colcon_pkg']
[0.167s] Level 1:colcon.colcon_core.package_identification:_identify(src/feetech_lib) by extension 'colcon_pkg'
[0.167s] Level 1:colcon.colcon_core.package_identification:_identify(src/feetech_lib) by extensions ['colcon_meta']
[0.167s] Level 1:colcon.colcon_core.package_identification:_identify(src/feetech_lib) by extension 'colcon_meta'
[0.167s] Level 1:colcon.colcon_core.package_identification:_identify(src/feetech_lib) by extensions ['ros']
[0.167s] Level 1:colcon.colcon_core.package_identification:_identify(src/feetech_lib) by extension 'ros'
[0.169s] DEBUG:colcon.colcon_core.package_identification:Package 'src/feetech_lib' with type 'ros.ament_cmake' and name 'feetech_lib'
[0.169s] Level 1:colcon.colcon_core.package_identification:_identify(src/rx1) by extensions ['ignore', 'ignore_ament_install']
[0.169s] Level 1:colcon.colcon_core.package_identification:_identify(src/rx1) by extension 'ignore'
[0.169s] Level 1:colcon.colcon_core.package_identification:_identify(src/rx1) by extension 'ignore_ament_install'
[0.169s] Level 1:colcon.colcon_core.package_identification:_identify(src/rx1) by extensions ['colcon_pkg']
[0.169s] Level 1:colcon.colcon_core.package_identification:_identify(src/rx1) by extension 'colcon_pkg'
[0.169s] Level 1:colcon.colcon_core.package_identification:_identify(src/rx1) by extensions ['colcon_meta']
[0.169s] Level 1:colcon.colcon_core.package_identification:_identify(src/rx1) by extension 'colcon_meta'
[0.169s] Level 1:colcon.colcon_core.package_identification:_identify(src/rx1) by extensions ['ros']
[0.170s] Level 1:colcon.colcon_core.package_identification:_identify(src/rx1) by extension 'ros'
[0.170s] Level 1:colcon.colcon_core.package_identification:_identify(src/rx1) by extensions ['cmake', 'python']
[0.170s] Level 1:colcon.colcon_core.package_identification:_identify(src/rx1) by extension 'cmake'
[0.170s] Level 1:colcon.colcon_core.package_identification:_identify(src/rx1) by extension 'python'
[0.170s] Level 1:colcon.colcon_core.package_identification:_identify(src/rx1) by extensions ['python_setup_py']
[0.170s] Level 1:colcon.colcon_core.package_identification:_identify(src/rx1) by extension 'python_setup_py'
[0.170s] Level 1:colcon.colcon_core.package_identification:_identify(src/rx1/media) by extensions ['ignore', 'ignore_ament_install']
[0.170s] Level 1:colcon.colcon_core.package_identification:_identify(src/rx1/media) by extension 'ignore'
[0.170s] Level 1:colcon.colcon_core.package_identification:_identify(src/rx1/media) by extension 'ignore_ament_install'
[0.170s] Level 1:colcon.colcon_core.package_identification:_identify(src/rx1/media) by extensions ['colcon_pkg']
[0.170s] Level 1:colcon.colcon_core.package_identification:_identify(src/rx1/media) by extension 'colcon_pkg'
[0.170s] Level 1:colcon.colcon_core.package_identification:_identify(src/rx1/media) by extensions ['colcon_meta']
[0.170s] Level 1:colcon.colcon_core.package_identification:_identify(src/rx1/media) by extension 'colcon_meta'
[0.170s] Level 1:colcon.colcon_core.package_identification:_identify(src/rx1/media) by extensions ['ros']
[0.170s] Level 1:colcon.colcon_core.package_identification:_identify(src/rx1/media) by extension 'ros'
[0.170s] Level 1:colcon.colcon_core.package_identification:_identify(src/rx1/media) by extensions ['cmake', 'python']
[0.170s] Level 1:colcon.colcon_core.package_identification:_identify(src/rx1/media) by extension 'cmake'
[0.170s] Level 1:colcon.colcon_core.package_identification:_identify(src/rx1/media) by extension 'python'
[0.170s] Level 1:colcon.colcon_core.package_identification:_identify(src/rx1/media) by extensions ['python_setup_py']
[0.170s] Level 1:colcon.colcon_core.package_identification:_identify(src/rx1/media) by extension 'python_setup_py'
[0.170s] Level 1:colcon.colcon_core.package_identification:_identify(src/rx1/rx1) by extensions ['ignore', 'ignore_ament_install']
[0.170s] Level 1:colcon.colcon_core.package_identification:_identify(src/rx1/rx1) by extension 'ignore'
[0.171s] Level 1:colcon.colcon_core.package_identification:_identify(src/rx1/rx1) by extension 'ignore_ament_install'
[0.171s] Level 1:colcon.colcon_core.package_identification:_identify(src/rx1/rx1) by extensions ['colcon_pkg']
[0.171s] Level 1:colcon.colcon_core.package_identification:_identify(src/rx1/rx1) by extension 'colcon_pkg'
[0.171s] Level 1:colcon.colcon_core.package_identification:_identify(src/rx1/rx1) by extensions ['colcon_meta']
[0.171s] Level 1:colcon.colcon_core.package_identification:_identify(src/rx1/rx1) by extension 'colcon_meta'
[0.171s] Level 1:colcon.colcon_core.package_identification:_identify(src/rx1/rx1) by extensions ['ros']
[0.171s] Level 1:colcon.colcon_core.package_identification:_identify(src/rx1/rx1) by extension 'ros'
[0.171s] DEBUG:colcon.colcon_core.package_identification:Package 'src/rx1/rx1' with type 'ros.ament_cmake' and name 'rx1'
[0.171s] Level 1:colcon.colcon_core.package_identification:_identify(src/rx1/rx1_bringup) by extensions ['ignore', 'ignore_ament_install']
[0.171s] Level 1:colcon.colcon_core.package_identification:_identify(src/rx1/rx1_bringup) by extension 'ignore'
[0.171s] Level 1:colcon.colcon_core.package_identification:_identify(src/rx1/rx1_bringup) by extension 'ignore_ament_install'
[0.171s] Level 1:colcon.colcon_core.package_identification:_identify(src/rx1/rx1_bringup) by extensions ['colcon_pkg']
[0.171s] Level 1:colcon.colcon_core.package_identification:_identify(src/rx1/rx1_bringup) by extension 'colcon_pkg'
[0.171s] Level 1:colcon.colcon_core.package_identification:_identify(src/rx1/rx1_bringup) by extensions ['colcon_meta']
[0.171s] Level 1:colcon.colcon_core.package_identification:_identify(src/rx1/rx1_bringup) by extension 'colcon_meta'
[0.172s] Level 1:colcon.colcon_core.package_identification:_identify(src/rx1/rx1_bringup) by extensions ['ros']
[0.172s] Level 1:colcon.colcon_core.package_identification:_identify(src/rx1/rx1_bringup) by extension 'ros'
[0.172s] DEBUG:colcon.colcon_core.package_identification:Package 'src/rx1/rx1_bringup' with type 'ros.ament_cmake' and name 'rx1_bringup'
[0.172s] Level 1:colcon.colcon_core.package_identification:_identify(src/rx1/rx1_description) by extensions ['ignore', 'ignore_ament_install']
[0.172s] Level 1:colcon.colcon_core.package_identification:_identify(src/rx1/rx1_description) by extension 'ignore'
[0.172s] Level 1:colcon.colcon_core.package_identification:_identify(src/rx1/rx1_description) by extension 'ignore_ament_install'
[0.172s] Level 1:colcon.colcon_core.package_identification:_identify(src/rx1/rx1_description) by extensions ['colcon_pkg']
[0.172s] Level 1:colcon.colcon_core.package_identification:_identify(src/rx1/rx1_description) by extension 'colcon_pkg'
[0.172s] Level 1:colcon.colcon_core.package_identification:_identify(src/rx1/rx1_description) by extensions ['colcon_meta']
[0.172s] Level 1:colcon.colcon_core.package_identification:_identify(src/rx1/rx1_description) by extension 'colcon_meta'
[0.172s] Level 1:colcon.colcon_core.package_identification:_identify(src/rx1/rx1_description) by extensions ['ros']
[0.172s] Level 1:colcon.colcon_core.package_identification:_identify(src/rx1/rx1_description) by extension 'ros'
[0.173s] DEBUG:colcon.colcon_core.package_identification:Package 'src/rx1/rx1_description' with type 'ros.ament_cmake' and name 'rx1_description'
[0.173s] Level 1:colcon.colcon_core.package_identification:_identify(src/rx1/rx1_gazebo) by extensions ['ignore', 'ignore_ament_install']
[0.173s] Level 1:colcon.colcon_core.package_identification:_identify(src/rx1/rx1_gazebo) by extension 'ignore'
[0.173s] Level 1:colcon.colcon_core.package_identification:_identify(src/rx1/rx1_gazebo) by extension 'ignore_ament_install'
[0.173s] Level 1:colcon.colcon_core.package_identification:_identify(src/rx1/rx1_gazebo) by extensions ['colcon_pkg']
[0.173s] Level 1:colcon.colcon_core.package_identification:_identify(src/rx1/rx1_gazebo) by extension 'colcon_pkg'
[0.173s] Level 1:colcon.colcon_core.package_identification:_identify(src/rx1/rx1_gazebo) by extensions ['colcon_meta']
[0.173s] Level 1:colcon.colcon_core.package_identification:_identify(src/rx1/rx1_gazebo) by extension 'colcon_meta'
[0.173s] Level 1:colcon.colcon_core.package_identification:_identify(src/rx1/rx1_gazebo) by extensions ['ros']
[0.173s] Level 1:colcon.colcon_core.package_identification:_identify(src/rx1/rx1_gazebo) by extension 'ros'
[0.174s] DEBUG:colcon.colcon_core.package_identification:Package 'src/rx1/rx1_gazebo' with type 'ros.ament_cmake' and name 'rx1_gazebo'
[0.174s] Level 1:colcon.colcon_core.package_identification:_identify(src/rx1/rx1_ik) by extensions ['ignore', 'ignore_ament_install']
[0.174s] Level 1:colcon.colcon_core.package_identification:_identify(src/rx1/rx1_ik) by extension 'ignore'
[0.174s] Level 1:colcon.colcon_core.package_identification:_identify(src/rx1/rx1_ik) by extension 'ignore_ament_install'
[0.174s] Level 1:colcon.colcon_core.package_identification:_identify(src/rx1/rx1_ik) by extensions ['colcon_pkg']
[0.174s] Level 1:colcon.colcon_core.package_identification:_identify(src/rx1/rx1_ik) by extension 'colcon_pkg'
[0.174s] Level 1:colcon.colcon_core.package_identification:_identify(src/rx1/rx1_ik) by extensions ['colcon_meta']
[0.174s] Level 1:colcon.colcon_core.package_identification:_identify(src/rx1/rx1_ik) by extension 'colcon_meta'
[0.174s] Level 1:colcon.colcon_core.package_identification:_identify(src/rx1/rx1_ik) by extensions ['ros']
[0.174s] Level 1:colcon.colcon_core.package_identification:_identify(src/rx1/rx1_ik) by extension 'ros'
[0.175s] DEBUG:colcon.colcon_core.package_identification:Package 'src/rx1/rx1_ik' with type 'ros.ament_cmake' and name 'rx1_ik'
[0.175s] Level 1:colcon.colcon_core.package_identification:_identify(src/rx1/rx1_motor) by extensions ['ignore', 'ignore_ament_install']
[0.175s] Level 1:colcon.colcon_core.package_identification:_identify(src/rx1/rx1_motor) by extension 'ignore'
[0.175s] Level 1:colcon.colcon_core.package_identification:_identify(src/rx1/rx1_motor) by extension 'ignore_ament_install'
[0.175s] Level 1:colcon.colcon_core.package_identification:_identify(src/rx1/rx1_motor) by extensions ['colcon_pkg']
[0.175s] Level 1:colcon.colcon_core.package_identification:_identify(src/rx1/rx1_motor) by extension 'colcon_pkg'
[0.175s] Level 1:colcon.colcon_core.package_identification:_identify(src/rx1/rx1_motor) by extensions ['colcon_meta']
[0.176s] Level 1:colcon.colcon_core.package_identification:_identify(src/rx1/rx1_motor) by extension 'colcon_meta'
[0.176s] Level 1:colcon.colcon_core.package_identification:_identify(src/rx1/rx1_motor) by extensions ['ros']
[0.176s] Level 1:colcon.colcon_core.package_identification:_identify(src/rx1/rx1_motor) by extension 'ros'
[0.176s] DEBUG:colcon.colcon_core.package_identification:Package 'src/rx1/rx1_motor' with type 'ros.ament_cmake' and name 'rx1_motor'
[0.176s] Level 1:colcon.colcon_core.package_identification:_identify(src/rx1/rx1_motor_lib) by extensions ['ignore', 'ignore_ament_install']
[0.176s] Level 1:colcon.colcon_core.package_identification:_identify(src/rx1/rx1_motor_lib) by extension 'ignore'
[0.176s] Level 1:colcon.colcon_core.package_identification:_identify(src/rx1/rx1_motor_lib) by extension 'ignore_ament_install'
[0.176s] Level 1:colcon.colcon_core.package_identification:_identify(src/rx1/rx1_motor_lib) by extensions ['colcon_pkg']
[0.176s] Level 1:colcon.colcon_core.package_identification:_identify(src/rx1/rx1_motor_lib) by extension 'colcon_pkg'
[0.176s] Level 1:colcon.colcon_core.package_identification:_identify(src/rx1/rx1_motor_lib) by extensions ['colcon_meta']
[0.176s] Level 1:colcon.colcon_core.package_identification:_identify(src/rx1/rx1_motor_lib) by extension 'colcon_meta'
[0.177s] Level 1:colcon.colcon_core.package_identification:_identify(src/rx1/rx1_motor_lib) by extensions ['ros']
[0.177s] Level 1:colcon.colcon_core.package_identification:_identify(src/rx1/rx1_motor_lib) by extension 'ros'
[0.177s] DEBUG:colcon.colcon_core.package_identification:Package 'src/rx1/rx1_motor_lib' with type 'ros.ament_cmake' and name 'rx1_motor_lib'
[0.177s] Level 1:colcon.colcon_core.package_identification:_identify(src/rx1/rx1_moveit_config) by extensions ['ignore', 'ignore_ament_install']
[0.177s] Level 1:colcon.colcon_core.package_identification:_identify(src/rx1/rx1_moveit_config) by extension 'ignore'
[0.177s] Level 1:colcon.colcon_core.package_identification:_identify(src/rx1/rx1_moveit_config) by extension 'ignore_ament_install'
[0.177s] Level 1:colcon.colcon_core.package_identification:_identify(src/rx1/rx1_moveit_config) by extensions ['colcon_pkg']
[0.177s] Level 1:colcon.colcon_core.package_identification:_identify(src/rx1/rx1_moveit_config) by extension 'colcon_pkg'
[0.177s] Level 1:colcon.colcon_core.package_identification:_identify(src/rx1/rx1_moveit_config) by extensions ['colcon_meta']
[0.177s] Level 1:colcon.colcon_core.package_identification:_identify(src/rx1/rx1_moveit_config) by extension 'colcon_meta'
[0.177s] Level 1:colcon.colcon_core.package_identification:_identify(src/rx1/rx1_moveit_config) by extensions ['ros']
[0.177s] Level 1:colcon.colcon_core.package_identification:_identify(src/rx1/rx1_moveit_config) by extension 'ros'
[0.178s] DEBUG:colcon.colcon_core.package_identification:Package 'src/rx1/rx1_moveit_config' with type 'ros.ament_cmake' and name 'rx1_moveit_config'
[0.178s] Level 1:colcon.colcon_core.package_discovery:discover_packages(recursive) using defaults
[0.178s] Level 1:colcon.colcon_core.package_discovery:discover_packages(ignore) discover
[0.178s] Level 1:colcon.colcon_core.package_discovery:discover_packages(ignore) using defaults
[0.178s] Level 1:colcon.colcon_core.package_discovery:discover_packages(path) discover
[0.178s] Level 1:colcon.colcon_core.package_discovery:discover_packages(path) using defaults
[0.194s] INFO:colcon.colcon_core.package_selection:Skipping not selected package 'rx1_description' in 'src/rx1/rx1_description'
[0.194s] INFO:colcon.colcon_core.package_selection:Skipping not selected package 'rx1_ik' in 'src/rx1/rx1_ik'
[0.194s] INFO:colcon.colcon_core.package_selection:Skipping not selected package 'rx1_gazebo' in 'src/rx1/rx1_gazebo'
[0.194s] INFO:colcon.colcon_core.package_selection:Skipping not selected package 'rx1_motor' in 'src/rx1/rx1_motor'
[0.194s] INFO:colcon.colcon_core.package_selection:Skipping not selected package 'rx1_motor_lib' in 'src/rx1/rx1_motor_lib'
[0.194s] INFO:colcon.colcon_core.package_selection:Skipping not selected package 'rx1_moveit_config' in 'src/rx1/rx1_moveit_config'
[0.194s] INFO:colcon.colcon_core.package_selection:Skipping not selected package 'rx1_bringup' in 'src/rx1/rx1_bringup'
[0.194s] INFO:colcon.colcon_core.package_selection:Skipping not selected package 'rx1' in 'src/rx1/rx1'
[0.195s] Level 1:colcon.colcon_core.package_discovery:discover_packages(prefix_path) check parameters
[0.195s] Level 1:colcon.colcon_core.package_discovery:discover_packages(prefix_path) discover
[0.199s] DEBUG:colcon.colcon_installed_package_information.package_discovery:Found 494 installed packages in /opt/ros/jazzy
[0.200s] Level 1:colcon.colcon_core.package_discovery:discover_packages(prefix_path) using defaults
[0.272s] Level 5:colcon.colcon_core.verb:set package 'feetech_lib' build argument 'cmake_args' from command line to 'None'
[0.272s] Level 5:colcon.colcon_core.verb:set package 'feetech_lib' build argument 'cmake_target' from command line to 'None'
[0.272s] Level 5:colcon.colcon_core.verb:set package 'feetech_lib' build argument 'cmake_target_skip_unavailable' from command line to 'False'
[0.272s] Level 5:colcon.colcon_core.verb:set package 'feetech_lib' build argument 'cmake_clean_cache' from command line to 'False'
[0.272s] Level 5:colcon.colcon_core.verb:set package 'feetech_lib' build argument 'cmake_clean_first' from command line to 'False'
[0.272s] Level 5:colcon.colcon_core.verb:set package 'feetech_lib' build argument 'cmake_force_configure' from command line to 'False'
[0.272s] Level 5:colcon.colcon_core.verb:set package 'feetech_lib' build argument 'ament_cmake_args' from command line to 'None'
[0.272s] Level 5:colcon.colcon_core.verb:set package 'feetech_lib' build argument 'catkin_cmake_args' from command line to 'None'
[0.272s] Level 5:colcon.colcon_core.verb:set package 'feetech_lib' build argument 'catkin_skip_building_tests' from command line to 'False'
[0.272s] DEBUG:colcon.colcon_core.verb:Building package 'feetech_lib' with the following arguments: {'ament_cmake_args': None, 'build_base': '/home/oguz/rx1/build/feetech_lib', 'catkin_cmake_args': None, 'catkin_skip_building_tests': False, 'cmake_args': None, 'cmake_clean_cache': False, 'cmake_clean_first': False, 'cmake_force_configure': False, 'cmake_target': None, 'cmake_target_skip_unavailable': False, 'install_base': '/home/oguz/rx1/install/feetech_lib', 'merge_install': False, 'path': '/home/oguz/rx1/src/feetech_lib', 'symlink_install': False, 'test_result_base': None}
[0.272s] INFO:colcon.colcon_core.executor:Executing jobs using 'parallel' executor
[0.274s] DEBUG:colcon.colcon_parallel_executor.executor.parallel:run_until_complete
[0.274s] INFO:colcon.colcon_ros.task.ament_cmake.build:Building ROS package in '/home/oguz/rx1/src/feetech_lib' with build type 'ament_cmake'
[0.274s] INFO:colcon.colcon_cmake.task.cmake.build:Building CMake package in '/home/oguz/rx1/src/feetech_lib'
[0.276s] INFO:colcon.colcon_core.plugin_system:Skipping extension 'colcon_core.shell.bat': Not used on non-Windows systems
[0.276s] INFO:colcon.colcon_core.shell:Skip shell extension 'powershell' for command environment: Not usable outside of PowerShell
[0.276s] DEBUG:colcon.colcon_core.shell:Skip shell extension 'dsv' for command environment
[0.289s] DEBUG:colcon.colcon_core.event_handler.log_command:Invoking command in '/home/oguz/rx1/build/feetech_lib': CMAKE_PREFIX_PATH=${CMAKE_PREFIX_PATH}:/opt/ros/jazzy DEBUGINFOD_URLS=https://debuginfod.ubuntu.com /usr/bin/cmake --build /home/oguz/rx1/build/feetech_lib -- -j16 -l16
[1.088s] DEBUG:colcon.colcon_core.event_handler.log_command:Invoked command in '/home/oguz/rx1/build/feetech_lib' returned '0': CMAKE_PREFIX_PATH=${CMAKE_PREFIX_PATH}:/opt/ros/jazzy DEBUGINFOD_URLS=https://debuginfod.ubuntu.com /usr/bin/cmake --build /home/oguz/rx1/build/feetech_lib -- -j16 -l16
[1.114s] DEBUG:colcon.colcon_core.event_handler.log_command:Invoking command in '/home/oguz/rx1/build/feetech_lib': CMAKE_PREFIX_PATH=${CMAKE_PREFIX_PATH}:/opt/ros/jazzy DEBUGINFOD_URLS=https://debuginfod.ubuntu.com /usr/bin/cmake --install /home/oguz/rx1/build/feetech_lib
[1.144s] Level 1:colcon.colcon_core.environment:create_environment_scripts_only(feetech_lib)
[1.145s] DEBUG:colcon.colcon_core.event_handler.log_command:Invoked command in '/home/oguz/rx1/build/feetech_lib' returned '0': CMAKE_PREFIX_PATH=${CMAKE_PREFIX_PATH}:/opt/ros/jazzy DEBUGINFOD_URLS=https://debuginfod.ubuntu.com /usr/bin/cmake --install /home/oguz/rx1/build/feetech_lib
[1.148s] Level 1:colcon.colcon_core.environment:checking '/home/oguz/rx1/install/feetech_lib' for CMake module files
[1.149s] Level 1:colcon.colcon_core.environment:checking '/home/oguz/rx1/install/feetech_lib' for CMake config files
[1.149s] Level 1:colcon.colcon_core.shell:create_environment_hook('feetech_lib', 'cmake_prefix_path')
[1.150s] INFO:colcon.colcon_core.shell:Creating environment hook '/home/oguz/rx1/install/feetech_lib/share/feetech_lib/hook/cmake_prefix_path.ps1'
[1.150s] INFO:colcon.colcon_core.shell:Creating environment descriptor '/home/oguz/rx1/install/feetech_lib/share/feetech_lib/hook/cmake_prefix_path.dsv'
[1.151s] INFO:colcon.colcon_core.shell:Creating environment hook '/home/oguz/rx1/install/feetech_lib/share/feetech_lib/hook/cmake_prefix_path.sh'
[1.152s] Level 1:colcon.colcon_core.environment:checking '/home/oguz/rx1/install/feetech_lib/lib'
[1.152s] Level 1:colcon.colcon_core.environment:checking '/home/oguz/rx1/install/feetech_lib/bin'
[1.152s] Level 1:colcon.colcon_core.environment:checking '/home/oguz/rx1/install/feetech_lib/lib/pkgconfig/feetech_lib.pc'
[1.152s] Level 1:colcon.colcon_core.environment:checking '/home/oguz/rx1/install/feetech_lib/lib/python3.12/site-packages'
[1.153s] Level 1:colcon.colcon_core.environment:checking '/home/oguz/rx1/install/feetech_lib/bin'
[1.153s] INFO:colcon.colcon_core.shell:Creating package script '/home/oguz/rx1/install/feetech_lib/share/feetech_lib/package.ps1'
[1.154s] INFO:colcon.colcon_core.shell:Creating package descriptor '/home/oguz/rx1/install/feetech_lib/share/feetech_lib/package.dsv'
[1.154s] INFO:colcon.colcon_core.shell:Creating package script '/home/oguz/rx1/install/feetech_lib/share/feetech_lib/package.sh'
[1.154s] INFO:colcon.colcon_core.shell:Creating package script '/home/oguz/rx1/install/feetech_lib/share/feetech_lib/package.bash'
[1.155s] INFO:colcon.colcon_core.shell:Creating package script '/home/oguz/rx1/install/feetech_lib/share/feetech_lib/package.zsh'
[1.155s] Level 1:colcon.colcon_core.environment:create_file_with_runtime_dependencies(/home/oguz/rx1/install/feetech_lib/share/colcon-core/packages/feetech_lib)
[1.156s] Level 1:colcon.colcon_core.environment:create_environment_scripts_only(feetech_lib)
[1.156s] Level 1:colcon.colcon_core.environment:checking '/home/oguz/rx1/install/feetech_lib' for CMake module files
[1.156s] Level 1:colcon.colcon_core.environment:checking '/home/oguz/rx1/install/feetech_lib' for CMake config files
[1.157s] Level 1:colcon.colcon_core.shell:create_environment_hook('feetech_lib', 'cmake_prefix_path')
[1.157s] INFO:colcon.colcon_core.shell:Creating environment hook '/home/oguz/rx1/install/feetech_lib/share/feetech_lib/hook/cmake_prefix_path.ps1'
[1.157s] INFO:colcon.colcon_core.shell:Creating environment descriptor '/home/oguz/rx1/install/feetech_lib/share/feetech_lib/hook/cmake_prefix_path.dsv'
[1.158s] INFO:colcon.colcon_core.shell:Creating environment hook '/home/oguz/rx1/install/feetech_lib/share/feetech_lib/hook/cmake_prefix_path.sh'
[1.158s] Level 1:colcon.colcon_core.environment:checking '/home/oguz/rx1/install/feetech_lib/lib'
[1.158s] Level 1:colcon.colcon_core.environment:checking '/home/oguz/rx1/install/feetech_lib/bin'
[1.158s] Level 1:colcon.colcon_core.environment:checking '/home/oguz/rx1/install/feetech_lib/lib/pkgconfig/feetech_lib.pc'
[1.159s] Level 1:colcon.colcon_core.environment:checking '/home/oguz/rx1/install/feetech_lib/lib/python3.12/site-packages'
[1.159s] Level 1:colcon.colcon_core.environment:checking '/home/oguz/rx1/install/feetech_lib/bin'
[1.159s] INFO:colcon.colcon_core.shell:Creating package script '/home/oguz/rx1/install/feetech_lib/share/feetech_lib/package.ps1'
[1.160s] INFO:colcon.colcon_core.shell:Creating package descriptor '/home/oguz/rx1/install/feetech_lib/share/feetech_lib/package.dsv'
[1.160s] INFO:colcon.colcon_core.shell:Creating package script '/home/oguz/rx1/install/feetech_lib/share/feetech_lib/package.sh'
[1.160s] INFO:colcon.colcon_core.shell:Creating package script '/home/oguz/rx1/install/feetech_lib/share/feetech_lib/package.bash'
[1.161s] INFO:colcon.colcon_core.shell:Creating package script '/home/oguz/rx1/install/feetech_lib/share/feetech_lib/package.zsh'
[1.161s] Level 1:colcon.colcon_core.environment:create_file_with_runtime_dependencies(/home/oguz/rx1/install/feetech_lib/share/colcon-core/packages/feetech_lib)
[1.161s] DEBUG:colcon.colcon_parallel_executor.executor.parallel:closing loop
[1.162s] DEBUG:colcon.colcon_parallel_executor.executor.parallel:loop closed
[1.162s] DEBUG:colcon.colcon_parallel_executor.executor.parallel:run_until_complete finished with '0'
[1.162s] DEBUG:colcon.colcon_core.event_reactor:joining thread
[1.172s] INFO:colcon.colcon_core.plugin_system:Skipping extension 'colcon_notification.desktop_notification.terminal_notifier': Not used on non-Darwin systems
[1.172s] INFO:colcon.colcon_core.plugin_system:Skipping extension 'colcon_notification.desktop_notification.win32': Not used on non-Windows systems
[1.172s] INFO:colcon.colcon_notification.desktop_notification:Sending desktop notification using 'notify2'
[1.173s] DEBUG:colcon.colcon_notification.desktop_notification.notify2:Failed to initialize notify2: org.freedesktop.DBus.Error.AccessDenied: Failed to connect to socket /run/user/1000/bus: Operation not permitted
[1.173s] DEBUG:colcon.colcon_core.event_reactor:joined thread
[1.173s] INFO:colcon.colcon_core.shell:Creating prefix script '/home/oguz/rx1/install/local_setup.ps1'
[1.174s] INFO:colcon.colcon_core.shell:Creating prefix util module '/home/oguz/rx1/install/_local_setup_util_ps1.py'
[1.175s] INFO:colcon.colcon_core.shell:Creating prefix chain script '/home/oguz/rx1/install/setup.ps1'
[1.176s] INFO:colcon.colcon_core.shell:Creating prefix script '/home/oguz/rx1/install/local_setup.sh'
[1.176s] INFO:colcon.colcon_core.shell:Creating prefix util module '/home/oguz/rx1/install/_local_setup_util_sh.py'
[1.177s] INFO:colcon.colcon_core.shell:Creating prefix chain script '/home/oguz/rx1/install/setup.sh'
[1.177s] INFO:colcon.colcon_core.shell:Creating prefix script '/home/oguz/rx1/install/local_setup.bash'
[1.178s] INFO:colcon.colcon_core.shell:Creating prefix chain script '/home/oguz/rx1/install/setup.bash'
[1.178s] INFO:colcon.colcon_core.shell:Creating prefix script '/home/oguz/rx1/install/local_setup.zsh'
[1.179s] INFO:colcon.colcon_core.shell:Creating prefix chain script '/home/oguz/rx1/install/setup.zsh'
