[0.019s] Invoking command in '/home/oguz/rx1/build/rx1_moveit_config': AMENT_PREFIX_PATH=/home/oguz/rx1/install/rx1_description:${AMENT_PREFIX_PATH} CMAKE_PREFIX_PATH=/home/oguz/rx1/install/rx1_description:/opt/ros/jazzy/opt/gz_sim_vendor:/opt/ros/jazzy/opt/gz_sensors_vendor:/opt/ros/jazzy/opt/gz_physics_vendor:/opt/ros/jazzy/opt/sdformat_vendor:/opt/ros/jazzy/opt/gz_gui_vendor:/opt/ros/jazzy/opt/gz_transport_vendor:/opt/ros/jazzy/opt/gz_rendering_vendor:/opt/ros/jazzy/opt/gz_plugin_vendor:/opt/ros/jazzy/opt/gz_fuel_tools_vendor:/opt/ros/jazzy/opt/gz_msgs_vendor:/opt/ros/jazzy/opt/gz_common_vendor:/opt/ros/jazzy/opt/gz_math_vendor:/opt/ros/jazzy/opt/gz_utils_vendor:/opt/ros/jazzy/opt/gz_tools_vendor:/opt/ros/jazzy/opt/gz_ogre_next_vendor:/opt/ros/jazzy/opt/gz_dartsim_vendor:/opt/ros/jazzy/opt/gz_cmake_vendor:/opt/ros/jazzy DEBUGINFOD_URLS=https://debuginfod.ubuntu.com /usr/bin/cmake --build /home/oguz/rx1/build/rx1_moveit_config -- -j16 -l16
[0.103s] Invoked command in '/home/oguz/rx1/build/rx1_moveit_config' returned '0': AMENT_PREFIX_PATH=/home/oguz/rx1/install/rx1_description:${AMENT_PREFIX_PATH} CMAKE_PREFIX_PATH=/home/oguz/rx1/install/rx1_description:/opt/ros/jazzy/opt/gz_sim_vendor:/opt/ros/jazzy/opt/gz_sensors_vendor:/opt/ros/jazzy/opt/gz_physics_vendor:/opt/ros/jazzy/opt/sdformat_vendor:/opt/ros/jazzy/opt/gz_gui_vendor:/opt/ros/jazzy/opt/gz_transport_vendor:/opt/ros/jazzy/opt/gz_rendering_vendor:/opt/ros/jazzy/opt/gz_plugin_vendor:/opt/ros/jazzy/opt/gz_fuel_tools_vendor:/opt/ros/jazzy/opt/gz_msgs_vendor:/opt/ros/jazzy/opt/gz_common_vendor:/opt/ros/jazzy/opt/gz_math_vendor:/opt/ros/jazzy/opt/gz_utils_vendor:/opt/ros/jazzy/opt/gz_tools_vendor:/opt/ros/jazzy/opt/gz_ogre_next_vendor:/opt/ros/jazzy/opt/gz_dartsim_vendor:/opt/ros/jazzy/opt/gz_cmake_vendor:/opt/ros/jazzy DEBUGINFOD_URLS=https://debuginfod.ubuntu.com /usr/bin/cmake --build /home/oguz/rx1/build/rx1_moveit_config -- -j16 -l16
[0.118s] Invoking command in '/home/oguz/rx1/build/rx1_moveit_config': AMENT_PREFIX_PATH=/home/oguz/rx1/install/rx1_description:${AMENT_PREFIX_PATH} CMAKE_PREFIX_PATH=/home/oguz/rx1/install/rx1_description:/opt/ros/jazzy/opt/gz_sim_vendor:/opt/ros/jazzy/opt/gz_sensors_vendor:/opt/ros/jazzy/opt/gz_physics_vendor:/opt/ros/jazzy/opt/sdformat_vendor:/opt/ros/jazzy/opt/gz_gui_vendor:/opt/ros/jazzy/opt/gz_transport_vendor:/opt/ros/jazzy/opt/gz_rendering_vendor:/opt/ros/jazzy/opt/gz_plugin_vendor:/opt/ros/jazzy/opt/gz_fuel_tools_vendor:/opt/ros/jazzy/opt/gz_msgs_vendor:/opt/ros/jazzy/opt/gz_common_vendor:/opt/ros/jazzy/opt/gz_math_vendor:/opt/ros/jazzy/opt/gz_utils_vendor:/opt/ros/jazzy/opt/gz_tools_vendor:/opt/ros/jazzy/opt/gz_ogre_next_vendor:/opt/ros/jazzy/opt/gz_dartsim_vendor:/opt/ros/jazzy/opt/gz_cmake_vendor:/opt/ros/jazzy DEBUGINFOD_URLS=https://debuginfod.ubuntu.com /usr/bin/cmake --install /home/oguz/rx1/build/rx1_moveit_config
[0.138s] -- Install configuration: ""
[0.138s] -- Up-to-date: /home/oguz/rx1/install/rx1_moveit_config/share/rx1_moveit_config/config
[0.139s] -- Up-to-date: /home/oguz/rx1/install/rx1_moveit_config/share/rx1_moveit_config/config/ompl_planning.yaml
[0.139s] -- Up-to-date: /home/oguz/rx1/install/rx1_moveit_config/share/rx1_moveit_config/config/kinematics.yaml
[0.140s] -- Up-to-date: /home/oguz/rx1/install/rx1_moveit_config/share/rx1_moveit_config/config/joint_limits.yaml
[0.140s] -- Up-to-date: /home/oguz/rx1/install/rx1_moveit_config/share/rx1_moveit_config/config/moveit_controllers.yaml
[0.140s] -- Up-to-date: /home/oguz/rx1/install/rx1_moveit_config/share/rx1_moveit_config/config/rx1.srdf
[0.141s] -- Up-to-date: /home/oguz/rx1/install/rx1_moveit_config/share/rx1_moveit_config/launch
[0.141s] -- Installing: /home/oguz/rx1/install/rx1_moveit_config/share/rx1_moveit_config/launch/demo.launch.py
[0.141s] -- Up-to-date: /home/oguz/rx1/install/rx1_moveit_config/share/rx1_moveit_config/launch/__pycache__
[0.141s] -- Installing: /home/oguz/rx1/install/rx1_moveit_config/share/rx1_moveit_config/launch/__pycache__/demo.launch.cpython-312.pyc
[0.142s] -- Up-to-date: /home/oguz/rx1/install/rx1_moveit_config/share/ament_index/resource_index/package_run_dependencies/rx1_moveit_config
[0.142s] -- Up-to-date: /home/oguz/rx1/install/rx1_moveit_config/share/ament_index/resource_index/parent_prefix_path/rx1_moveit_config
[0.143s] -- Up-to-date: /home/oguz/rx1/install/rx1_moveit_config/share/rx1_moveit_config/environment/ament_prefix_path.sh
[0.143s] -- Up-to-date: /home/oguz/rx1/install/rx1_moveit_config/share/rx1_moveit_config/environment/ament_prefix_path.dsv
[0.144s] -- Up-to-date: /home/oguz/rx1/install/rx1_moveit_config/share/rx1_moveit_config/environment/path.sh
[0.145s] -- Up-to-date: /home/oguz/rx1/install/rx1_moveit_config/share/rx1_moveit_config/environment/path.dsv
[0.145s] -- Up-to-date: /home/oguz/rx1/install/rx1_moveit_config/share/rx1_moveit_config/local_setup.bash
[0.146s] -- Up-to-date: /home/oguz/rx1/install/rx1_moveit_config/share/rx1_moveit_config/local_setup.sh
[0.146s] -- Up-to-date: /home/oguz/rx1/install/rx1_moveit_config/share/rx1_moveit_config/local_setup.zsh
[0.147s] -- Up-to-date: /home/oguz/rx1/install/rx1_moveit_config/share/rx1_moveit_config/local_setup.dsv
[0.147s] -- Installing: /home/oguz/rx1/install/rx1_moveit_config/share/rx1_moveit_config/package.dsv
[0.148s] -- Up-to-date: /home/oguz/rx1/install/rx1_moveit_config/share/ament_index/resource_index/packages/rx1_moveit_config
[0.149s] -- Up-to-date: /home/oguz/rx1/install/rx1_moveit_config/share/rx1_moveit_config/cmake/rx1_moveit_configConfig.cmake
[0.149s] -- Up-to-date: /home/oguz/rx1/install/rx1_moveit_config/share/rx1_moveit_config/cmake/rx1_moveit_configConfig-version.cmake
[0.150s] -- Up-to-date: /home/oguz/rx1/install/rx1_moveit_config/share/rx1_moveit_config/package.xml
[0.150s] Invoked command in '/home/oguz/rx1/build/rx1_moveit_config' returned '0': AMENT_PREFIX_PATH=/home/oguz/rx1/install/rx1_description:${AMENT_PREFIX_PATH} CMAKE_PREFIX_PATH=/home/oguz/rx1/install/rx1_description:/opt/ros/jazzy/opt/gz_sim_vendor:/opt/ros/jazzy/opt/gz_sensors_vendor:/opt/ros/jazzy/opt/gz_physics_vendor:/opt/ros/jazzy/opt/sdformat_vendor:/opt/ros/jazzy/opt/gz_gui_vendor:/opt/ros/jazzy/opt/gz_transport_vendor:/opt/ros/jazzy/opt/gz_rendering_vendor:/opt/ros/jazzy/opt/gz_plugin_vendor:/opt/ros/jazzy/opt/gz_fuel_tools_vendor:/opt/ros/jazzy/opt/gz_msgs_vendor:/opt/ros/jazzy/opt/gz_common_vendor:/opt/ros/jazzy/opt/gz_math_vendor:/opt/ros/jazzy/opt/gz_utils_vendor:/opt/ros/jazzy/opt/gz_tools_vendor:/opt/ros/jazzy/opt/gz_ogre_next_vendor:/opt/ros/jazzy/opt/gz_dartsim_vendor:/opt/ros/jazzy/opt/gz_cmake_vendor:/opt/ros/jazzy DEBUGINFOD_URLS=https://debuginfod.ubuntu.com /usr/bin/cmake --install /home/oguz/rx1/build/rx1_moveit_config
