[0.012s] Invoking command in '/home/oguz/rx1/build/rx1_ik': CMAKE_PREFIX_PATH=${CMAKE_PREFIX_PATH}:/opt/ros/jazzy DEBUGINFOD_URLS=https://debuginfod.ubuntu.com /usr/bin/cmake /home/oguz/rx1/src/rx1/rx1_ik -DCMAKE_INSTALL_PREFIX=/home/oguz/rx1/install/rx1_ik
[0.091s] -- The C compiler identification is GNU 13.3.0
[0.161s] -- The CXX compiler identification is GNU 13.3.0
[0.182s] -- Detecting C compiler ABI info
[0.298s] -- Detecting C compiler ABI info - done
[0.308s] -- Check for working C compiler: /usr/bin/cc - skipped
[0.308s] -- Detecting C compile features
[0.308s] -- Detecting C compile features - done
[0.319s] -- Detecting CXX compiler ABI info
[0.468s] -- Detecting CXX compiler ABI info - done
[0.479s] -- Check for working CXX compiler: /usr/bin/c++ - skipped
[0.479s] -- Detecting CXX compile features
[0.479s] -- Detecting CXX compile features - done
[0.486s] -- Found ament_cmake: 2.5.5 (/opt/ros/jazzy/share/ament_cmake/cmake)
[0.744s] -- Found Python3: /usr/bin/python3 (found version "3.12.3") found components: Interpreter 
[0.920s] -- Found geometry_msgs: 5.3.6 (/opt/ros/jazzy/share/geometry_msgs/cmake)
[1.014s] -- Found rosidl_generator_c: 4.6.7 (/opt/ros/jazzy/share/rosidl_generator_c/cmake)
[1.042s] -- Found rosidl_generator_cpp: 4.6.7 (/opt/ros/jazzy/share/rosidl_generator_cpp/cmake)
[1.073s] -- Using all available rosidl_typesupport_c: rosidl_typesupport_fastrtps_c;rosidl_typesupport_introspection_c
[1.108s] -- Using all available rosidl_typesupport_cpp: rosidl_typesupport_fastrtps_cpp;rosidl_typesupport_introspection_cpp
[1.182s] -- Found interactive_markers: 2.5.5 (/opt/ros/jazzy/share/interactive_markers/cmake)
[1.287s] -- Found rmw_implementation_cmake: 7.3.3 (/opt/ros/jazzy/share/rmw_implementation_cmake/cmake)
[1.294s] -- Found rmw_fastrtps_cpp: 8.4.3 (/opt/ros/jazzy/share/rmw_fastrtps_cpp/cmake)
[1.435s] -- Found OpenSSL: /usr/lib/x86_64-linux-gnu/libcrypto.so (found version "3.0.13")  
[1.462s] -- Found FastRTPS: /opt/ros/jazzy/include (Required is at least version "2.13") 
[1.491s] -- Using RMW implementation 'rmw_fastrtps_cpp' as default
[1.682s] -- Found kdl_parser: 2.11.0 (/opt/ros/jazzy/share/kdl_parser/cmake)
[1.715s] -- Found eigen3_cmake_module: 0.3.0 (/opt/ros/jazzy/share/eigen3_cmake_module/cmake)
[1.717s] -- Found Eigen3: TRUE (found version "3.4.0") 
[1.717s] -- Ensuring Eigen3 include directory is part of orocos-kdl CMake target
[1.728s] -- Found pluginlib: 5.4.4 (/opt/ros/jazzy/share/pluginlib/cmake)
[1.765s] -- Found tf2_geometry_msgs: 0.36.19 (/opt/ros/jazzy/share/tf2_geometry_msgs/cmake)
[1.946s] -- Found tf2_kdl: 0.36.19 (/opt/ros/jazzy/share/tf2_kdl/cmake)
[1.970s] CMake Error at CMakeLists.txt:22 (find_package):
[1.970s]   By not providing "Findik_solver_lib.cmake" in CMAKE_MODULE_PATH this
[1.970s]   project has asked CMake to find a package configuration file provided by
[1.970s]   "ik_solver_lib", but CMake did not find one.
[1.970s] 
[1.971s]   Could not find a package configuration file provided by "ik_solver_lib"
[1.971s]   with any of the following names:
[1.971s] 
[1.971s]     ik_solver_libConfig.cmake
[1.971s]     ik_solver_lib-config.cmake
[1.971s] 
[1.971s]   Add the installation prefix of "ik_solver_lib" to CMAKE_PREFIX_PATH or set
[1.971s]   "ik_solver_lib_DIR" to a directory containing one of the above files.  If
[1.971s]   "ik_solver_lib" provides a separate development package or SDK, be sure it
[1.971s]   has been installed.
[1.971s] 
[1.972s] 
[1.972s] -- Configuring incomplete, errors occurred!
[1.982s] Invoked command in '/home/oguz/rx1/build/rx1_ik' returned '1': CMAKE_PREFIX_PATH=${CMAKE_PREFIX_PATH}:/opt/ros/jazzy DEBUGINFOD_URLS=https://debuginfod.ubuntu.com /usr/bin/cmake /home/oguz/rx1/src/rx1/rx1_ik -DCMAKE_INSTALL_PREFIX=/home/oguz/rx1/install/rx1_ik
