[0.103s] DEBUG:colcon:Command line arguments: ['/usr/bin/colcon', 'build', '--packages-select', 'rx1_moveit_config', '--event-handlers', 'console_direct+']
[0.103s] DEBUG:colcon:Parsed command line arguments: Namespace(log_base=None, log_level=None, verb_name='build', build_base='build', install_base='install', merge_install=False, symlink_install=False, test_result_base=None, continue_on_error=False, executor='parallel', parallel_workers=16, event_handlers=['console_direct+'], ignore_user_meta=False, metas=['./colcon.meta'], base_paths=['.'], packages_ignore=None, packages_ignore_regex=None, paths=None, packages_up_to=None, packages_up_to_regex=None, packages_above=None, packages_above_and_dependencies=None, packages_above_depth=None, packages_select_by_dep=None, packages_skip_by_dep=None, packages_skip_up_to=None, packages_select_build_failed=False, packages_skip_build_finished=False, packages_select_test_failures=False, packages_skip_test_passed=False, packages_select=['rx1_moveit_config'], packages_skip=None, packages_select_regex=None, packages_skip_regex=None, packages_start=None, packages_end=None, allow_overriding=[], cmake_args=None, cmake_target=None, cmake_target_skip_unavailable=False, cmake_clean_cache=False, cmake_clean_first=False, cmake_force_configure=False, ament_cmake_args=None, catkin_cmake_args=None, catkin_skip_building_tests=False, mixin_files=None, mixin=None, verb_parser=<colcon_mixin.mixin.mixin_argument.MixinArgumentDecorator object at 0x7ed3e30c0bf0>, verb_extension=<colcon_core.verb.build.BuildVerb object at 0x7ed3e304a9c0>, main=<bound method BuildVerb.main of <colcon_core.verb.build.BuildVerb object at 0x7ed3e304a9c0>>, mixin_verb=('build',))
[0.138s] Level 1:colcon.colcon_core.package_discovery:discover_packages(colcon_meta) check parameters
[0.138s] Level 1:colcon.colcon_core.package_discovery:discover_packages(recursive) check parameters
[0.138s] Level 1:colcon.colcon_core.package_discovery:discover_packages(ignore) check parameters
[0.138s] Level 1:colcon.colcon_core.package_discovery:discover_packages(path) check parameters
[0.138s] Level 1:colcon.colcon_core.package_discovery:discover_packages(colcon_meta) discover
[0.138s] Level 1:colcon.colcon_core.package_discovery:discover_packages(recursive) discover
[0.138s] INFO:colcon.colcon_core.package_discovery:Crawling recursively for packages in '/home/oguz/rx1'
[0.138s] Level 1:colcon.colcon_core.package_identification:_identify(.) by extensions ['ignore', 'ignore_ament_install']
[0.138s] Level 1:colcon.colcon_core.package_identification:_identify(.) by extension 'ignore'
[0.138s] Level 1:colcon.colcon_core.package_identification:_identify(.) by extension 'ignore_ament_install'
[0.138s] Level 1:colcon.colcon_core.package_identification:_identify(.) by extensions ['colcon_pkg']
[0.139s] Level 1:colcon.colcon_core.package_identification:_identify(.) by extension 'colcon_pkg'
[0.139s] Level 1:colcon.colcon_core.package_identification:_identify(.) by extensions ['colcon_meta']
[0.139s] Level 1:colcon.colcon_core.package_identification:_identify(.) by extension 'colcon_meta'
[0.139s] Level 1:colcon.colcon_core.package_identification:_identify(.) by extensions ['ros']
[0.139s] Level 1:colcon.colcon_core.package_identification:_identify(.) by extension 'ros'
[0.161s] Level 1:colcon.colcon_core.package_identification:_identify(.) by extensions ['cmake', 'python']
[0.161s] Level 1:colcon.colcon_core.package_identification:_identify(.) by extension 'cmake'
[0.161s] Level 1:colcon.colcon_core.package_identification:_identify(.) by extension 'python'
[0.161s] Level 1:colcon.colcon_core.package_identification:_identify(.) by extensions ['python_setup_py']
[0.161s] Level 1:colcon.colcon_core.package_identification:_identify(.) by extension 'python_setup_py'
[0.161s] Level 1:colcon.colcon_core.package_identification:_identify(build) by extensions ['ignore', 'ignore_ament_install']
[0.162s] Level 1:colcon.colcon_core.package_identification:_identify(build) by extension 'ignore'
[0.162s] Level 1:colcon.colcon_core.package_identification:_identify(build) ignored
[0.162s] Level 1:colcon.colcon_core.package_identification:_identify(install) by extensions ['ignore', 'ignore_ament_install']
[0.162s] Level 1:colcon.colcon_core.package_identification:_identify(install) by extension 'ignore'
[0.162s] Level 1:colcon.colcon_core.package_identification:_identify(install) ignored
[0.162s] Level 1:colcon.colcon_core.package_identification:_identify(log) by extensions ['ignore', 'ignore_ament_install']
[0.162s] Level 1:colcon.colcon_core.package_identification:_identify(log) by extension 'ignore'
[0.162s] Level 1:colcon.colcon_core.package_identification:_identify(log) ignored
[0.162s] Level 1:colcon.colcon_core.package_identification:_identify(src) by extensions ['ignore', 'ignore_ament_install']
[0.162s] Level 1:colcon.colcon_core.package_identification:_identify(src) by extension 'ignore'
[0.162s] Level 1:colcon.colcon_core.package_identification:_identify(src) by extension 'ignore_ament_install'
[0.162s] Level 1:colcon.colcon_core.package_identification:_identify(src) by extensions ['colcon_pkg']
[0.162s] Level 1:colcon.colcon_core.package_identification:_identify(src) by extension 'colcon_pkg'
[0.162s] Level 1:colcon.colcon_core.package_identification:_identify(src) by extensions ['colcon_meta']
[0.162s] Level 1:colcon.colcon_core.package_identification:_identify(src) by extension 'colcon_meta'
[0.162s] Level 1:colcon.colcon_core.package_identification:_identify(src) by extensions ['ros']
[0.162s] Level 1:colcon.colcon_core.package_identification:_identify(src) by extension 'ros'
[0.163s] Level 1:colcon.colcon_core.package_identification:_identify(src) by extensions ['cmake', 'python']
[0.163s] Level 1:colcon.colcon_core.package_identification:_identify(src) by extension 'cmake'
[0.163s] Level 1:colcon.colcon_core.package_identification:_identify(src) by extension 'python'
[0.163s] Level 1:colcon.colcon_core.package_identification:_identify(src) by extensions ['python_setup_py']
[0.163s] Level 1:colcon.colcon_core.package_identification:_identify(src) by extension 'python_setup_py'
[0.163s] Level 1:colcon.colcon_core.package_identification:_identify(src/rx1) by extensions ['ignore', 'ignore_ament_install']
[0.163s] Level 1:colcon.colcon_core.package_identification:_identify(src/rx1) by extension 'ignore'
[0.163s] Level 1:colcon.colcon_core.package_identification:_identify(src/rx1) by extension 'ignore_ament_install'
[0.163s] Level 1:colcon.colcon_core.package_identification:_identify(src/rx1) by extensions ['colcon_pkg']
[0.163s] Level 1:colcon.colcon_core.package_identification:_identify(src/rx1) by extension 'colcon_pkg'
[0.163s] Level 1:colcon.colcon_core.package_identification:_identify(src/rx1) by extensions ['colcon_meta']
[0.163s] Level 1:colcon.colcon_core.package_identification:_identify(src/rx1) by extension 'colcon_meta'
[0.163s] Level 1:colcon.colcon_core.package_identification:_identify(src/rx1) by extensions ['ros']
[0.163s] Level 1:colcon.colcon_core.package_identification:_identify(src/rx1) by extension 'ros'
[0.163s] Level 1:colcon.colcon_core.package_identification:_identify(src/rx1) by extensions ['cmake', 'python']
[0.163s] Level 1:colcon.colcon_core.package_identification:_identify(src/rx1) by extension 'cmake'
[0.163s] Level 1:colcon.colcon_core.package_identification:_identify(src/rx1) by extension 'python'
[0.163s] Level 1:colcon.colcon_core.package_identification:_identify(src/rx1) by extensions ['python_setup_py']
[0.163s] Level 1:colcon.colcon_core.package_identification:_identify(src/rx1) by extension 'python_setup_py'
[0.163s] Level 1:colcon.colcon_core.package_identification:_identify(src/rx1/media) by extensions ['ignore', 'ignore_ament_install']
[0.163s] Level 1:colcon.colcon_core.package_identification:_identify(src/rx1/media) by extension 'ignore'
[0.163s] Level 1:colcon.colcon_core.package_identification:_identify(src/rx1/media) by extension 'ignore_ament_install'
[0.163s] Level 1:colcon.colcon_core.package_identification:_identify(src/rx1/media) by extensions ['colcon_pkg']
[0.163s] Level 1:colcon.colcon_core.package_identification:_identify(src/rx1/media) by extension 'colcon_pkg'
[0.164s] Level 1:colcon.colcon_core.package_identification:_identify(src/rx1/media) by extensions ['colcon_meta']
[0.164s] Level 1:colcon.colcon_core.package_identification:_identify(src/rx1/media) by extension 'colcon_meta'
[0.164s] Level 1:colcon.colcon_core.package_identification:_identify(src/rx1/media) by extensions ['ros']
[0.164s] Level 1:colcon.colcon_core.package_identification:_identify(src/rx1/media) by extension 'ros'
[0.164s] Level 1:colcon.colcon_core.package_identification:_identify(src/rx1/media) by extensions ['cmake', 'python']
[0.164s] Level 1:colcon.colcon_core.package_identification:_identify(src/rx1/media) by extension 'cmake'
[0.164s] Level 1:colcon.colcon_core.package_identification:_identify(src/rx1/media) by extension 'python'
[0.164s] Level 1:colcon.colcon_core.package_identification:_identify(src/rx1/media) by extensions ['python_setup_py']
[0.164s] Level 1:colcon.colcon_core.package_identification:_identify(src/rx1/media) by extension 'python_setup_py'
[0.164s] Level 1:colcon.colcon_core.package_identification:_identify(src/rx1/rx1) by extensions ['ignore', 'ignore_ament_install']
[0.164s] Level 1:colcon.colcon_core.package_identification:_identify(src/rx1/rx1) by extension 'ignore'
[0.164s] Level 1:colcon.colcon_core.package_identification:_identify(src/rx1/rx1) by extension 'ignore_ament_install'
[0.164s] Level 1:colcon.colcon_core.package_identification:_identify(src/rx1/rx1) by extensions ['colcon_pkg']
[0.164s] Level 1:colcon.colcon_core.package_identification:_identify(src/rx1/rx1) by extension 'colcon_pkg'
[0.164s] Level 1:colcon.colcon_core.package_identification:_identify(src/rx1/rx1) by extensions ['colcon_meta']
[0.164s] Level 1:colcon.colcon_core.package_identification:_identify(src/rx1/rx1) by extension 'colcon_meta'
[0.164s] Level 1:colcon.colcon_core.package_identification:_identify(src/rx1/rx1) by extensions ['ros']
[0.164s] Level 1:colcon.colcon_core.package_identification:_identify(src/rx1/rx1) by extension 'ros'
[0.166s] DEBUG:colcon.colcon_core.package_identification:Package 'src/rx1/rx1' with type 'ros.ament_cmake' and name 'rx1'
[0.166s] Level 1:colcon.colcon_core.package_identification:_identify(src/rx1/rx1_bringup) by extensions ['ignore', 'ignore_ament_install']
[0.166s] Level 1:colcon.colcon_core.package_identification:_identify(src/rx1/rx1_bringup) by extension 'ignore'
[0.167s] Level 1:colcon.colcon_core.package_identification:_identify(src/rx1/rx1_bringup) by extension 'ignore_ament_install'
[0.167s] Level 1:colcon.colcon_core.package_identification:_identify(src/rx1/rx1_bringup) by extensions ['colcon_pkg']
[0.167s] Level 1:colcon.colcon_core.package_identification:_identify(src/rx1/rx1_bringup) by extension 'colcon_pkg'
[0.167s] Level 1:colcon.colcon_core.package_identification:_identify(src/rx1/rx1_bringup) by extensions ['colcon_meta']
[0.167s] Level 1:colcon.colcon_core.package_identification:_identify(src/rx1/rx1_bringup) by extension 'colcon_meta'
[0.167s] Level 1:colcon.colcon_core.package_identification:_identify(src/rx1/rx1_bringup) by extensions ['ros']
[0.167s] Level 1:colcon.colcon_core.package_identification:_identify(src/rx1/rx1_bringup) by extension 'ros'
[0.167s] DEBUG:colcon.colcon_core.package_identification:Package 'src/rx1/rx1_bringup' with type 'ros.ament_cmake' and name 'rx1_bringup'
[0.167s] Level 1:colcon.colcon_core.package_identification:_identify(src/rx1/rx1_description) by extensions ['ignore', 'ignore_ament_install']
[0.167s] Level 1:colcon.colcon_core.package_identification:_identify(src/rx1/rx1_description) by extension 'ignore'
[0.167s] Level 1:colcon.colcon_core.package_identification:_identify(src/rx1/rx1_description) by extension 'ignore_ament_install'
[0.167s] Level 1:colcon.colcon_core.package_identification:_identify(src/rx1/rx1_description) by extensions ['colcon_pkg']
[0.167s] Level 1:colcon.colcon_core.package_identification:_identify(src/rx1/rx1_description) by extension 'colcon_pkg'
[0.167s] Level 1:colcon.colcon_core.package_identification:_identify(src/rx1/rx1_description) by extensions ['colcon_meta']
[0.167s] Level 1:colcon.colcon_core.package_identification:_identify(src/rx1/rx1_description) by extension 'colcon_meta'
[0.168s] Level 1:colcon.colcon_core.package_identification:_identify(src/rx1/rx1_description) by extensions ['ros']
[0.168s] Level 1:colcon.colcon_core.package_identification:_identify(src/rx1/rx1_description) by extension 'ros'
[0.168s] DEBUG:colcon.colcon_core.package_identification:Package 'src/rx1/rx1_description' with type 'ros.ament_cmake' and name 'rx1_description'
[0.168s] Level 1:colcon.colcon_core.package_identification:_identify(src/rx1/rx1_gazebo) by extensions ['ignore', 'ignore_ament_install']
[0.168s] Level 1:colcon.colcon_core.package_identification:_identify(src/rx1/rx1_gazebo) by extension 'ignore'
[0.168s] Level 1:colcon.colcon_core.package_identification:_identify(src/rx1/rx1_gazebo) by extension 'ignore_ament_install'
[0.168s] Level 1:colcon.colcon_core.package_identification:_identify(src/rx1/rx1_gazebo) by extensions ['colcon_pkg']
[0.168s] Level 1:colcon.colcon_core.package_identification:_identify(src/rx1/rx1_gazebo) by extension 'colcon_pkg'
[0.168s] Level 1:colcon.colcon_core.package_identification:_identify(src/rx1/rx1_gazebo) by extensions ['colcon_meta']
[0.168s] Level 1:colcon.colcon_core.package_identification:_identify(src/rx1/rx1_gazebo) by extension 'colcon_meta'
[0.168s] Level 1:colcon.colcon_core.package_identification:_identify(src/rx1/rx1_gazebo) by extensions ['ros']
[0.168s] Level 1:colcon.colcon_core.package_identification:_identify(src/rx1/rx1_gazebo) by extension 'ros'
[0.169s] DEBUG:colcon.colcon_core.package_identification:Package 'src/rx1/rx1_gazebo' with type 'ros.ament_cmake' and name 'rx1_gazebo'
[0.169s] Level 1:colcon.colcon_core.package_identification:_identify(src/rx1/rx1_ik) by extensions ['ignore', 'ignore_ament_install']
[0.169s] Level 1:colcon.colcon_core.package_identification:_identify(src/rx1/rx1_ik) by extension 'ignore'
[0.169s] Level 1:colcon.colcon_core.package_identification:_identify(src/rx1/rx1_ik) by extension 'ignore_ament_install'
[0.169s] Level 1:colcon.colcon_core.package_identification:_identify(src/rx1/rx1_ik) by extensions ['colcon_pkg']
[0.169s] Level 1:colcon.colcon_core.package_identification:_identify(src/rx1/rx1_ik) by extension 'colcon_pkg'
[0.169s] Level 1:colcon.colcon_core.package_identification:_identify(src/rx1/rx1_ik) by extensions ['colcon_meta']
[0.169s] Level 1:colcon.colcon_core.package_identification:_identify(src/rx1/rx1_ik) by extension 'colcon_meta'
[0.169s] Level 1:colcon.colcon_core.package_identification:_identify(src/rx1/rx1_ik) by extensions ['ros']
[0.169s] Level 1:colcon.colcon_core.package_identification:_identify(src/rx1/rx1_ik) by extension 'ros'
[0.170s] DEBUG:colcon.colcon_core.package_identification:Package 'src/rx1/rx1_ik' with type 'ros.ament_cmake' and name 'rx1_ik'
[0.170s] Level 1:colcon.colcon_core.package_identification:_identify(src/rx1/rx1_motor) by extensions ['ignore', 'ignore_ament_install']
[0.170s] Level 1:colcon.colcon_core.package_identification:_identify(src/rx1/rx1_motor) by extension 'ignore'
[0.170s] Level 1:colcon.colcon_core.package_identification:_identify(src/rx1/rx1_motor) by extension 'ignore_ament_install'
[0.170s] Level 1:colcon.colcon_core.package_identification:_identify(src/rx1/rx1_motor) by extensions ['colcon_pkg']
[0.171s] Level 1:colcon.colcon_core.package_identification:_identify(src/rx1/rx1_motor) by extension 'colcon_pkg'
[0.171s] Level 1:colcon.colcon_core.package_identification:_identify(src/rx1/rx1_motor) by extensions ['colcon_meta']
[0.171s] Level 1:colcon.colcon_core.package_identification:_identify(src/rx1/rx1_motor) by extension 'colcon_meta'
[0.171s] Level 1:colcon.colcon_core.package_identification:_identify(src/rx1/rx1_motor) by extensions ['ros']
[0.171s] Level 1:colcon.colcon_core.package_identification:_identify(src/rx1/rx1_motor) by extension 'ros'
[0.171s] DEBUG:colcon.colcon_core.package_identification:Package 'src/rx1/rx1_motor' with type 'ros.ament_cmake' and name 'rx1_motor'
[0.171s] Level 1:colcon.colcon_core.package_identification:_identify(src/rx1/rx1_motor_lib) by extensions ['ignore', 'ignore_ament_install']
[0.171s] Level 1:colcon.colcon_core.package_identification:_identify(src/rx1/rx1_motor_lib) by extension 'ignore'
[0.171s] Level 1:colcon.colcon_core.package_identification:_identify(src/rx1/rx1_motor_lib) by extension 'ignore_ament_install'
[0.171s] Level 1:colcon.colcon_core.package_identification:_identify(src/rx1/rx1_motor_lib) by extensions ['colcon_pkg']
[0.172s] Level 1:colcon.colcon_core.package_identification:_identify(src/rx1/rx1_motor_lib) by extension 'colcon_pkg'
[0.172s] Level 1:colcon.colcon_core.package_identification:_identify(src/rx1/rx1_motor_lib) by extensions ['colcon_meta']
[0.172s] Level 1:colcon.colcon_core.package_identification:_identify(src/rx1/rx1_motor_lib) by extension 'colcon_meta'
[0.172s] Level 1:colcon.colcon_core.package_identification:_identify(src/rx1/rx1_motor_lib) by extensions ['ros']
[0.172s] Level 1:colcon.colcon_core.package_identification:_identify(src/rx1/rx1_motor_lib) by extension 'ros'
[0.172s] DEBUG:colcon.colcon_core.package_identification:Package 'src/rx1/rx1_motor_lib' with type 'ros.ament_cmake' and name 'rx1_motor_lib'
[0.172s] Level 1:colcon.colcon_core.package_identification:_identify(src/rx1/rx1_moveit_config) by extensions ['ignore', 'ignore_ament_install']
[0.172s] Level 1:colcon.colcon_core.package_identification:_identify(src/rx1/rx1_moveit_config) by extension 'ignore'
[0.172s] Level 1:colcon.colcon_core.package_identification:_identify(src/rx1/rx1_moveit_config) by extension 'ignore_ament_install'
[0.172s] Level 1:colcon.colcon_core.package_identification:_identify(src/rx1/rx1_moveit_config) by extensions ['colcon_pkg']
[0.172s] Level 1:colcon.colcon_core.package_identification:_identify(src/rx1/rx1_moveit_config) by extension 'colcon_pkg'
[0.172s] Level 1:colcon.colcon_core.package_identification:_identify(src/rx1/rx1_moveit_config) by extensions ['colcon_meta']
[0.172s] Level 1:colcon.colcon_core.package_identification:_identify(src/rx1/rx1_moveit_config) by extension 'colcon_meta'
[0.172s] Level 1:colcon.colcon_core.package_identification:_identify(src/rx1/rx1_moveit_config) by extensions ['ros']
[0.172s] Level 1:colcon.colcon_core.package_identification:_identify(src/rx1/rx1_moveit_config) by extension 'ros'
[0.173s] DEBUG:colcon.colcon_core.package_identification:Package 'src/rx1/rx1_moveit_config' with type 'ros.ament_cmake' and name 'rx1_moveit_config'
[0.173s] Level 1:colcon.colcon_core.package_discovery:discover_packages(recursive) using defaults
[0.173s] Level 1:colcon.colcon_core.package_discovery:discover_packages(ignore) discover
[0.173s] Level 1:colcon.colcon_core.package_discovery:discover_packages(ignore) using defaults
[0.173s] Level 1:colcon.colcon_core.package_discovery:discover_packages(path) discover
[0.173s] Level 1:colcon.colcon_core.package_discovery:discover_packages(path) using defaults
[0.189s] INFO:colcon.colcon_core.package_selection:Skipping not selected package 'rx1_description' in 'src/rx1/rx1_description'
[0.189s] INFO:colcon.colcon_core.package_selection:Skipping not selected package 'rx1_ik' in 'src/rx1/rx1_ik'
[0.189s] INFO:colcon.colcon_core.package_selection:Skipping not selected package 'rx1_motor' in 'src/rx1/rx1_motor'
[0.189s] INFO:colcon.colcon_core.package_selection:Skipping not selected package 'rx1_motor_lib' in 'src/rx1/rx1_motor_lib'
[0.189s] INFO:colcon.colcon_core.package_selection:Skipping not selected package 'rx1_bringup' in 'src/rx1/rx1_bringup'
[0.189s] INFO:colcon.colcon_core.package_selection:Skipping not selected package 'rx1_gazebo' in 'src/rx1/rx1_gazebo'
[0.189s] INFO:colcon.colcon_core.package_selection:Skipping not selected package 'rx1' in 'src/rx1/rx1'
[0.190s] Level 1:colcon.colcon_core.package_discovery:discover_packages(prefix_path) check parameters
[0.190s] Level 1:colcon.colcon_core.package_discovery:discover_packages(prefix_path) discover
[0.194s] DEBUG:colcon.colcon_installed_package_information.package_discovery:Found 494 installed packages in /opt/ros/jazzy
[0.196s] Level 1:colcon.colcon_core.package_discovery:discover_packages(prefix_path) using defaults
[0.269s] Level 5:colcon.colcon_core.verb:set package 'rx1_moveit_config' build argument 'cmake_args' from command line to 'None'
[0.269s] Level 5:colcon.colcon_core.verb:set package 'rx1_moveit_config' build argument 'cmake_target' from command line to 'None'
[0.269s] Level 5:colcon.colcon_core.verb:set package 'rx1_moveit_config' build argument 'cmake_target_skip_unavailable' from command line to 'False'
[0.269s] Level 5:colcon.colcon_core.verb:set package 'rx1_moveit_config' build argument 'cmake_clean_cache' from command line to 'False'
[0.269s] Level 5:colcon.colcon_core.verb:set package 'rx1_moveit_config' build argument 'cmake_clean_first' from command line to 'False'
[0.269s] Level 5:colcon.colcon_core.verb:set package 'rx1_moveit_config' build argument 'cmake_force_configure' from command line to 'False'
[0.269s] Level 5:colcon.colcon_core.verb:set package 'rx1_moveit_config' build argument 'ament_cmake_args' from command line to 'None'
[0.269s] Level 5:colcon.colcon_core.verb:set package 'rx1_moveit_config' build argument 'catkin_cmake_args' from command line to 'None'
[0.269s] Level 5:colcon.colcon_core.verb:set package 'rx1_moveit_config' build argument 'catkin_skip_building_tests' from command line to 'False'
[0.269s] DEBUG:colcon.colcon_core.verb:Building package 'rx1_moveit_config' with the following arguments: {'ament_cmake_args': None, 'build_base': '/home/oguz/rx1/build/rx1_moveit_config', 'catkin_cmake_args': None, 'catkin_skip_building_tests': False, 'cmake_args': None, 'cmake_clean_cache': False, 'cmake_clean_first': False, 'cmake_force_configure': False, 'cmake_target': None, 'cmake_target_skip_unavailable': False, 'install_base': '/home/oguz/rx1/install/rx1_moveit_config', 'merge_install': False, 'path': '/home/oguz/rx1/src/rx1/rx1_moveit_config', 'symlink_install': False, 'test_result_base': None}
[0.269s] INFO:colcon.colcon_core.executor:Executing jobs using 'parallel' executor
[0.270s] DEBUG:colcon.colcon_parallel_executor.executor.parallel:run_until_complete
[0.270s] INFO:colcon.colcon_ros.task.ament_cmake.build:Building ROS package in '/home/oguz/rx1/src/rx1/rx1_moveit_config' with build type 'ament_cmake'
[0.271s] INFO:colcon.colcon_cmake.task.cmake.build:Building CMake package in '/home/oguz/rx1/src/rx1/rx1_moveit_config'
[0.273s] INFO:colcon.colcon_core.plugin_system:Skipping extension 'colcon_core.shell.bat': Not used on non-Windows systems
[0.273s] INFO:colcon.colcon_core.shell:Skip shell extension 'powershell' for command environment: Not usable outside of PowerShell
[0.273s] DEBUG:colcon.colcon_core.shell:Skip shell extension 'dsv' for command environment
[0.286s] DEBUG:colcon.colcon_core.event_handler.log_command:Invoking command in '/home/oguz/rx1/build/rx1_moveit_config': AMENT_PREFIX_PATH=/home/oguz/rx1/install/rx1_description:${AMENT_PREFIX_PATH} CMAKE_PREFIX_PATH=/home/oguz/rx1/install/rx1_description:/opt/ros/jazzy/opt/gz_sim_vendor:/opt/ros/jazzy/opt/gz_sensors_vendor:/opt/ros/jazzy/opt/gz_physics_vendor:/opt/ros/jazzy/opt/sdformat_vendor:/opt/ros/jazzy/opt/gz_gui_vendor:/opt/ros/jazzy/opt/gz_transport_vendor:/opt/ros/jazzy/opt/gz_rendering_vendor:/opt/ros/jazzy/opt/gz_plugin_vendor:/opt/ros/jazzy/opt/gz_fuel_tools_vendor:/opt/ros/jazzy/opt/gz_msgs_vendor:/opt/ros/jazzy/opt/gz_common_vendor:/opt/ros/jazzy/opt/gz_math_vendor:/opt/ros/jazzy/opt/gz_utils_vendor:/opt/ros/jazzy/opt/gz_tools_vendor:/opt/ros/jazzy/opt/gz_ogre_next_vendor:/opt/ros/jazzy/opt/gz_dartsim_vendor:/opt/ros/jazzy/opt/gz_cmake_vendor:/opt/ros/jazzy DEBUGINFOD_URLS=https://debuginfod.ubuntu.com /usr/bin/cmake --build /home/oguz/rx1/build/rx1_moveit_config -- -j16 -l16
[0.348s] DEBUG:colcon.colcon_core.event_handler.log_command:Invoked command in '/home/oguz/rx1/build/rx1_moveit_config' returned '0': AMENT_PREFIX_PATH=/home/oguz/rx1/install/rx1_description:${AMENT_PREFIX_PATH} CMAKE_PREFIX_PATH=/home/oguz/rx1/install/rx1_description:/opt/ros/jazzy/opt/gz_sim_vendor:/opt/ros/jazzy/opt/gz_sensors_vendor:/opt/ros/jazzy/opt/gz_physics_vendor:/opt/ros/jazzy/opt/sdformat_vendor:/opt/ros/jazzy/opt/gz_gui_vendor:/opt/ros/jazzy/opt/gz_transport_vendor:/opt/ros/jazzy/opt/gz_rendering_vendor:/opt/ros/jazzy/opt/gz_plugin_vendor:/opt/ros/jazzy/opt/gz_fuel_tools_vendor:/opt/ros/jazzy/opt/gz_msgs_vendor:/opt/ros/jazzy/opt/gz_common_vendor:/opt/ros/jazzy/opt/gz_math_vendor:/opt/ros/jazzy/opt/gz_utils_vendor:/opt/ros/jazzy/opt/gz_tools_vendor:/opt/ros/jazzy/opt/gz_ogre_next_vendor:/opt/ros/jazzy/opt/gz_dartsim_vendor:/opt/ros/jazzy/opt/gz_cmake_vendor:/opt/ros/jazzy DEBUGINFOD_URLS=https://debuginfod.ubuntu.com /usr/bin/cmake --build /home/oguz/rx1/build/rx1_moveit_config -- -j16 -l16
[0.370s] DEBUG:colcon.colcon_core.event_handler.log_command:Invoking command in '/home/oguz/rx1/build/rx1_moveit_config': AMENT_PREFIX_PATH=/home/oguz/rx1/install/rx1_description:${AMENT_PREFIX_PATH} CMAKE_PREFIX_PATH=/home/oguz/rx1/install/rx1_description:/opt/ros/jazzy/opt/gz_sim_vendor:/opt/ros/jazzy/opt/gz_sensors_vendor:/opt/ros/jazzy/opt/gz_physics_vendor:/opt/ros/jazzy/opt/sdformat_vendor:/opt/ros/jazzy/opt/gz_gui_vendor:/opt/ros/jazzy/opt/gz_transport_vendor:/opt/ros/jazzy/opt/gz_rendering_vendor:/opt/ros/jazzy/opt/gz_plugin_vendor:/opt/ros/jazzy/opt/gz_fuel_tools_vendor:/opt/ros/jazzy/opt/gz_msgs_vendor:/opt/ros/jazzy/opt/gz_common_vendor:/opt/ros/jazzy/opt/gz_math_vendor:/opt/ros/jazzy/opt/gz_utils_vendor:/opt/ros/jazzy/opt/gz_tools_vendor:/opt/ros/jazzy/opt/gz_ogre_next_vendor:/opt/ros/jazzy/opt/gz_dartsim_vendor:/opt/ros/jazzy/opt/gz_cmake_vendor:/opt/ros/jazzy DEBUGINFOD_URLS=https://debuginfod.ubuntu.com /usr/bin/cmake --install /home/oguz/rx1/build/rx1_moveit_config
[0.392s] Level 1:colcon.colcon_core.environment:create_environment_scripts_only(rx1_moveit_config)
[0.394s] DEBUG:colcon.colcon_core.event_handler.log_command:Invoked command in '/home/oguz/rx1/build/rx1_moveit_config' returned '0': AMENT_PREFIX_PATH=/home/oguz/rx1/install/rx1_description:${AMENT_PREFIX_PATH} CMAKE_PREFIX_PATH=/home/oguz/rx1/install/rx1_description:/opt/ros/jazzy/opt/gz_sim_vendor:/opt/ros/jazzy/opt/gz_sensors_vendor:/opt/ros/jazzy/opt/gz_physics_vendor:/opt/ros/jazzy/opt/sdformat_vendor:/opt/ros/jazzy/opt/gz_gui_vendor:/opt/ros/jazzy/opt/gz_transport_vendor:/opt/ros/jazzy/opt/gz_rendering_vendor:/opt/ros/jazzy/opt/gz_plugin_vendor:/opt/ros/jazzy/opt/gz_fuel_tools_vendor:/opt/ros/jazzy/opt/gz_msgs_vendor:/opt/ros/jazzy/opt/gz_common_vendor:/opt/ros/jazzy/opt/gz_math_vendor:/opt/ros/jazzy/opt/gz_utils_vendor:/opt/ros/jazzy/opt/gz_tools_vendor:/opt/ros/jazzy/opt/gz_ogre_next_vendor:/opt/ros/jazzy/opt/gz_dartsim_vendor:/opt/ros/jazzy/opt/gz_cmake_vendor:/opt/ros/jazzy DEBUGINFOD_URLS=https://debuginfod.ubuntu.com /usr/bin/cmake --install /home/oguz/rx1/build/rx1_moveit_config
[0.399s] Level 1:colcon.colcon_core.environment:checking '/home/oguz/rx1/install/rx1_moveit_config' for CMake module files
[0.400s] Level 1:colcon.colcon_core.environment:checking '/home/oguz/rx1/install/rx1_moveit_config' for CMake config files
[0.401s] Level 1:colcon.colcon_core.shell:create_environment_hook('rx1_moveit_config', 'cmake_prefix_path')
[0.402s] INFO:colcon.colcon_core.shell:Creating environment hook '/home/oguz/rx1/install/rx1_moveit_config/share/rx1_moveit_config/hook/cmake_prefix_path.ps1'
[0.403s] INFO:colcon.colcon_core.shell:Creating environment descriptor '/home/oguz/rx1/install/rx1_moveit_config/share/rx1_moveit_config/hook/cmake_prefix_path.dsv'
[0.404s] INFO:colcon.colcon_core.shell:Creating environment hook '/home/oguz/rx1/install/rx1_moveit_config/share/rx1_moveit_config/hook/cmake_prefix_path.sh'
[0.407s] Level 1:colcon.colcon_core.environment:checking '/home/oguz/rx1/install/rx1_moveit_config/bin'
[0.407s] Level 1:colcon.colcon_core.environment:checking '/home/oguz/rx1/install/rx1_moveit_config/lib/pkgconfig/rx1_moveit_config.pc'
[0.408s] Level 1:colcon.colcon_core.environment:checking '/home/oguz/rx1/install/rx1_moveit_config/lib/python3.12/site-packages'
[0.409s] Level 1:colcon.colcon_core.environment:checking '/home/oguz/rx1/install/rx1_moveit_config/bin'
[0.409s] INFO:colcon.colcon_core.shell:Creating package script '/home/oguz/rx1/install/rx1_moveit_config/share/rx1_moveit_config/package.ps1'
[0.411s] INFO:colcon.colcon_core.shell:Creating package descriptor '/home/oguz/rx1/install/rx1_moveit_config/share/rx1_moveit_config/package.dsv'
[0.412s] INFO:colcon.colcon_core.shell:Creating package script '/home/oguz/rx1/install/rx1_moveit_config/share/rx1_moveit_config/package.sh'
[0.414s] INFO:colcon.colcon_core.shell:Creating package script '/home/oguz/rx1/install/rx1_moveit_config/share/rx1_moveit_config/package.bash'
[0.415s] INFO:colcon.colcon_core.shell:Creating package script '/home/oguz/rx1/install/rx1_moveit_config/share/rx1_moveit_config/package.zsh'
[0.416s] Level 1:colcon.colcon_core.environment:create_file_with_runtime_dependencies(/home/oguz/rx1/install/rx1_moveit_config/share/colcon-core/packages/rx1_moveit_config)
[0.417s] Level 1:colcon.colcon_core.environment:create_environment_scripts_only(rx1_moveit_config)
[0.418s] Level 1:colcon.colcon_core.environment:checking '/home/oguz/rx1/install/rx1_moveit_config' for CMake module files
[0.419s] Level 1:colcon.colcon_core.environment:checking '/home/oguz/rx1/install/rx1_moveit_config' for CMake config files
[0.420s] Level 1:colcon.colcon_core.shell:create_environment_hook('rx1_moveit_config', 'cmake_prefix_path')
[0.420s] INFO:colcon.colcon_core.shell:Creating environment hook '/home/oguz/rx1/install/rx1_moveit_config/share/rx1_moveit_config/hook/cmake_prefix_path.ps1'
[0.421s] INFO:colcon.colcon_core.shell:Creating environment descriptor '/home/oguz/rx1/install/rx1_moveit_config/share/rx1_moveit_config/hook/cmake_prefix_path.dsv'
[0.421s] INFO:colcon.colcon_core.shell:Creating environment hook '/home/oguz/rx1/install/rx1_moveit_config/share/rx1_moveit_config/hook/cmake_prefix_path.sh'
[0.422s] Level 1:colcon.colcon_core.environment:checking '/home/oguz/rx1/install/rx1_moveit_config/bin'
[0.422s] Level 1:colcon.colcon_core.environment:checking '/home/oguz/rx1/install/rx1_moveit_config/lib/pkgconfig/rx1_moveit_config.pc'
[0.423s] Level 1:colcon.colcon_core.environment:checking '/home/oguz/rx1/install/rx1_moveit_config/lib/python3.12/site-packages'
[0.423s] Level 1:colcon.colcon_core.environment:checking '/home/oguz/rx1/install/rx1_moveit_config/bin'
[0.424s] INFO:colcon.colcon_core.shell:Creating package script '/home/oguz/rx1/install/rx1_moveit_config/share/rx1_moveit_config/package.ps1'
[0.425s] INFO:colcon.colcon_core.shell:Creating package descriptor '/home/oguz/rx1/install/rx1_moveit_config/share/rx1_moveit_config/package.dsv'
[0.426s] INFO:colcon.colcon_core.shell:Creating package script '/home/oguz/rx1/install/rx1_moveit_config/share/rx1_moveit_config/package.sh'
[0.427s] INFO:colcon.colcon_core.shell:Creating package script '/home/oguz/rx1/install/rx1_moveit_config/share/rx1_moveit_config/package.bash'
[0.428s] INFO:colcon.colcon_core.shell:Creating package script '/home/oguz/rx1/install/rx1_moveit_config/share/rx1_moveit_config/package.zsh'
[0.429s] Level 1:colcon.colcon_core.environment:create_file_with_runtime_dependencies(/home/oguz/rx1/install/rx1_moveit_config/share/colcon-core/packages/rx1_moveit_config)
[0.429s] DEBUG:colcon.colcon_parallel_executor.executor.parallel:closing loop
[0.430s] DEBUG:colcon.colcon_parallel_executor.executor.parallel:loop closed
[0.430s] DEBUG:colcon.colcon_parallel_executor.executor.parallel:run_until_complete finished with '0'
[0.430s] DEBUG:colcon.colcon_core.event_reactor:joining thread
[0.442s] INFO:colcon.colcon_core.plugin_system:Skipping extension 'colcon_notification.desktop_notification.terminal_notifier': Not used on non-Darwin systems
[0.443s] INFO:colcon.colcon_core.plugin_system:Skipping extension 'colcon_notification.desktop_notification.win32': Not used on non-Windows systems
[0.443s] INFO:colcon.colcon_notification.desktop_notification:Sending desktop notification using 'notify2'
[0.443s] DEBUG:colcon.colcon_notification.desktop_notification.notify2:Failed to initialize notify2: org.freedesktop.DBus.Error.AccessDenied: Failed to connect to socket /run/user/1000/bus: Operation not permitted
[0.443s] DEBUG:colcon.colcon_core.event_reactor:joined thread
[0.444s] INFO:colcon.colcon_core.shell:Creating prefix script '/home/oguz/rx1/install/local_setup.ps1'
[0.446s] INFO:colcon.colcon_core.shell:Creating prefix util module '/home/oguz/rx1/install/_local_setup_util_ps1.py'
[0.448s] INFO:colcon.colcon_core.shell:Creating prefix chain script '/home/oguz/rx1/install/setup.ps1'
[0.450s] INFO:colcon.colcon_core.shell:Creating prefix script '/home/oguz/rx1/install/local_setup.sh'
[0.452s] INFO:colcon.colcon_core.shell:Creating prefix util module '/home/oguz/rx1/install/_local_setup_util_sh.py'
[0.453s] INFO:colcon.colcon_core.shell:Creating prefix chain script '/home/oguz/rx1/install/setup.sh'
[0.455s] INFO:colcon.colcon_core.shell:Creating prefix script '/home/oguz/rx1/install/local_setup.bash'
[0.456s] INFO:colcon.colcon_core.shell:Creating prefix chain script '/home/oguz/rx1/install/setup.bash'
[0.457s] INFO:colcon.colcon_core.shell:Creating prefix script '/home/oguz/rx1/install/local_setup.zsh'
[0.458s] INFO:colcon.colcon_core.shell:Creating prefix chain script '/home/oguz/rx1/install/setup.zsh'
