[0.100s] DEBUG:colcon:Command line arguments: ['/usr/bin/colcon', 'build', '--packages-select', 'rx1_motor', '--event-handlers', 'console_direct+']
[0.100s] DEBUG:colcon:Parsed command line arguments: Namespace(log_base=None, log_level=None, verb_name='build', build_base='build', install_base='install', merge_install=False, symlink_install=False, test_result_base=None, continue_on_error=False, executor='parallel', parallel_workers=16, event_handlers=['console_direct+'], ignore_user_meta=False, metas=['./colcon.meta'], base_paths=['.'], packages_ignore=None, packages_ignore_regex=None, paths=None, packages_up_to=None, packages_up_to_regex=None, packages_above=None, packages_above_and_dependencies=None, packages_above_depth=None, packages_select_by_dep=None, packages_skip_by_dep=None, packages_skip_up_to=None, packages_select_build_failed=False, packages_skip_build_finished=False, packages_select_test_failures=False, packages_skip_test_passed=False, packages_select=['rx1_motor'], packages_skip=None, packages_select_regex=None, packages_skip_regex=None, packages_start=None, packages_end=None, allow_overriding=[], cmake_args=None, cmake_target=None, cmake_target_skip_unavailable=False, cmake_clean_cache=False, cmake_clean_first=False, cmake_force_configure=False, ament_cmake_args=None, catkin_cmake_args=None, catkin_skip_building_tests=False, mixin_files=None, mixin=None, verb_parser=<colcon_mixin.mixin.mixin_argument.MixinArgumentDecorator object at 0x7eb0b6bb9310>, verb_extension=<colcon_core.verb.build.BuildVerb object at 0x7eb0b6b4af90>, main=<bound method BuildVerb.main of <colcon_core.verb.build.BuildVerb object at 0x7eb0b6b4af90>>, mixin_verb=('build',))
[0.136s] Level 1:colcon.colcon_core.package_discovery:discover_packages(colcon_meta) check parameters
[0.136s] Level 1:colcon.colcon_core.package_discovery:discover_packages(recursive) check parameters
[0.136s] Level 1:colcon.colcon_core.package_discovery:discover_packages(ignore) check parameters
[0.136s] Level 1:colcon.colcon_core.package_discovery:discover_packages(path) check parameters
[0.136s] Level 1:colcon.colcon_core.package_discovery:discover_packages(colcon_meta) discover
[0.136s] Level 1:colcon.colcon_core.package_discovery:discover_packages(recursive) discover
[0.136s] INFO:colcon.colcon_core.package_discovery:Crawling recursively for packages in '/home/oguz/rx1'
[0.136s] Level 1:colcon.colcon_core.package_identification:_identify(.) by extensions ['ignore', 'ignore_ament_install']
[0.136s] Level 1:colcon.colcon_core.package_identification:_identify(.) by extension 'ignore'
[0.136s] Level 1:colcon.colcon_core.package_identification:_identify(.) by extension 'ignore_ament_install'
[0.136s] Level 1:colcon.colcon_core.package_identification:_identify(.) by extensions ['colcon_pkg']
[0.136s] Level 1:colcon.colcon_core.package_identification:_identify(.) by extension 'colcon_pkg'
[0.136s] Level 1:colcon.colcon_core.package_identification:_identify(.) by extensions ['colcon_meta']
[0.136s] Level 1:colcon.colcon_core.package_identification:_identify(.) by extension 'colcon_meta'
[0.136s] Level 1:colcon.colcon_core.package_identification:_identify(.) by extensions ['ros']
[0.136s] Level 1:colcon.colcon_core.package_identification:_identify(.) by extension 'ros'
[0.158s] Level 1:colcon.colcon_core.package_identification:_identify(.) by extensions ['cmake', 'python']
[0.158s] Level 1:colcon.colcon_core.package_identification:_identify(.) by extension 'cmake'
[0.158s] Level 1:colcon.colcon_core.package_identification:_identify(.) by extension 'python'
[0.158s] Level 1:colcon.colcon_core.package_identification:_identify(.) by extensions ['python_setup_py']
[0.158s] Level 1:colcon.colcon_core.package_identification:_identify(.) by extension 'python_setup_py'
[0.158s] Level 1:colcon.colcon_core.package_identification:_identify(build) by extensions ['ignore', 'ignore_ament_install']
[0.158s] Level 1:colcon.colcon_core.package_identification:_identify(build) by extension 'ignore'
[0.158s] Level 1:colcon.colcon_core.package_identification:_identify(build) ignored
[0.159s] Level 1:colcon.colcon_core.package_identification:_identify(install) by extensions ['ignore', 'ignore_ament_install']
[0.159s] Level 1:colcon.colcon_core.package_identification:_identify(install) by extension 'ignore'
[0.159s] Level 1:colcon.colcon_core.package_identification:_identify(install) ignored
[0.159s] Level 1:colcon.colcon_core.package_identification:_identify(log) by extensions ['ignore', 'ignore_ament_install']
[0.159s] Level 1:colcon.colcon_core.package_identification:_identify(log) by extension 'ignore'
[0.159s] Level 1:colcon.colcon_core.package_identification:_identify(log) ignored
[0.159s] Level 1:colcon.colcon_core.package_identification:_identify(src) by extensions ['ignore', 'ignore_ament_install']
[0.159s] Level 1:colcon.colcon_core.package_identification:_identify(src) by extension 'ignore'
[0.159s] Level 1:colcon.colcon_core.package_identification:_identify(src) by extension 'ignore_ament_install'
[0.159s] Level 1:colcon.colcon_core.package_identification:_identify(src) by extensions ['colcon_pkg']
[0.159s] Level 1:colcon.colcon_core.package_identification:_identify(src) by extension 'colcon_pkg'
[0.159s] Level 1:colcon.colcon_core.package_identification:_identify(src) by extensions ['colcon_meta']
[0.159s] Level 1:colcon.colcon_core.package_identification:_identify(src) by extension 'colcon_meta'
[0.159s] Level 1:colcon.colcon_core.package_identification:_identify(src) by extensions ['ros']
[0.159s] Level 1:colcon.colcon_core.package_identification:_identify(src) by extension 'ros'
[0.159s] Level 1:colcon.colcon_core.package_identification:_identify(src) by extensions ['cmake', 'python']
[0.159s] Level 1:colcon.colcon_core.package_identification:_identify(src) by extension 'cmake'
[0.159s] Level 1:colcon.colcon_core.package_identification:_identify(src) by extension 'python'
[0.159s] Level 1:colcon.colcon_core.package_identification:_identify(src) by extensions ['python_setup_py']
[0.159s] Level 1:colcon.colcon_core.package_identification:_identify(src) by extension 'python_setup_py'
[0.159s] Level 1:colcon.colcon_core.package_identification:_identify(src/feetech_lib) by extensions ['ignore', 'ignore_ament_install']
[0.160s] Level 1:colcon.colcon_core.package_identification:_identify(src/feetech_lib) by extension 'ignore'
[0.160s] Level 1:colcon.colcon_core.package_identification:_identify(src/feetech_lib) by extension 'ignore_ament_install'
[0.160s] Level 1:colcon.colcon_core.package_identification:_identify(src/feetech_lib) by extensions ['colcon_pkg']
[0.160s] Level 1:colcon.colcon_core.package_identification:_identify(src/feetech_lib) by extension 'colcon_pkg'
[0.160s] Level 1:colcon.colcon_core.package_identification:_identify(src/feetech_lib) by extensions ['colcon_meta']
[0.160s] Level 1:colcon.colcon_core.package_identification:_identify(src/feetech_lib) by extension 'colcon_meta'
[0.160s] Level 1:colcon.colcon_core.package_identification:_identify(src/feetech_lib) by extensions ['ros']
[0.160s] Level 1:colcon.colcon_core.package_identification:_identify(src/feetech_lib) by extension 'ros'
[0.162s] DEBUG:colcon.colcon_core.package_identification:Package 'src/feetech_lib' with type 'ros.ament_cmake' and name 'feetech_lib'
[0.162s] Level 1:colcon.colcon_core.package_identification:_identify(src/rx1) by extensions ['ignore', 'ignore_ament_install']
[0.162s] Level 1:colcon.colcon_core.package_identification:_identify(src/rx1) by extension 'ignore'
[0.162s] Level 1:colcon.colcon_core.package_identification:_identify(src/rx1) by extension 'ignore_ament_install'
[0.162s] Level 1:colcon.colcon_core.package_identification:_identify(src/rx1) by extensions ['colcon_pkg']
[0.162s] Level 1:colcon.colcon_core.package_identification:_identify(src/rx1) by extension 'colcon_pkg'
[0.162s] Level 1:colcon.colcon_core.package_identification:_identify(src/rx1) by extensions ['colcon_meta']
[0.162s] Level 1:colcon.colcon_core.package_identification:_identify(src/rx1) by extension 'colcon_meta'
[0.162s] Level 1:colcon.colcon_core.package_identification:_identify(src/rx1) by extensions ['ros']
[0.162s] Level 1:colcon.colcon_core.package_identification:_identify(src/rx1) by extension 'ros'
[0.162s] Level 1:colcon.colcon_core.package_identification:_identify(src/rx1) by extensions ['cmake', 'python']
[0.162s] Level 1:colcon.colcon_core.package_identification:_identify(src/rx1) by extension 'cmake'
[0.162s] Level 1:colcon.colcon_core.package_identification:_identify(src/rx1) by extension 'python'
[0.162s] Level 1:colcon.colcon_core.package_identification:_identify(src/rx1) by extensions ['python_setup_py']
[0.162s] Level 1:colcon.colcon_core.package_identification:_identify(src/rx1) by extension 'python_setup_py'
[0.162s] Level 1:colcon.colcon_core.package_identification:_identify(src/rx1/media) by extensions ['ignore', 'ignore_ament_install']
[0.162s] Level 1:colcon.colcon_core.package_identification:_identify(src/rx1/media) by extension 'ignore'
[0.162s] Level 1:colcon.colcon_core.package_identification:_identify(src/rx1/media) by extension 'ignore_ament_install'
[0.163s] Level 1:colcon.colcon_core.package_identification:_identify(src/rx1/media) by extensions ['colcon_pkg']
[0.163s] Level 1:colcon.colcon_core.package_identification:_identify(src/rx1/media) by extension 'colcon_pkg'
[0.163s] Level 1:colcon.colcon_core.package_identification:_identify(src/rx1/media) by extensions ['colcon_meta']
[0.163s] Level 1:colcon.colcon_core.package_identification:_identify(src/rx1/media) by extension 'colcon_meta'
[0.163s] Level 1:colcon.colcon_core.package_identification:_identify(src/rx1/media) by extensions ['ros']
[0.163s] Level 1:colcon.colcon_core.package_identification:_identify(src/rx1/media) by extension 'ros'
[0.163s] Level 1:colcon.colcon_core.package_identification:_identify(src/rx1/media) by extensions ['cmake', 'python']
[0.163s] Level 1:colcon.colcon_core.package_identification:_identify(src/rx1/media) by extension 'cmake'
[0.163s] Level 1:colcon.colcon_core.package_identification:_identify(src/rx1/media) by extension 'python'
[0.163s] Level 1:colcon.colcon_core.package_identification:_identify(src/rx1/media) by extensions ['python_setup_py']
[0.163s] Level 1:colcon.colcon_core.package_identification:_identify(src/rx1/media) by extension 'python_setup_py'
[0.163s] Level 1:colcon.colcon_core.package_identification:_identify(src/rx1/rx1) by extensions ['ignore', 'ignore_ament_install']
[0.163s] Level 1:colcon.colcon_core.package_identification:_identify(src/rx1/rx1) by extension 'ignore'
[0.163s] Level 1:colcon.colcon_core.package_identification:_identify(src/rx1/rx1) by extension 'ignore_ament_install'
[0.163s] Level 1:colcon.colcon_core.package_identification:_identify(src/rx1/rx1) by extensions ['colcon_pkg']
[0.163s] Level 1:colcon.colcon_core.package_identification:_identify(src/rx1/rx1) by extension 'colcon_pkg'
[0.163s] Level 1:colcon.colcon_core.package_identification:_identify(src/rx1/rx1) by extensions ['colcon_meta']
[0.163s] Level 1:colcon.colcon_core.package_identification:_identify(src/rx1/rx1) by extension 'colcon_meta'
[0.163s] Level 1:colcon.colcon_core.package_identification:_identify(src/rx1/rx1) by extensions ['ros']
[0.163s] Level 1:colcon.colcon_core.package_identification:_identify(src/rx1/rx1) by extension 'ros'
[0.164s] DEBUG:colcon.colcon_core.package_identification:Package 'src/rx1/rx1' with type 'ros.ament_cmake' and name 'rx1'
[0.164s] Level 1:colcon.colcon_core.package_identification:_identify(src/rx1/rx1_bringup) by extensions ['ignore', 'ignore_ament_install']
[0.164s] Level 1:colcon.colcon_core.package_identification:_identify(src/rx1/rx1_bringup) by extension 'ignore'
[0.164s] Level 1:colcon.colcon_core.package_identification:_identify(src/rx1/rx1_bringup) by extension 'ignore_ament_install'
[0.164s] Level 1:colcon.colcon_core.package_identification:_identify(src/rx1/rx1_bringup) by extensions ['colcon_pkg']
[0.164s] Level 1:colcon.colcon_core.package_identification:_identify(src/rx1/rx1_bringup) by extension 'colcon_pkg'
[0.164s] Level 1:colcon.colcon_core.package_identification:_identify(src/rx1/rx1_bringup) by extensions ['colcon_meta']
[0.164s] Level 1:colcon.colcon_core.package_identification:_identify(src/rx1/rx1_bringup) by extension 'colcon_meta'
[0.164s] Level 1:colcon.colcon_core.package_identification:_identify(src/rx1/rx1_bringup) by extensions ['ros']
[0.164s] Level 1:colcon.colcon_core.package_identification:_identify(src/rx1/rx1_bringup) by extension 'ros'
[0.164s] DEBUG:colcon.colcon_core.package_identification:Package 'src/rx1/rx1_bringup' with type 'ros.ament_cmake' and name 'rx1_bringup'
[0.165s] Level 1:colcon.colcon_core.package_identification:_identify(src/rx1/rx1_description) by extensions ['ignore', 'ignore_ament_install']
[0.165s] Level 1:colcon.colcon_core.package_identification:_identify(src/rx1/rx1_description) by extension 'ignore'
[0.165s] Level 1:colcon.colcon_core.package_identification:_identify(src/rx1/rx1_description) by extension 'ignore_ament_install'
[0.165s] Level 1:colcon.colcon_core.package_identification:_identify(src/rx1/rx1_description) by extensions ['colcon_pkg']
[0.165s] Level 1:colcon.colcon_core.package_identification:_identify(src/rx1/rx1_description) by extension 'colcon_pkg'
[0.165s] Level 1:colcon.colcon_core.package_identification:_identify(src/rx1/rx1_description) by extensions ['colcon_meta']
[0.165s] Level 1:colcon.colcon_core.package_identification:_identify(src/rx1/rx1_description) by extension 'colcon_meta'
[0.165s] Level 1:colcon.colcon_core.package_identification:_identify(src/rx1/rx1_description) by extensions ['ros']
[0.165s] Level 1:colcon.colcon_core.package_identification:_identify(src/rx1/rx1_description) by extension 'ros'
[0.165s] DEBUG:colcon.colcon_core.package_identification:Package 'src/rx1/rx1_description' with type 'ros.ament_cmake' and name 'rx1_description'
[0.165s] Level 1:colcon.colcon_core.package_identification:_identify(src/rx1/rx1_gazebo) by extensions ['ignore', 'ignore_ament_install']
[0.165s] Level 1:colcon.colcon_core.package_identification:_identify(src/rx1/rx1_gazebo) by extension 'ignore'
[0.165s] Level 1:colcon.colcon_core.package_identification:_identify(src/rx1/rx1_gazebo) by extension 'ignore_ament_install'
[0.165s] Level 1:colcon.colcon_core.package_identification:_identify(src/rx1/rx1_gazebo) by extensions ['colcon_pkg']
[0.165s] Level 1:colcon.colcon_core.package_identification:_identify(src/rx1/rx1_gazebo) by extension 'colcon_pkg'
[0.165s] Level 1:colcon.colcon_core.package_identification:_identify(src/rx1/rx1_gazebo) by extensions ['colcon_meta']
[0.166s] Level 1:colcon.colcon_core.package_identification:_identify(src/rx1/rx1_gazebo) by extension 'colcon_meta'
[0.166s] Level 1:colcon.colcon_core.package_identification:_identify(src/rx1/rx1_gazebo) by extensions ['ros']
[0.166s] Level 1:colcon.colcon_core.package_identification:_identify(src/rx1/rx1_gazebo) by extension 'ros'
[0.166s] DEBUG:colcon.colcon_core.package_identification:Package 'src/rx1/rx1_gazebo' with type 'ros.ament_cmake' and name 'rx1_gazebo'
[0.166s] Level 1:colcon.colcon_core.package_identification:_identify(src/rx1/rx1_ik) by extensions ['ignore', 'ignore_ament_install']
[0.166s] Level 1:colcon.colcon_core.package_identification:_identify(src/rx1/rx1_ik) by extension 'ignore'
[0.166s] Level 1:colcon.colcon_core.package_identification:_identify(src/rx1/rx1_ik) by extension 'ignore_ament_install'
[0.166s] Level 1:colcon.colcon_core.package_identification:_identify(src/rx1/rx1_ik) by extensions ['colcon_pkg']
[0.166s] Level 1:colcon.colcon_core.package_identification:_identify(src/rx1/rx1_ik) by extension 'colcon_pkg'
[0.166s] Level 1:colcon.colcon_core.package_identification:_identify(src/rx1/rx1_ik) by extensions ['colcon_meta']
[0.166s] Level 1:colcon.colcon_core.package_identification:_identify(src/rx1/rx1_ik) by extension 'colcon_meta'
[0.166s] Level 1:colcon.colcon_core.package_identification:_identify(src/rx1/rx1_ik) by extensions ['ros']
[0.166s] Level 1:colcon.colcon_core.package_identification:_identify(src/rx1/rx1_ik) by extension 'ros'
[0.167s] DEBUG:colcon.colcon_core.package_identification:Package 'src/rx1/rx1_ik' with type 'ros.ament_cmake' and name 'rx1_ik'
[0.168s] Level 1:colcon.colcon_core.package_identification:_identify(src/rx1/rx1_motor) by extensions ['ignore', 'ignore_ament_install']
[0.168s] Level 1:colcon.colcon_core.package_identification:_identify(src/rx1/rx1_motor) by extension 'ignore'
[0.168s] Level 1:colcon.colcon_core.package_identification:_identify(src/rx1/rx1_motor) by extension 'ignore_ament_install'
[0.168s] Level 1:colcon.colcon_core.package_identification:_identify(src/rx1/rx1_motor) by extensions ['colcon_pkg']
[0.168s] Level 1:colcon.colcon_core.package_identification:_identify(src/rx1/rx1_motor) by extension 'colcon_pkg'
[0.168s] Level 1:colcon.colcon_core.package_identification:_identify(src/rx1/rx1_motor) by extensions ['colcon_meta']
[0.168s] Level 1:colcon.colcon_core.package_identification:_identify(src/rx1/rx1_motor) by extension 'colcon_meta'
[0.168s] Level 1:colcon.colcon_core.package_identification:_identify(src/rx1/rx1_motor) by extensions ['ros']
[0.168s] Level 1:colcon.colcon_core.package_identification:_identify(src/rx1/rx1_motor) by extension 'ros'
[0.168s] DEBUG:colcon.colcon_core.package_identification:Package 'src/rx1/rx1_motor' with type 'ros.ament_cmake' and name 'rx1_motor'
[0.169s] Level 1:colcon.colcon_core.package_identification:_identify(src/rx1/rx1_motor_lib) by extensions ['ignore', 'ignore_ament_install']
[0.169s] Level 1:colcon.colcon_core.package_identification:_identify(src/rx1/rx1_motor_lib) by extension 'ignore'
[0.169s] Level 1:colcon.colcon_core.package_identification:_identify(src/rx1/rx1_motor_lib) by extension 'ignore_ament_install'
[0.169s] Level 1:colcon.colcon_core.package_identification:_identify(src/rx1/rx1_motor_lib) by extensions ['colcon_pkg']
[0.169s] Level 1:colcon.colcon_core.package_identification:_identify(src/rx1/rx1_motor_lib) by extension 'colcon_pkg'
[0.169s] Level 1:colcon.colcon_core.package_identification:_identify(src/rx1/rx1_motor_lib) by extensions ['colcon_meta']
[0.169s] Level 1:colcon.colcon_core.package_identification:_identify(src/rx1/rx1_motor_lib) by extension 'colcon_meta'
[0.169s] Level 1:colcon.colcon_core.package_identification:_identify(src/rx1/rx1_motor_lib) by extensions ['ros']
[0.169s] Level 1:colcon.colcon_core.package_identification:_identify(src/rx1/rx1_motor_lib) by extension 'ros'
[0.169s] DEBUG:colcon.colcon_core.package_identification:Package 'src/rx1/rx1_motor_lib' with type 'ros.ament_cmake' and name 'rx1_motor_lib'
[0.169s] Level 1:colcon.colcon_core.package_identification:_identify(src/rx1/rx1_moveit_config) by extensions ['ignore', 'ignore_ament_install']
[0.169s] Level 1:colcon.colcon_core.package_identification:_identify(src/rx1/rx1_moveit_config) by extension 'ignore'
[0.169s] Level 1:colcon.colcon_core.package_identification:_identify(src/rx1/rx1_moveit_config) by extension 'ignore_ament_install'
[0.170s] Level 1:colcon.colcon_core.package_identification:_identify(src/rx1/rx1_moveit_config) by extensions ['colcon_pkg']
[0.170s] Level 1:colcon.colcon_core.package_identification:_identify(src/rx1/rx1_moveit_config) by extension 'colcon_pkg'
[0.170s] Level 1:colcon.colcon_core.package_identification:_identify(src/rx1/rx1_moveit_config) by extensions ['colcon_meta']
[0.170s] Level 1:colcon.colcon_core.package_identification:_identify(src/rx1/rx1_moveit_config) by extension 'colcon_meta'
[0.170s] Level 1:colcon.colcon_core.package_identification:_identify(src/rx1/rx1_moveit_config) by extensions ['ros']
[0.170s] Level 1:colcon.colcon_core.package_identification:_identify(src/rx1/rx1_moveit_config) by extension 'ros'
[0.170s] DEBUG:colcon.colcon_core.package_identification:Package 'src/rx1/rx1_moveit_config' with type 'ros.ament_cmake' and name 'rx1_moveit_config'
[0.170s] Level 1:colcon.colcon_core.package_discovery:discover_packages(recursive) using defaults
[0.170s] Level 1:colcon.colcon_core.package_discovery:discover_packages(ignore) discover
[0.170s] Level 1:colcon.colcon_core.package_discovery:discover_packages(ignore) using defaults
[0.170s] Level 1:colcon.colcon_core.package_discovery:discover_packages(path) discover
[0.170s] Level 1:colcon.colcon_core.package_discovery:discover_packages(path) using defaults
[0.186s] INFO:colcon.colcon_core.package_selection:Skipping not selected package 'feetech_lib' in 'src/feetech_lib'
[0.186s] INFO:colcon.colcon_core.package_selection:Skipping not selected package 'rx1_description' in 'src/rx1/rx1_description'
[0.186s] INFO:colcon.colcon_core.package_selection:Skipping not selected package 'rx1_ik' in 'src/rx1/rx1_ik'
[0.186s] INFO:colcon.colcon_core.package_selection:Skipping not selected package 'rx1_gazebo' in 'src/rx1/rx1_gazebo'
[0.186s] INFO:colcon.colcon_core.package_selection:Skipping not selected package 'rx1_motor_lib' in 'src/rx1/rx1_motor_lib'
[0.186s] INFO:colcon.colcon_core.package_selection:Skipping not selected package 'rx1_moveit_config' in 'src/rx1/rx1_moveit_config'
[0.186s] INFO:colcon.colcon_core.package_selection:Skipping not selected package 'rx1_bringup' in 'src/rx1/rx1_bringup'
[0.186s] INFO:colcon.colcon_core.package_selection:Skipping not selected package 'rx1' in 'src/rx1/rx1'
[0.187s] Level 1:colcon.colcon_core.package_discovery:discover_packages(prefix_path) check parameters
[0.187s] Level 1:colcon.colcon_core.package_discovery:discover_packages(prefix_path) discover
[0.189s] DEBUG:colcon.colcon_installed_package_information.package_discovery:Found 7 installed packages in /home/oguz/rx1/install
[0.191s] DEBUG:colcon.colcon_installed_package_information.package_discovery:Found 494 installed packages in /opt/ros/jazzy
[0.193s] Level 1:colcon.colcon_core.package_discovery:discover_packages(prefix_path) using defaults
[0.265s] WARNING:colcon.colcon_core.package_selection:Some selected packages are already built in one or more underlay workspaces:
	'rx1_motor' is in: /home/oguz/rx1/install/rx1_motor
If a package in a merged underlay workspace is overridden and it installs headers, then all packages in the overlay must sort their include directories by workspace order. Failure to do so may result in build failures or undefined behavior at run time.
If the overridden package is used by another package in any underlay, then the overriding package in the overlay must be API and ABI compatible or undefined behavior at run time may occur.

If you understand the risks and want to override a package anyways, add the following to the command line:
	--allow-overriding rx1_motor

This may be promoted to an error in a future release of colcon-override-check.
[0.267s] Level 5:colcon.colcon_core.verb:set package 'rx1_motor' build argument 'cmake_args' from command line to 'None'
[0.267s] Level 5:colcon.colcon_core.verb:set package 'rx1_motor' build argument 'cmake_target' from command line to 'None'
[0.267s] Level 5:colcon.colcon_core.verb:set package 'rx1_motor' build argument 'cmake_target_skip_unavailable' from command line to 'False'
[0.267s] Level 5:colcon.colcon_core.verb:set package 'rx1_motor' build argument 'cmake_clean_cache' from command line to 'False'
[0.267s] Level 5:colcon.colcon_core.verb:set package 'rx1_motor' build argument 'cmake_clean_first' from command line to 'False'
[0.267s] Level 5:colcon.colcon_core.verb:set package 'rx1_motor' build argument 'cmake_force_configure' from command line to 'False'
[0.267s] Level 5:colcon.colcon_core.verb:set package 'rx1_motor' build argument 'ament_cmake_args' from command line to 'None'
[0.267s] Level 5:colcon.colcon_core.verb:set package 'rx1_motor' build argument 'catkin_cmake_args' from command line to 'None'
[0.267s] Level 5:colcon.colcon_core.verb:set package 'rx1_motor' build argument 'catkin_skip_building_tests' from command line to 'False'
[0.267s] DEBUG:colcon.colcon_core.verb:Building package 'rx1_motor' with the following arguments: {'ament_cmake_args': None, 'build_base': '/home/oguz/rx1/build/rx1_motor', 'catkin_cmake_args': None, 'catkin_skip_building_tests': False, 'cmake_args': None, 'cmake_clean_cache': False, 'cmake_clean_first': False, 'cmake_force_configure': False, 'cmake_target': None, 'cmake_target_skip_unavailable': False, 'install_base': '/home/oguz/rx1/install/rx1_motor', 'merge_install': False, 'path': '/home/oguz/rx1/src/rx1/rx1_motor', 'symlink_install': False, 'test_result_base': None}
[0.267s] INFO:colcon.colcon_core.executor:Executing jobs using 'parallel' executor
[0.269s] DEBUG:colcon.colcon_parallel_executor.executor.parallel:run_until_complete
[0.269s] INFO:colcon.colcon_ros.task.ament_cmake.build:Building ROS package in '/home/oguz/rx1/src/rx1/rx1_motor' with build type 'ament_cmake'
[0.269s] INFO:colcon.colcon_cmake.task.cmake.build:Building CMake package in '/home/oguz/rx1/src/rx1/rx1_motor'
[0.272s] INFO:colcon.colcon_core.plugin_system:Skipping extension 'colcon_core.shell.bat': Not used on non-Windows systems
[0.272s] INFO:colcon.colcon_core.shell:Skip shell extension 'powershell' for command environment: Not usable outside of PowerShell
[0.272s] DEBUG:colcon.colcon_core.shell:Skip shell extension 'dsv' for command environment
[0.295s] DEBUG:colcon.colcon_core.event_handler.log_command:Invoking command in '/home/oguz/rx1/build/rx1_motor': CMAKE_PREFIX_PATH=/home/oguz/rx1/install/feetech_lib:/home/oguz/rx1/install/rx1_moveit_config:/home/oguz/rx1/install/rx1_gazebo:/home/oguz/rx1/install/rx1_description:/opt/ros/jazzy/opt/gz_sim_vendor:/opt/ros/jazzy/opt/gz_sensors_vendor:/opt/ros/jazzy/opt/gz_physics_vendor:/opt/ros/jazzy/opt/sdformat_vendor:/opt/ros/jazzy/opt/gz_gui_vendor:/opt/ros/jazzy/opt/gz_transport_vendor:/opt/ros/jazzy/opt/gz_rendering_vendor:/opt/ros/jazzy/opt/gz_plugin_vendor:/opt/ros/jazzy/opt/gz_fuel_tools_vendor:/opt/ros/jazzy/opt/gz_msgs_vendor:/opt/ros/jazzy/opt/gz_common_vendor:/opt/ros/jazzy/opt/gz_math_vendor:/opt/ros/jazzy/opt/gz_utils_vendor:/opt/ros/jazzy/opt/gz_tools_vendor:/opt/ros/jazzy/opt/gz_ogre_next_vendor:/opt/ros/jazzy/opt/gz_dartsim_vendor:/opt/ros/jazzy/opt/gz_cmake_vendor:/opt/ros/jazzy DEBUGINFOD_URLS=https://debuginfod.ubuntu.com /usr/bin/cmake /home/oguz/rx1/src/rx1/rx1_motor -DCMAKE_INSTALL_PREFIX=/home/oguz/rx1/install/rx1_motor
[1.156s] DEBUG:colcon.colcon_core.event_handler.log_command:Invoked command in '/home/oguz/rx1/build/rx1_motor' returned '0': CMAKE_PREFIX_PATH=/home/oguz/rx1/install/feetech_lib:/home/oguz/rx1/install/rx1_moveit_config:/home/oguz/rx1/install/rx1_gazebo:/home/oguz/rx1/install/rx1_description:/opt/ros/jazzy/opt/gz_sim_vendor:/opt/ros/jazzy/opt/gz_sensors_vendor:/opt/ros/jazzy/opt/gz_physics_vendor:/opt/ros/jazzy/opt/sdformat_vendor:/opt/ros/jazzy/opt/gz_gui_vendor:/opt/ros/jazzy/opt/gz_transport_vendor:/opt/ros/jazzy/opt/gz_rendering_vendor:/opt/ros/jazzy/opt/gz_plugin_vendor:/opt/ros/jazzy/opt/gz_fuel_tools_vendor:/opt/ros/jazzy/opt/gz_msgs_vendor:/opt/ros/jazzy/opt/gz_common_vendor:/opt/ros/jazzy/opt/gz_math_vendor:/opt/ros/jazzy/opt/gz_utils_vendor:/opt/ros/jazzy/opt/gz_tools_vendor:/opt/ros/jazzy/opt/gz_ogre_next_vendor:/opt/ros/jazzy/opt/gz_dartsim_vendor:/opt/ros/jazzy/opt/gz_cmake_vendor:/opt/ros/jazzy DEBUGINFOD_URLS=https://debuginfod.ubuntu.com /usr/bin/cmake /home/oguz/rx1/src/rx1/rx1_motor -DCMAKE_INSTALL_PREFIX=/home/oguz/rx1/install/rx1_motor
[1.160s] DEBUG:colcon.colcon_core.event_handler.log_command:Invoking command in '/home/oguz/rx1/build/rx1_motor': CMAKE_PREFIX_PATH=/home/oguz/rx1/install/feetech_lib:/home/oguz/rx1/install/rx1_moveit_config:/home/oguz/rx1/install/rx1_gazebo:/home/oguz/rx1/install/rx1_description:/opt/ros/jazzy/opt/gz_sim_vendor:/opt/ros/jazzy/opt/gz_sensors_vendor:/opt/ros/jazzy/opt/gz_physics_vendor:/opt/ros/jazzy/opt/sdformat_vendor:/opt/ros/jazzy/opt/gz_gui_vendor:/opt/ros/jazzy/opt/gz_transport_vendor:/opt/ros/jazzy/opt/gz_rendering_vendor:/opt/ros/jazzy/opt/gz_plugin_vendor:/opt/ros/jazzy/opt/gz_fuel_tools_vendor:/opt/ros/jazzy/opt/gz_msgs_vendor:/opt/ros/jazzy/opt/gz_common_vendor:/opt/ros/jazzy/opt/gz_math_vendor:/opt/ros/jazzy/opt/gz_utils_vendor:/opt/ros/jazzy/opt/gz_tools_vendor:/opt/ros/jazzy/opt/gz_ogre_next_vendor:/opt/ros/jazzy/opt/gz_dartsim_vendor:/opt/ros/jazzy/opt/gz_cmake_vendor:/opt/ros/jazzy DEBUGINFOD_URLS=https://debuginfod.ubuntu.com /usr/bin/cmake --build /home/oguz/rx1/build/rx1_motor -- -j16 -l16
[13.513s] DEBUG:colcon.colcon_core.event_handler.log_command:Invoked command in '/home/oguz/rx1/build/rx1_motor' returned '0': CMAKE_PREFIX_PATH=/home/oguz/rx1/install/feetech_lib:/home/oguz/rx1/install/rx1_moveit_config:/home/oguz/rx1/install/rx1_gazebo:/home/oguz/rx1/install/rx1_description:/opt/ros/jazzy/opt/gz_sim_vendor:/opt/ros/jazzy/opt/gz_sensors_vendor:/opt/ros/jazzy/opt/gz_physics_vendor:/opt/ros/jazzy/opt/sdformat_vendor:/opt/ros/jazzy/opt/gz_gui_vendor:/opt/ros/jazzy/opt/gz_transport_vendor:/opt/ros/jazzy/opt/gz_rendering_vendor:/opt/ros/jazzy/opt/gz_plugin_vendor:/opt/ros/jazzy/opt/gz_fuel_tools_vendor:/opt/ros/jazzy/opt/gz_msgs_vendor:/opt/ros/jazzy/opt/gz_common_vendor:/opt/ros/jazzy/opt/gz_math_vendor:/opt/ros/jazzy/opt/gz_utils_vendor:/opt/ros/jazzy/opt/gz_tools_vendor:/opt/ros/jazzy/opt/gz_ogre_next_vendor:/opt/ros/jazzy/opt/gz_dartsim_vendor:/opt/ros/jazzy/opt/gz_cmake_vendor:/opt/ros/jazzy DEBUGINFOD_URLS=https://debuginfod.ubuntu.com /usr/bin/cmake --build /home/oguz/rx1/build/rx1_motor -- -j16 -l16
[13.525s] DEBUG:colcon.colcon_core.event_handler.log_command:Invoking command in '/home/oguz/rx1/build/rx1_motor': CMAKE_PREFIX_PATH=/home/oguz/rx1/install/feetech_lib:/home/oguz/rx1/install/rx1_moveit_config:/home/oguz/rx1/install/rx1_gazebo:/home/oguz/rx1/install/rx1_description:/opt/ros/jazzy/opt/gz_sim_vendor:/opt/ros/jazzy/opt/gz_sensors_vendor:/opt/ros/jazzy/opt/gz_physics_vendor:/opt/ros/jazzy/opt/sdformat_vendor:/opt/ros/jazzy/opt/gz_gui_vendor:/opt/ros/jazzy/opt/gz_transport_vendor:/opt/ros/jazzy/opt/gz_rendering_vendor:/opt/ros/jazzy/opt/gz_plugin_vendor:/opt/ros/jazzy/opt/gz_fuel_tools_vendor:/opt/ros/jazzy/opt/gz_msgs_vendor:/opt/ros/jazzy/opt/gz_common_vendor:/opt/ros/jazzy/opt/gz_math_vendor:/opt/ros/jazzy/opt/gz_utils_vendor:/opt/ros/jazzy/opt/gz_tools_vendor:/opt/ros/jazzy/opt/gz_ogre_next_vendor:/opt/ros/jazzy/opt/gz_dartsim_vendor:/opt/ros/jazzy/opt/gz_cmake_vendor:/opt/ros/jazzy DEBUGINFOD_URLS=https://debuginfod.ubuntu.com /usr/bin/cmake --install /home/oguz/rx1/build/rx1_motor
[13.562s] Level 1:colcon.colcon_core.environment:create_environment_scripts_only(rx1_motor)
[13.568s] DEBUG:colcon.colcon_core.event_handler.log_command:Invoked command in '/home/oguz/rx1/build/rx1_motor' returned '0': CMAKE_PREFIX_PATH=/home/oguz/rx1/install/feetech_lib:/home/oguz/rx1/install/rx1_moveit_config:/home/oguz/rx1/install/rx1_gazebo:/home/oguz/rx1/install/rx1_description:/opt/ros/jazzy/opt/gz_sim_vendor:/opt/ros/jazzy/opt/gz_sensors_vendor:/opt/ros/jazzy/opt/gz_physics_vendor:/opt/ros/jazzy/opt/sdformat_vendor:/opt/ros/jazzy/opt/gz_gui_vendor:/opt/ros/jazzy/opt/gz_transport_vendor:/opt/ros/jazzy/opt/gz_rendering_vendor:/opt/ros/jazzy/opt/gz_plugin_vendor:/opt/ros/jazzy/opt/gz_fuel_tools_vendor:/opt/ros/jazzy/opt/gz_msgs_vendor:/opt/ros/jazzy/opt/gz_common_vendor:/opt/ros/jazzy/opt/gz_math_vendor:/opt/ros/jazzy/opt/gz_utils_vendor:/opt/ros/jazzy/opt/gz_tools_vendor:/opt/ros/jazzy/opt/gz_ogre_next_vendor:/opt/ros/jazzy/opt/gz_dartsim_vendor:/opt/ros/jazzy/opt/gz_cmake_vendor:/opt/ros/jazzy DEBUGINFOD_URLS=https://debuginfod.ubuntu.com /usr/bin/cmake --install /home/oguz/rx1/build/rx1_motor
[13.572s] Level 1:colcon.colcon_core.environment:checking '/home/oguz/rx1/install/rx1_motor' for CMake module files
[13.574s] Level 1:colcon.colcon_core.environment:checking '/home/oguz/rx1/install/rx1_motor' for CMake config files
[13.575s] Level 1:colcon.colcon_core.shell:create_environment_hook('rx1_motor', 'cmake_prefix_path')
[13.575s] INFO:colcon.colcon_core.shell:Creating environment hook '/home/oguz/rx1/install/rx1_motor/share/rx1_motor/hook/cmake_prefix_path.ps1'
[13.576s] INFO:colcon.colcon_core.shell:Creating environment descriptor '/home/oguz/rx1/install/rx1_motor/share/rx1_motor/hook/cmake_prefix_path.dsv'
[13.576s] INFO:colcon.colcon_core.shell:Creating environment hook '/home/oguz/rx1/install/rx1_motor/share/rx1_motor/hook/cmake_prefix_path.sh'
[13.578s] Level 1:colcon.colcon_core.environment:checking '/home/oguz/rx1/install/rx1_motor/lib'
[13.578s] Level 1:colcon.colcon_core.environment:checking '/home/oguz/rx1/install/rx1_motor/bin'
[13.578s] Level 1:colcon.colcon_core.environment:checking '/home/oguz/rx1/install/rx1_motor/lib/pkgconfig/rx1_motor.pc'
[13.579s] Level 1:colcon.colcon_core.environment:checking '/home/oguz/rx1/install/rx1_motor/lib/python3.12/site-packages'
[13.580s] Level 1:colcon.colcon_core.environment:checking '/home/oguz/rx1/install/rx1_motor/bin'
[13.580s] INFO:colcon.colcon_core.shell:Creating package script '/home/oguz/rx1/install/rx1_motor/share/rx1_motor/package.ps1'
[13.582s] INFO:colcon.colcon_core.shell:Creating package descriptor '/home/oguz/rx1/install/rx1_motor/share/rx1_motor/package.dsv'
[13.583s] INFO:colcon.colcon_core.shell:Creating package script '/home/oguz/rx1/install/rx1_motor/share/rx1_motor/package.sh'
[13.584s] INFO:colcon.colcon_core.shell:Creating package script '/home/oguz/rx1/install/rx1_motor/share/rx1_motor/package.bash'
[13.586s] INFO:colcon.colcon_core.shell:Creating package script '/home/oguz/rx1/install/rx1_motor/share/rx1_motor/package.zsh'
[13.587s] Level 1:colcon.colcon_core.environment:create_file_with_runtime_dependencies(/home/oguz/rx1/install/rx1_motor/share/colcon-core/packages/rx1_motor)
[13.588s] Level 1:colcon.colcon_core.environment:create_environment_scripts_only(rx1_motor)
[13.589s] Level 1:colcon.colcon_core.environment:checking '/home/oguz/rx1/install/rx1_motor' for CMake module files
[13.590s] Level 1:colcon.colcon_core.environment:checking '/home/oguz/rx1/install/rx1_motor' for CMake config files
[13.591s] Level 1:colcon.colcon_core.shell:create_environment_hook('rx1_motor', 'cmake_prefix_path')
[13.591s] INFO:colcon.colcon_core.shell:Creating environment hook '/home/oguz/rx1/install/rx1_motor/share/rx1_motor/hook/cmake_prefix_path.ps1'
[13.592s] INFO:colcon.colcon_core.shell:Creating environment descriptor '/home/oguz/rx1/install/rx1_motor/share/rx1_motor/hook/cmake_prefix_path.dsv'
[13.593s] INFO:colcon.colcon_core.shell:Creating environment hook '/home/oguz/rx1/install/rx1_motor/share/rx1_motor/hook/cmake_prefix_path.sh'
[13.594s] Level 1:colcon.colcon_core.environment:checking '/home/oguz/rx1/install/rx1_motor/lib'
[13.595s] Level 1:colcon.colcon_core.environment:checking '/home/oguz/rx1/install/rx1_motor/bin'
[13.595s] Level 1:colcon.colcon_core.environment:checking '/home/oguz/rx1/install/rx1_motor/lib/pkgconfig/rx1_motor.pc'
[13.595s] Level 1:colcon.colcon_core.environment:checking '/home/oguz/rx1/install/rx1_motor/lib/python3.12/site-packages'
[13.596s] Level 1:colcon.colcon_core.environment:checking '/home/oguz/rx1/install/rx1_motor/bin'
[13.596s] INFO:colcon.colcon_core.shell:Creating package script '/home/oguz/rx1/install/rx1_motor/share/rx1_motor/package.ps1'
[13.598s] INFO:colcon.colcon_core.shell:Creating package descriptor '/home/oguz/rx1/install/rx1_motor/share/rx1_motor/package.dsv'
[13.599s] INFO:colcon.colcon_core.shell:Creating package script '/home/oguz/rx1/install/rx1_motor/share/rx1_motor/package.sh'
[13.600s] INFO:colcon.colcon_core.shell:Creating package script '/home/oguz/rx1/install/rx1_motor/share/rx1_motor/package.bash'
[13.601s] INFO:colcon.colcon_core.shell:Creating package script '/home/oguz/rx1/install/rx1_motor/share/rx1_motor/package.zsh'
[13.602s] Level 1:colcon.colcon_core.environment:create_file_with_runtime_dependencies(/home/oguz/rx1/install/rx1_motor/share/colcon-core/packages/rx1_motor)
[13.602s] DEBUG:colcon.colcon_parallel_executor.executor.parallel:closing loop
[13.603s] DEBUG:colcon.colcon_parallel_executor.executor.parallel:loop closed
[13.603s] DEBUG:colcon.colcon_parallel_executor.executor.parallel:run_until_complete finished with '0'
[13.603s] DEBUG:colcon.colcon_core.event_reactor:joining thread
[13.616s] INFO:colcon.colcon_core.plugin_system:Skipping extension 'colcon_notification.desktop_notification.terminal_notifier': Not used on non-Darwin systems
[13.617s] INFO:colcon.colcon_core.plugin_system:Skipping extension 'colcon_notification.desktop_notification.win32': Not used on non-Windows systems
[13.617s] INFO:colcon.colcon_notification.desktop_notification:Sending desktop notification using 'notify2'
[13.617s] DEBUG:colcon.colcon_notification.desktop_notification.notify2:Failed to initialize notify2: org.freedesktop.DBus.Error.AccessDenied: Failed to connect to socket /run/user/1000/bus: Operation not permitted
[13.617s] DEBUG:colcon.colcon_core.event_reactor:joined thread
[13.618s] INFO:colcon.colcon_core.shell:Creating prefix script '/home/oguz/rx1/install/local_setup.ps1'
[13.621s] INFO:colcon.colcon_core.shell:Creating prefix util module '/home/oguz/rx1/install/_local_setup_util_ps1.py'
[13.624s] INFO:colcon.colcon_core.shell:Creating prefix chain script '/home/oguz/rx1/install/setup.ps1'
[13.628s] INFO:colcon.colcon_core.shell:Creating prefix script '/home/oguz/rx1/install/local_setup.sh'
[13.630s] INFO:colcon.colcon_core.shell:Creating prefix util module '/home/oguz/rx1/install/_local_setup_util_sh.py'
[13.632s] INFO:colcon.colcon_core.shell:Creating prefix chain script '/home/oguz/rx1/install/setup.sh'
[13.636s] INFO:colcon.colcon_core.shell:Creating prefix script '/home/oguz/rx1/install/local_setup.bash'
[13.638s] INFO:colcon.colcon_core.shell:Creating prefix chain script '/home/oguz/rx1/install/setup.bash'
[13.642s] INFO:colcon.colcon_core.shell:Creating prefix script '/home/oguz/rx1/install/local_setup.zsh'
[13.643s] INFO:colcon.colcon_core.shell:Creating prefix chain script '/home/oguz/rx1/install/setup.zsh'
