[0.016s] Invoking command in '/home/oguz/rx1/build/rx1_description': CMAKE_PREFIX_PATH=${CMAKE_PREFIX_PATH}:/opt/ros/jazzy DEBUGINFOD_URLS=https://debuginfod.ubuntu.com /usr/bin/cmake /home/oguz/rx1/src/rx1/rx1_description -DCMAKE_INSTALL_PREFIX=/home/oguz/rx1/install/rx1_description
[0.177s] -- The C compiler identification is GNU 13.3.0
[0.318s] -- The CXX compiler identification is GNU 13.3.0
[0.362s] -- Detecting C compiler ABI info
[0.497s] -- Detecting C compiler ABI info - done
[0.507s] -- Check for working C compiler: /usr/bin/cc - skipped
[0.507s] -- Detecting C compile features
[0.507s] -- Detecting C compile features - done
[0.521s] -- Detecting CXX compiler ABI info
[0.658s] -- Detecting CXX compiler ABI info - done
[0.681s] -- Check for working CXX compiler: /usr/bin/c++ - skipped
[0.682s] -- Detecting CXX compile features
[0.683s] -- Detecting CXX compile features - done
[0.711s] -- Found ament_cmake: 2.5.5 (/opt/ros/jazzy/share/ament_cmake/cmake)
[0.960s] -- Found Python3: /usr/bin/python3 (found version "3.12.3") found components: Interpreter 
[1.275s] -- Configuring done (1.2s)
[1.278s] -- Generating done (0.0s)
[1.283s] -- Build files have been written to: /home/oguz/rx1/build/rx1_description
[1.288s] Invoked command in '/home/oguz/rx1/build/rx1_description' returned '0': CMAKE_PREFIX_PATH=${CMAKE_PREFIX_PATH}:/opt/ros/jazzy DEBUGINFOD_URLS=https://debuginfod.ubuntu.com /usr/bin/cmake /home/oguz/rx1/src/rx1/rx1_description -DCMAKE_INSTALL_PREFIX=/home/oguz/rx1/install/rx1_description
[1.290s] Invoking command in '/home/oguz/rx1/build/rx1_description': CMAKE_PREFIX_PATH=${CMAKE_PREFIX_PATH}:/opt/ros/jazzy DEBUGINFOD_URLS=https://debuginfod.ubuntu.com /usr/bin/cmake --build /home/oguz/rx1/build/rx1_description -- -j16 -l16
[1.364s] Invoked command in '/home/oguz/rx1/build/rx1_description' returned '0': CMAKE_PREFIX_PATH=${CMAKE_PREFIX_PATH}:/opt/ros/jazzy DEBUGINFOD_URLS=https://debuginfod.ubuntu.com /usr/bin/cmake --build /home/oguz/rx1/build/rx1_description -- -j16 -l16
[1.385s] Invoking command in '/home/oguz/rx1/build/rx1_description': CMAKE_PREFIX_PATH=${CMAKE_PREFIX_PATH}:/opt/ros/jazzy DEBUGINFOD_URLS=https://debuginfod.ubuntu.com /usr/bin/cmake --install /home/oguz/rx1/build/rx1_description
[1.408s] -- Install configuration: ""
[1.408s] -- Installing: /home/oguz/rx1/install/rx1_description/share/rx1_description/launch
[1.408s] -- Installing: /home/oguz/rx1/install/rx1_description/share/rx1_description/launch/record_urdf_test.launch
[1.409s] -- Installing: /home/oguz/rx1/install/rx1_description/share/rx1_description/launch/urdf.launch.py
[1.409s] -- Installing: /home/oguz/rx1/install/rx1_description/share/rx1_description/launch/urdf_test.launch.py
[1.410s] -- Installing: /home/oguz/rx1/install/rx1_description/share/rx1_description/launch/urdf_test.launch
[1.410s] -- Installing: /home/oguz/rx1/install/rx1_description/share/rx1_description/launch/__pycache__
[1.411s] -- Installing: /home/oguz/rx1/install/rx1_description/share/rx1_description/launch/__pycache__/record_urdf_test.launch.cpython-312.pyc
[1.411s] -- Installing: /home/oguz/rx1/install/rx1_description/share/rx1_description/launch/__pycache__/urdf.launch.cpython-312.pyc
[1.412s] -- Installing: /home/oguz/rx1/install/rx1_description/share/rx1_description/launch/__pycache__/urdf_test.launch.cpython-312.pyc
[1.412s] -- Installing: /home/oguz/rx1/install/rx1_description/share/rx1_description/launch/record_urdf_test.launch.py
[1.413s] -- Installing: /home/oguz/rx1/install/rx1_description/share/rx1_description/launch/urdf.launch
[1.413s] -- Installing: /home/oguz/rx1/install/rx1_description/share/rx1_description/meshes
[1.413s] -- Installing: /home/oguz/rx1/install/rx1_description/share/rx1_description/meshes/head
[1.414s] -- Installing: /home/oguz/rx1/install/rx1_description/share/rx1_description/meshes/head/head_depth_cam_mount_link.stl
[1.438s] -- Installing: /home/oguz/rx1/install/rx1_description/share/rx1_description/meshes/head/left_ear_link.stl
[1.438s] -- Installing: /home/oguz/rx1/install/rx1_description/share/rx1_description/meshes/head/neck_yaw_link.stl
[1.439s] -- Installing: /home/oguz/rx1/install/rx1_description/share/rx1_description/meshes/head/neck_pitch_link.stl
[1.441s] -- Installing: /home/oguz/rx1/install/rx1_description/share/rx1_description/meshes/head/right_ear_link.stl
[1.442s] -- Installing: /home/oguz/rx1/install/rx1_description/share/rx1_description/meshes/head/head_base_link.stl
[1.443s] -- Installing: /home/oguz/rx1/install/rx1_description/share/rx1_description/meshes/torso_link.stl
[1.445s] -- Installing: /home/oguz/rx1/install/rx1_description/share/rx1_description/meshes/right_arm
[1.446s] -- Installing: /home/oguz/rx1/install/rx1_description/share/rx1_description/meshes/right_arm/right_forearm_link.stl
[1.447s] -- Installing: /home/oguz/rx1/install/rx1_description/share/rx1_description/meshes/right_arm/right_forearm_yaw_link v3.stl
[1.448s] -- Installing: /home/oguz/rx1/install/rx1_description/share/rx1_description/meshes/right_arm/right_elbow_link.stl
[1.451s] -- Installing: /home/oguz/rx1/install/rx1_description/share/rx1_description/meshes/right_arm/right_upper_arm_link v4.stl
[1.452s] -- Installing: /home/oguz/rx1/install/rx1_description/share/rx1_description/meshes/right_arm/right_hand_link.stl
[1.454s] -- Installing: /home/oguz/rx1/install/rx1_description/share/rx1_description/meshes/right_arm/right_shoul_link v2.stl
[1.456s] -- Installing: /home/oguz/rx1/install/rx1_description/share/rx1_description/meshes/right_arm/right_forearm_pitch_link v2.stl
[1.457s] -- Installing: /home/oguz/rx1/install/rx1_description/share/rx1_description/meshes/right_arm/right_forearm_roll_link.stl
[1.457s] -- Installing: /home/oguz/rx1/install/rx1_description/share/rx1_description/meshes/right_arm/right_upper_arm_link.stl
[1.459s] -- Installing: /home/oguz/rx1/install/rx1_description/share/rx1_description/meshes/right_arm/right_shoul_base_link v2.stl
[1.461s] -- Installing: /home/oguz/rx1/install/rx1_description/share/rx1_description/meshes/left_arm
[1.462s] -- Installing: /home/oguz/rx1/install/rx1_description/share/rx1_description/meshes/left_arm/left_elbow_link.stl
[1.464s] -- Installing: /home/oguz/rx1/install/rx1_description/share/rx1_description/meshes/left_arm/left_hand_link.stl
[1.466s] -- Installing: /home/oguz/rx1/install/rx1_description/share/rx1_description/meshes/left_arm/left_upper_arm_link.stl
[1.469s] -- Installing: /home/oguz/rx1/install/rx1_description/share/rx1_description/meshes/left_arm/left_forearm_link.stl
[1.470s] -- Installing: /home/oguz/rx1/install/rx1_description/share/rx1_description/meshes/base_link.stl
[1.482s] -- Installing: /home/oguz/rx1/install/rx1_description/share/rx1_description/meshes/torso_yaw_link.stl
[1.506s] -- Installing: /home/oguz/rx1/install/rx1_description/share/rx1_description/meshes/archive
[1.507s] -- Installing: /home/oguz/rx1/install/rx1_description/share/rx1_description/meshes/archive/torso_base_link.stl
[1.516s] -- Installing: /home/oguz/rx1/install/rx1_description/share/rx1_description/meshes/archive/torso_link.stl
[1.517s] -- Installing: /home/oguz/rx1/install/rx1_description/share/rx1_description/meshes/archive/torso_link_v2.stl
[1.518s] -- Installing: /home/oguz/rx1/install/rx1_description/share/rx1_description/rviz
[1.518s] -- Installing: /home/oguz/rx1/install/rx1_description/share/rx1_description/rviz/urdf.rviz
[1.519s] -- Installing: /home/oguz/rx1/install/rx1_description/share/rx1_description/scripts
[1.519s] -- Installing: /home/oguz/rx1/install/rx1_description/share/rx1_description/scripts/calc_inertia.py
[1.519s] -- Installing: /home/oguz/rx1/install/rx1_description/share/rx1_description/urdf
[1.519s] -- Installing: /home/oguz/rx1/install/rx1_description/share/rx1_description/urdf/rx1.gazebo.urdf
[1.519s] -- Installing: /home/oguz/rx1/install/rx1_description/share/rx1_description/urdf/rx1.urdf.xacro
[1.519s] -- Installing: /home/oguz/rx1/install/rx1_description/share/rx1_description/urdf/transmission.urdf
[1.519s] -- Installing: /home/oguz/rx1/install/rx1_description/share/rx1_description/urdf/rx1.urdf
[1.520s] -- Installing: /home/oguz/rx1/install/rx1_description/share/ament_index/resource_index/package_run_dependencies/rx1_description
[1.520s] -- Installing: /home/oguz/rx1/install/rx1_description/share/ament_index/resource_index/parent_prefix_path/rx1_description
[1.521s] -- Installing: /home/oguz/rx1/install/rx1_description/share/rx1_description/environment/ament_prefix_path.sh
[1.521s] -- Installing: /home/oguz/rx1/install/rx1_description/share/rx1_description/environment/ament_prefix_path.dsv
[1.521s] -- Installing: /home/oguz/rx1/install/rx1_description/share/rx1_description/environment/path.sh
[1.521s] -- Installing: /home/oguz/rx1/install/rx1_description/share/rx1_description/environment/path.dsv
[1.521s] -- Installing: /home/oguz/rx1/install/rx1_description/share/rx1_description/local_setup.bash
[1.522s] -- Installing: /home/oguz/rx1/install/rx1_description/share/rx1_description/local_setup.sh
[1.522s] -- Installing: /home/oguz/rx1/install/rx1_description/share/rx1_description/local_setup.zsh
[1.522s] -- Installing: /home/oguz/rx1/install/rx1_description/share/rx1_description/local_setup.dsv
[1.522s] -- Installing: /home/oguz/rx1/install/rx1_description/share/rx1_description/package.dsv
[1.523s] -- Installing: /home/oguz/rx1/install/rx1_description/share/ament_index/resource_index/packages/rx1_description
[1.523s] -- Installing: /home/oguz/rx1/install/rx1_description/share/rx1_description/cmake/rx1_descriptionConfig.cmake
[1.523s] -- Installing: /home/oguz/rx1/install/rx1_description/share/rx1_description/cmake/rx1_descriptionConfig-version.cmake
[1.523s] -- Installing: /home/oguz/rx1/install/rx1_description/share/rx1_description/package.xml
[1.526s] Invoked command in '/home/oguz/rx1/build/rx1_description' returned '0': CMAKE_PREFIX_PATH=${CMAKE_PREFIX_PATH}:/opt/ros/jazzy DEBUGINFOD_URLS=https://debuginfod.ubuntu.com /usr/bin/cmake --install /home/oguz/rx1/build/rx1_description
