[0.011s] Invoking command in '/home/oguz/rx1/build/rx1_motor': CMAKE_PREFIX_PATH=${CMAKE_PREFIX_PATH}:/opt/ros/jazzy DEBUGINFOD_URLS=https://debuginfod.ubuntu.com /usr/bin/cmake /home/oguz/rx1/src/rx1/rx1_motor -DCMAKE_INSTALL_PREFIX=/home/oguz/rx1/install/rx1_motor
[0.079s] -- The C compiler identification is GNU 13.3.0
[0.168s] -- The CXX compiler identification is GNU 13.3.0
[0.193s] -- Detecting C compiler ABI info
[0.321s] -- Detecting C compiler ABI info - done
[0.347s] -- Check for working C compiler: /usr/bin/cc - skipped
[0.348s] -- Detecting C compile features
[0.349s] -- Detecting C compile features - done
[0.363s] -- Detecting CXX compiler ABI info
[0.522s] -- Detecting CXX compiler ABI info - done
[0.534s] -- Check for working CXX compiler: /usr/bin/c++ - skipped
[0.534s] -- Detecting CXX compile features
[0.535s] -- Detecting CXX compile features - done
[0.542s] -- Found ament_cmake: 2.5.5 (/opt/ros/jazzy/share/ament_cmake/cmake)
[0.795s] -- Found Python3: /usr/bin/python3 (found version "3.12.3") found components: Interpreter 
[0.991s] -- Found rclcpp: 28.1.16 (/opt/ros/jazzy/share/rclcpp/cmake)
[1.065s] -- Found rosidl_generator_c: 4.6.7 (/opt/ros/jazzy/share/rosidl_generator_c/cmake)
[1.090s] -- Found rosidl_generator_cpp: 4.6.7 (/opt/ros/jazzy/share/rosidl_generator_cpp/cmake)
[1.116s] -- Using all available rosidl_typesupport_c: rosidl_typesupport_fastrtps_c;rosidl_typesupport_introspection_c
[1.145s] -- Using all available rosidl_typesupport_cpp: rosidl_typesupport_fastrtps_cpp;rosidl_typesupport_introspection_cpp
[1.272s] -- Found rmw_implementation_cmake: 7.3.3 (/opt/ros/jazzy/share/rmw_implementation_cmake/cmake)
[1.280s] -- Found rmw_fastrtps_cpp: 8.4.3 (/opt/ros/jazzy/share/rmw_fastrtps_cpp/cmake)
[1.444s] -- Found OpenSSL: /usr/lib/x86_64-linux-gnu/libcrypto.so (found version "3.0.13")  
[1.476s] -- Found FastRTPS: /opt/ros/jazzy/include (Required is at least version "2.13") 
[1.505s] -- Using RMW implementation 'rmw_fastrtps_cpp' as default
[1.624s] -- Found sensor_msgs: 5.3.6 (/opt/ros/jazzy/share/sensor_msgs/cmake)
[1.710s] CMake Error at CMakeLists.txt:12 (find_package):
[1.710s]   By not providing "Findfeetech_lib.cmake" in CMAKE_MODULE_PATH this project
[1.710s]   has asked CMake to find a package configuration file provided by
[1.710s]   "feetech_lib", but CMake did not find one.
[1.710s] 
[1.710s]   Could not find a package configuration file provided by "feetech_lib" with
[1.710s]   any of the following names:
[1.710s] 
[1.711s]     feetech_libConfig.cmake
[1.711s]     feetech_lib-config.cmake
[1.711s] 
[1.711s]   Add the installation prefix of "feetech_lib" to CMAKE_PREFIX_PATH or set
[1.711s]   "feetech_lib_DIR" to a directory containing one of the above files.  If
[1.711s]   "feetech_lib" provides a separate development package or SDK, be sure it
[1.711s]   has been installed.
[1.711s] 
[1.711s] 
[1.712s] -- Configuring incomplete, errors occurred!
[1.721s] Invoked command in '/home/oguz/rx1/build/rx1_motor' returned '1': CMAKE_PREFIX_PATH=${CMAKE_PREFIX_PATH}:/opt/ros/jazzy DEBUGINFOD_URLS=https://debuginfod.ubuntu.com /usr/bin/cmake /home/oguz/rx1/src/rx1/rx1_motor -DCMAKE_INSTALL_PREFIX=/home/oguz/rx1/install/rx1_motor
