[0.019s] Invoking command in '/home/oguz/rx1/build/rx1_moveit_config': CMAKE_PREFIX_PATH=/home/oguz/rx1/install/rx1_description:/home/oguz/rx1/install/rx1_moveit_config:/home/oguz/rx1/install/rx1_motor:/home/oguz/rx1/install/rx1_gazebo:/home/oguz/rx1/install/feetech_lib:/opt/ros/jazzy/opt/gz_sim_vendor:/opt/ros/jazzy/opt/gz_sensors_vendor:/opt/ros/jazzy/opt/gz_physics_vendor:/opt/ros/jazzy/opt/sdformat_vendor:/opt/ros/jazzy/opt/gz_gui_vendor:/opt/ros/jazzy/opt/gz_transport_vendor:/opt/ros/jazzy/opt/gz_rendering_vendor:/opt/ros/jazzy/opt/gz_plugin_vendor:/opt/ros/jazzy/opt/gz_fuel_tools_vendor:/opt/ros/jazzy/opt/gz_msgs_vendor:/opt/ros/jazzy/opt/gz_common_vendor:/opt/ros/jazzy/opt/gz_math_vendor:/opt/ros/jazzy/opt/gz_utils_vendor:/opt/ros/jazzy/opt/gz_tools_vendor:/opt/ros/jazzy/opt/gz_ogre_next_vendor:/opt/ros/jazzy/opt/gz_dartsim_vendor:/opt/ros/jazzy/opt/gz_cmake_vendor:/opt/ros/jazzy DEBUGINFOD_URLS=https://debuginfod.ubuntu.com /usr/bin/cmake --build /home/oguz/rx1/build/rx1_moveit_config -- -j16 -l16
[0.123s] Invoked command in '/home/oguz/rx1/build/rx1_moveit_config' returned '0': CMAKE_PREFIX_PATH=/home/oguz/rx1/install/rx1_description:/home/oguz/rx1/install/rx1_moveit_config:/home/oguz/rx1/install/rx1_motor:/home/oguz/rx1/install/rx1_gazebo:/home/oguz/rx1/install/feetech_lib:/opt/ros/jazzy/opt/gz_sim_vendor:/opt/ros/jazzy/opt/gz_sensors_vendor:/opt/ros/jazzy/opt/gz_physics_vendor:/opt/ros/jazzy/opt/sdformat_vendor:/opt/ros/jazzy/opt/gz_gui_vendor:/opt/ros/jazzy/opt/gz_transport_vendor:/opt/ros/jazzy/opt/gz_rendering_vendor:/opt/ros/jazzy/opt/gz_plugin_vendor:/opt/ros/jazzy/opt/gz_fuel_tools_vendor:/opt/ros/jazzy/opt/gz_msgs_vendor:/opt/ros/jazzy/opt/gz_common_vendor:/opt/ros/jazzy/opt/gz_math_vendor:/opt/ros/jazzy/opt/gz_utils_vendor:/opt/ros/jazzy/opt/gz_tools_vendor:/opt/ros/jazzy/opt/gz_ogre_next_vendor:/opt/ros/jazzy/opt/gz_dartsim_vendor:/opt/ros/jazzy/opt/gz_cmake_vendor:/opt/ros/jazzy DEBUGINFOD_URLS=https://debuginfod.ubuntu.com /usr/bin/cmake --build /home/oguz/rx1/build/rx1_moveit_config -- -j16 -l16
[0.150s] Invoking command in '/home/oguz/rx1/build/rx1_moveit_config': CMAKE_PREFIX_PATH=/home/oguz/rx1/install/rx1_description:/home/oguz/rx1/install/rx1_moveit_config:/home/oguz/rx1/install/rx1_motor:/home/oguz/rx1/install/rx1_gazebo:/home/oguz/rx1/install/feetech_lib:/opt/ros/jazzy/opt/gz_sim_vendor:/opt/ros/jazzy/opt/gz_sensors_vendor:/opt/ros/jazzy/opt/gz_physics_vendor:/opt/ros/jazzy/opt/sdformat_vendor:/opt/ros/jazzy/opt/gz_gui_vendor:/opt/ros/jazzy/opt/gz_transport_vendor:/opt/ros/jazzy/opt/gz_rendering_vendor:/opt/ros/jazzy/opt/gz_plugin_vendor:/opt/ros/jazzy/opt/gz_fuel_tools_vendor:/opt/ros/jazzy/opt/gz_msgs_vendor:/opt/ros/jazzy/opt/gz_common_vendor:/opt/ros/jazzy/opt/gz_math_vendor:/opt/ros/jazzy/opt/gz_utils_vendor:/opt/ros/jazzy/opt/gz_tools_vendor:/opt/ros/jazzy/opt/gz_ogre_next_vendor:/opt/ros/jazzy/opt/gz_dartsim_vendor:/opt/ros/jazzy/opt/gz_cmake_vendor:/opt/ros/jazzy DEBUGINFOD_URLS=https://debuginfod.ubuntu.com /usr/bin/cmake --install /home/oguz/rx1/build/rx1_moveit_config
[0.171s] -- Install configuration: ""
[0.172s] -- Up-to-date: /home/oguz/rx1/install/rx1_moveit_config/share/rx1_moveit_config/config
[0.172s] -- Up-to-date: /home/oguz/rx1/install/rx1_moveit_config/share/rx1_moveit_config/config/ompl_planning.yaml
[0.173s] -- Up-to-date: /home/oguz/rx1/install/rx1_moveit_config/share/rx1_moveit_config/config/moveit.rviz
[0.173s] -- Up-to-date: /home/oguz/rx1/install/rx1_moveit_config/share/rx1_moveit_config/config/kinematics.yaml
[0.174s] -- Up-to-date: /home/oguz/rx1/install/rx1_moveit_config/share/rx1_moveit_config/config/joint_limits.yaml
[0.174s] -- Up-to-date: /home/oguz/rx1/install/rx1_moveit_config/share/rx1_moveit_config/config/moveit_controllers.yaml
[0.175s] -- Up-to-date: /home/oguz/rx1/install/rx1_moveit_config/share/rx1_moveit_config/config/rx1.srdf
[0.175s] -- Up-to-date: /home/oguz/rx1/install/rx1_moveit_config/share/rx1_moveit_config/launch
[0.176s] -- Installing: /home/oguz/rx1/install/rx1_moveit_config/share/rx1_moveit_config/launch/demo.launch.py
[0.177s] -- Up-to-date: /home/oguz/rx1/install/rx1_moveit_config/share/rx1_moveit_config/launch/__pycache__
[0.178s] -- Installing: /home/oguz/rx1/install/rx1_moveit_config/share/rx1_moveit_config/launch/__pycache__/demo.launch.cpython-312.pyc
[0.179s] -- Up-to-date: /home/oguz/rx1/install/rx1_moveit_config/share/ament_index/resource_index/package_run_dependencies/rx1_moveit_config
[0.180s] -- Up-to-date: /home/oguz/rx1/install/rx1_moveit_config/share/ament_index/resource_index/parent_prefix_path/rx1_moveit_config
[0.181s] -- Up-to-date: /home/oguz/rx1/install/rx1_moveit_config/share/rx1_moveit_config/environment/ament_prefix_path.sh
[0.182s] -- Up-to-date: /home/oguz/rx1/install/rx1_moveit_config/share/rx1_moveit_config/environment/ament_prefix_path.dsv
[0.182s] -- Up-to-date: /home/oguz/rx1/install/rx1_moveit_config/share/rx1_moveit_config/environment/path.sh
[0.183s] -- Up-to-date: /home/oguz/rx1/install/rx1_moveit_config/share/rx1_moveit_config/environment/path.dsv
[0.184s] -- Up-to-date: /home/oguz/rx1/install/rx1_moveit_config/share/rx1_moveit_config/local_setup.bash
[0.185s] -- Up-to-date: /home/oguz/rx1/install/rx1_moveit_config/share/rx1_moveit_config/local_setup.sh
[0.185s] -- Up-to-date: /home/oguz/rx1/install/rx1_moveit_config/share/rx1_moveit_config/local_setup.zsh
[0.186s] -- Up-to-date: /home/oguz/rx1/install/rx1_moveit_config/share/rx1_moveit_config/local_setup.dsv
[0.187s] -- Installing: /home/oguz/rx1/install/rx1_moveit_config/share/rx1_moveit_config/package.dsv
[0.188s] -- Up-to-date: /home/oguz/rx1/install/rx1_moveit_config/share/ament_index/resource_index/packages/rx1_moveit_config
[0.188s] -- Up-to-date: /home/oguz/rx1/install/rx1_moveit_config/share/rx1_moveit_config/cmake/rx1_moveit_configConfig.cmake
[0.190s] -- Up-to-date: /home/oguz/rx1/install/rx1_moveit_config/share/rx1_moveit_config/cmake/rx1_moveit_configConfig-version.cmake
[0.190s] -- Up-to-date: /home/oguz/rx1/install/rx1_moveit_config/share/rx1_moveit_config/package.xml
[0.191s] Invoked command in '/home/oguz/rx1/build/rx1_moveit_config' returned '0': CMAKE_PREFIX_PATH=/home/oguz/rx1/install/rx1_description:/home/oguz/rx1/install/rx1_moveit_config:/home/oguz/rx1/install/rx1_motor:/home/oguz/rx1/install/rx1_gazebo:/home/oguz/rx1/install/feetech_lib:/opt/ros/jazzy/opt/gz_sim_vendor:/opt/ros/jazzy/opt/gz_sensors_vendor:/opt/ros/jazzy/opt/gz_physics_vendor:/opt/ros/jazzy/opt/sdformat_vendor:/opt/ros/jazzy/opt/gz_gui_vendor:/opt/ros/jazzy/opt/gz_transport_vendor:/opt/ros/jazzy/opt/gz_rendering_vendor:/opt/ros/jazzy/opt/gz_plugin_vendor:/opt/ros/jazzy/opt/gz_fuel_tools_vendor:/opt/ros/jazzy/opt/gz_msgs_vendor:/opt/ros/jazzy/opt/gz_common_vendor:/opt/ros/jazzy/opt/gz_math_vendor:/opt/ros/jazzy/opt/gz_utils_vendor:/opt/ros/jazzy/opt/gz_tools_vendor:/opt/ros/jazzy/opt/gz_ogre_next_vendor:/opt/ros/jazzy/opt/gz_dartsim_vendor:/opt/ros/jazzy/opt/gz_cmake_vendor:/opt/ros/jazzy DEBUGINFOD_URLS=https://debuginfod.ubuntu.com /usr/bin/cmake --install /home/oguz/rx1/build/rx1_moveit_config
