[0.013s] Invoking command in '/home/oguz/rx1/build/rx1_gazebo': AMENT_PREFIX_PATH=/home/oguz/rx1/install/rx1_description:${AMENT_PREFIX_PATH} CMAKE_PREFIX_PATH=/home/oguz/rx1/install/rx1_description:/opt/ros/jazzy/opt/gz_sim_vendor:/opt/ros/jazzy/opt/gz_sensors_vendor:/opt/ros/jazzy/opt/gz_physics_vendor:/opt/ros/jazzy/opt/sdformat_vendor:/opt/ros/jazzy/opt/gz_gui_vendor:/opt/ros/jazzy/opt/gz_transport_vendor:/opt/ros/jazzy/opt/gz_rendering_vendor:/opt/ros/jazzy/opt/gz_plugin_vendor:/opt/ros/jazzy/opt/gz_fuel_tools_vendor:/opt/ros/jazzy/opt/gz_msgs_vendor:/opt/ros/jazzy/opt/gz_common_vendor:/opt/ros/jazzy/opt/gz_math_vendor:/opt/ros/jazzy/opt/gz_utils_vendor:/opt/ros/jazzy/opt/gz_tools_vendor:/opt/ros/jazzy/opt/gz_ogre_next_vendor:/opt/ros/jazzy/opt/gz_dartsim_vendor:/opt/ros/jazzy/opt/gz_cmake_vendor:/opt/ros/jazzy DEBUGINFOD_URLS=https://debuginfod.ubuntu.com /usr/bin/cmake /home/oguz/rx1/src/rx1/rx1_gazebo -DCMAKE_INSTALL_PREFIX=/home/oguz/rx1/install/rx1_gazebo
[0.079s] -- The C compiler identification is GNU 13.3.0
[0.150s] -- The CXX compiler identification is GNU 13.3.0
[0.176s] -- Detecting C compiler ABI info
[0.299s] -- Detecting C compiler ABI info - done
[0.309s] -- Check for working C compiler: /usr/bin/cc - skipped
[0.309s] -- Detecting C compile features
[0.309s] -- Detecting C compile features - done
[0.322s] -- Detecting CXX compiler ABI info
[0.472s] -- Detecting CXX compiler ABI info - done
[0.483s] -- Check for working CXX compiler: /usr/bin/c++ - skipped
[0.483s] -- Detecting CXX compile features
[0.484s] -- Detecting CXX compile features - done
[0.491s] -- Found ament_cmake: 2.5.5 (/opt/ros/jazzy/share/ament_cmake/cmake)
[0.748s] -- Found Python3: /usr/bin/python3 (found version "3.12.3") found components: Interpreter 
[1.035s] -- Configuring done (1.0s)
[1.039s] -- Generating done (0.0s)
[1.041s] -- Build files have been written to: /home/oguz/rx1/build/rx1_gazebo
[1.046s] Invoked command in '/home/oguz/rx1/build/rx1_gazebo' returned '0': AMENT_PREFIX_PATH=/home/oguz/rx1/install/rx1_description:${AMENT_PREFIX_PATH} CMAKE_PREFIX_PATH=/home/oguz/rx1/install/rx1_description:/opt/ros/jazzy/opt/gz_sim_vendor:/opt/ros/jazzy/opt/gz_sensors_vendor:/opt/ros/jazzy/opt/gz_physics_vendor:/opt/ros/jazzy/opt/sdformat_vendor:/opt/ros/jazzy/opt/gz_gui_vendor:/opt/ros/jazzy/opt/gz_transport_vendor:/opt/ros/jazzy/opt/gz_rendering_vendor:/opt/ros/jazzy/opt/gz_plugin_vendor:/opt/ros/jazzy/opt/gz_fuel_tools_vendor:/opt/ros/jazzy/opt/gz_msgs_vendor:/opt/ros/jazzy/opt/gz_common_vendor:/opt/ros/jazzy/opt/gz_math_vendor:/opt/ros/jazzy/opt/gz_utils_vendor:/opt/ros/jazzy/opt/gz_tools_vendor:/opt/ros/jazzy/opt/gz_ogre_next_vendor:/opt/ros/jazzy/opt/gz_dartsim_vendor:/opt/ros/jazzy/opt/gz_cmake_vendor:/opt/ros/jazzy DEBUGINFOD_URLS=https://debuginfod.ubuntu.com /usr/bin/cmake /home/oguz/rx1/src/rx1/rx1_gazebo -DCMAKE_INSTALL_PREFIX=/home/oguz/rx1/install/rx1_gazebo
[1.047s] Invoking command in '/home/oguz/rx1/build/rx1_gazebo': AMENT_PREFIX_PATH=/home/oguz/rx1/install/rx1_description:${AMENT_PREFIX_PATH} CMAKE_PREFIX_PATH=/home/oguz/rx1/install/rx1_description:/opt/ros/jazzy/opt/gz_sim_vendor:/opt/ros/jazzy/opt/gz_sensors_vendor:/opt/ros/jazzy/opt/gz_physics_vendor:/opt/ros/jazzy/opt/sdformat_vendor:/opt/ros/jazzy/opt/gz_gui_vendor:/opt/ros/jazzy/opt/gz_transport_vendor:/opt/ros/jazzy/opt/gz_rendering_vendor:/opt/ros/jazzy/opt/gz_plugin_vendor:/opt/ros/jazzy/opt/gz_fuel_tools_vendor:/opt/ros/jazzy/opt/gz_msgs_vendor:/opt/ros/jazzy/opt/gz_common_vendor:/opt/ros/jazzy/opt/gz_math_vendor:/opt/ros/jazzy/opt/gz_utils_vendor:/opt/ros/jazzy/opt/gz_tools_vendor:/opt/ros/jazzy/opt/gz_ogre_next_vendor:/opt/ros/jazzy/opt/gz_dartsim_vendor:/opt/ros/jazzy/opt/gz_cmake_vendor:/opt/ros/jazzy DEBUGINFOD_URLS=https://debuginfod.ubuntu.com /usr/bin/cmake --build /home/oguz/rx1/build/rx1_gazebo -- -j16 -l16
[1.114s] Invoked command in '/home/oguz/rx1/build/rx1_gazebo' returned '0': AMENT_PREFIX_PATH=/home/oguz/rx1/install/rx1_description:${AMENT_PREFIX_PATH} CMAKE_PREFIX_PATH=/home/oguz/rx1/install/rx1_description:/opt/ros/jazzy/opt/gz_sim_vendor:/opt/ros/jazzy/opt/gz_sensors_vendor:/opt/ros/jazzy/opt/gz_physics_vendor:/opt/ros/jazzy/opt/sdformat_vendor:/opt/ros/jazzy/opt/gz_gui_vendor:/opt/ros/jazzy/opt/gz_transport_vendor:/opt/ros/jazzy/opt/gz_rendering_vendor:/opt/ros/jazzy/opt/gz_plugin_vendor:/opt/ros/jazzy/opt/gz_fuel_tools_vendor:/opt/ros/jazzy/opt/gz_msgs_vendor:/opt/ros/jazzy/opt/gz_common_vendor:/opt/ros/jazzy/opt/gz_math_vendor:/opt/ros/jazzy/opt/gz_utils_vendor:/opt/ros/jazzy/opt/gz_tools_vendor:/opt/ros/jazzy/opt/gz_ogre_next_vendor:/opt/ros/jazzy/opt/gz_dartsim_vendor:/opt/ros/jazzy/opt/gz_cmake_vendor:/opt/ros/jazzy DEBUGINFOD_URLS=https://debuginfod.ubuntu.com /usr/bin/cmake --build /home/oguz/rx1/build/rx1_gazebo -- -j16 -l16
[1.134s] Invoking command in '/home/oguz/rx1/build/rx1_gazebo': AMENT_PREFIX_PATH=/home/oguz/rx1/install/rx1_description:${AMENT_PREFIX_PATH} CMAKE_PREFIX_PATH=/home/oguz/rx1/install/rx1_description:/opt/ros/jazzy/opt/gz_sim_vendor:/opt/ros/jazzy/opt/gz_sensors_vendor:/opt/ros/jazzy/opt/gz_physics_vendor:/opt/ros/jazzy/opt/sdformat_vendor:/opt/ros/jazzy/opt/gz_gui_vendor:/opt/ros/jazzy/opt/gz_transport_vendor:/opt/ros/jazzy/opt/gz_rendering_vendor:/opt/ros/jazzy/opt/gz_plugin_vendor:/opt/ros/jazzy/opt/gz_fuel_tools_vendor:/opt/ros/jazzy/opt/gz_msgs_vendor:/opt/ros/jazzy/opt/gz_common_vendor:/opt/ros/jazzy/opt/gz_math_vendor:/opt/ros/jazzy/opt/gz_utils_vendor:/opt/ros/jazzy/opt/gz_tools_vendor:/opt/ros/jazzy/opt/gz_ogre_next_vendor:/opt/ros/jazzy/opt/gz_dartsim_vendor:/opt/ros/jazzy/opt/gz_cmake_vendor:/opt/ros/jazzy DEBUGINFOD_URLS=https://debuginfod.ubuntu.com /usr/bin/cmake --install /home/oguz/rx1/build/rx1_gazebo
[1.146s] -- Install configuration: ""
[1.146s] -- Installing: /home/oguz/rx1/install/rx1_gazebo/share/rx1_gazebo/config
[1.146s] -- Installing: /home/oguz/rx1/install/rx1_gazebo/share/rx1_gazebo/config/rx1_control.yaml
[1.147s] -- Installing: /home/oguz/rx1/install/rx1_gazebo/share/rx1_gazebo/launch
[1.147s] -- Installing: /home/oguz/rx1/install/rx1_gazebo/share/rx1_gazebo/launch/__pycache__
[1.147s] -- Installing: /home/oguz/rx1/install/rx1_gazebo/share/rx1_gazebo/launch/__pycache__/rx1_gazebo.launch.cpython-312.pyc
[1.148s] -- Installing: /home/oguz/rx1/install/rx1_gazebo/share/rx1_gazebo/launch/rx1_gazebo.launch
[1.148s] -- Installing: /home/oguz/rx1/install/rx1_gazebo/share/rx1_gazebo/launch/rx1_gazebo.launch.py
[1.148s] -- Installing: /home/oguz/rx1/install/rx1_gazebo/share/rx1_gazebo/scripts
[1.148s] -- Installing: /home/oguz/rx1/install/rx1_gazebo/share/rx1_gazebo/scripts/controller_gui_example.py
[1.149s] -- Installing: /home/oguz/rx1/install/rx1_gazebo/share/rx1_gazebo/scripts/controller_example.py
[1.149s] -- Installing: /home/oguz/rx1/install/rx1_gazebo/share/rx1_gazebo/scripts/__pycache__
[1.149s] -- Installing: /home/oguz/rx1/install/rx1_gazebo/share/rx1_gazebo/scripts/__pycache__/controller_gui_example.cpython-312.pyc
[1.149s] -- Installing: /home/oguz/rx1/install/rx1_gazebo/share/rx1_gazebo/scripts/__pycache__/controller_example.cpython-312.pyc
[1.150s] -- Installing: /home/oguz/rx1/install/rx1_gazebo/share/rx1_gazebo/worlds
[1.150s] -- Installing: /home/oguz/rx1/install/rx1_gazebo/share/rx1_gazebo/worlds/table_world.world
[1.150s] -- Installing: /home/oguz/rx1/install/rx1_gazebo/share/rx1_gazebo/worlds/empty.world
[1.151s] -- Installing: /home/oguz/rx1/install/rx1_gazebo/lib/rx1_gazebo/controller_example.py
[1.151s] -- Installing: /home/oguz/rx1/install/rx1_gazebo/lib/rx1_gazebo/controller_gui_example.py
[1.151s] -- Installing: /home/oguz/rx1/install/rx1_gazebo/share/ament_index/resource_index/package_run_dependencies/rx1_gazebo
[1.151s] -- Installing: /home/oguz/rx1/install/rx1_gazebo/share/ament_index/resource_index/parent_prefix_path/rx1_gazebo
[1.151s] -- Installing: /home/oguz/rx1/install/rx1_gazebo/share/rx1_gazebo/environment/ament_prefix_path.sh
[1.152s] -- Installing: /home/oguz/rx1/install/rx1_gazebo/share/rx1_gazebo/environment/ament_prefix_path.dsv
[1.152s] -- Installing: /home/oguz/rx1/install/rx1_gazebo/share/rx1_gazebo/environment/path.sh
[1.152s] -- Installing: /home/oguz/rx1/install/rx1_gazebo/share/rx1_gazebo/environment/path.dsv
[1.152s] -- Installing: /home/oguz/rx1/install/rx1_gazebo/share/rx1_gazebo/local_setup.bash
[1.152s] -- Installing: /home/oguz/rx1/install/rx1_gazebo/share/rx1_gazebo/local_setup.sh
[1.153s] -- Installing: /home/oguz/rx1/install/rx1_gazebo/share/rx1_gazebo/local_setup.zsh
[1.153s] -- Installing: /home/oguz/rx1/install/rx1_gazebo/share/rx1_gazebo/local_setup.dsv
[1.153s] -- Installing: /home/oguz/rx1/install/rx1_gazebo/share/rx1_gazebo/package.dsv
[1.153s] -- Installing: /home/oguz/rx1/install/rx1_gazebo/share/ament_index/resource_index/packages/rx1_gazebo
[1.153s] -- Installing: /home/oguz/rx1/install/rx1_gazebo/share/rx1_gazebo/cmake/rx1_gazeboConfig.cmake
[1.154s] -- Installing: /home/oguz/rx1/install/rx1_gazebo/share/rx1_gazebo/cmake/rx1_gazeboConfig-version.cmake
[1.154s] -- Installing: /home/oguz/rx1/install/rx1_gazebo/share/rx1_gazebo/package.xml
[1.155s] Invoked command in '/home/oguz/rx1/build/rx1_gazebo' returned '0': AMENT_PREFIX_PATH=/home/oguz/rx1/install/rx1_description:${AMENT_PREFIX_PATH} CMAKE_PREFIX_PATH=/home/oguz/rx1/install/rx1_description:/opt/ros/jazzy/opt/gz_sim_vendor:/opt/ros/jazzy/opt/gz_sensors_vendor:/opt/ros/jazzy/opt/gz_physics_vendor:/opt/ros/jazzy/opt/sdformat_vendor:/opt/ros/jazzy/opt/gz_gui_vendor:/opt/ros/jazzy/opt/gz_transport_vendor:/opt/ros/jazzy/opt/gz_rendering_vendor:/opt/ros/jazzy/opt/gz_plugin_vendor:/opt/ros/jazzy/opt/gz_fuel_tools_vendor:/opt/ros/jazzy/opt/gz_msgs_vendor:/opt/ros/jazzy/opt/gz_common_vendor:/opt/ros/jazzy/opt/gz_math_vendor:/opt/ros/jazzy/opt/gz_utils_vendor:/opt/ros/jazzy/opt/gz_tools_vendor:/opt/ros/jazzy/opt/gz_ogre_next_vendor:/opt/ros/jazzy/opt/gz_dartsim_vendor:/opt/ros/jazzy/opt/gz_cmake_vendor:/opt/ros/jazzy DEBUGINFOD_URLS=https://debuginfod.ubuntu.com /usr/bin/cmake --install /home/oguz/rx1/build/rx1_gazebo
