[0.016s] Invoking command in '/home/oguz/rx1/build/rx1_moveit_config': AMENT_PREFIX_PATH=/home/oguz/rx1/install/rx1_description:${AMENT_PREFIX_PATH} CMAKE_PREFIX_PATH=/home/oguz/rx1/install/rx1_description:/opt/ros/jazzy/opt/gz_sim_vendor:/opt/ros/jazzy/opt/gz_sensors_vendor:/opt/ros/jazzy/opt/gz_physics_vendor:/opt/ros/jazzy/opt/sdformat_vendor:/opt/ros/jazzy/opt/gz_gui_vendor:/opt/ros/jazzy/opt/gz_transport_vendor:/opt/ros/jazzy/opt/gz_rendering_vendor:/opt/ros/jazzy/opt/gz_plugin_vendor:/opt/ros/jazzy/opt/gz_fuel_tools_vendor:/opt/ros/jazzy/opt/gz_msgs_vendor:/opt/ros/jazzy/opt/gz_common_vendor:/opt/ros/jazzy/opt/gz_math_vendor:/opt/ros/jazzy/opt/gz_utils_vendor:/opt/ros/jazzy/opt/gz_tools_vendor:/opt/ros/jazzy/opt/gz_ogre_next_vendor:/opt/ros/jazzy/opt/gz_dartsim_vendor:/opt/ros/jazzy/opt/gz_cmake_vendor:/opt/ros/jazzy DEBUGINFOD_URLS=https://debuginfod.ubuntu.com /usr/bin/cmake /home/oguz/rx1/src/rx1/rx1_moveit_config -DCMAKE_INSTALL_PREFIX=/home/oguz/rx1/install/rx1_moveit_config
[0.103s] -- The C compiler identification is GNU 13.3.0
[0.184s] -- The CXX compiler identification is GNU 13.3.0
[0.218s] -- Detecting C compiler ABI info
[0.375s] -- Detecting C compiler ABI info - done
[0.399s] -- Check for working C compiler: /usr/bin/cc - skipped
[0.399s] -- Detecting C compile features
[0.400s] -- Detecting C compile features - done
[0.415s] -- Detecting CXX compiler ABI info
[0.558s] -- Detecting CXX compiler ABI info - done
[0.570s] -- Check for working CXX compiler: /usr/bin/c++ - skipped
[0.571s] -- Detecting CXX compile features
[0.571s] -- Detecting CXX compile features - done
[0.580s] -- Found ament_cmake: 2.5.5 (/opt/ros/jazzy/share/ament_cmake/cmake)
[0.879s] -- Found Python3: /usr/bin/python3 (found version "3.12.3") found components: Interpreter 
[1.169s] -- Configuring done (1.1s)
[1.173s] -- Generating done (0.0s)
[1.175s] -- Build files have been written to: /home/oguz/rx1/build/rx1_moveit_config
[1.181s] Invoked command in '/home/oguz/rx1/build/rx1_moveit_config' returned '0': AMENT_PREFIX_PATH=/home/oguz/rx1/install/rx1_description:${AMENT_PREFIX_PATH} CMAKE_PREFIX_PATH=/home/oguz/rx1/install/rx1_description:/opt/ros/jazzy/opt/gz_sim_vendor:/opt/ros/jazzy/opt/gz_sensors_vendor:/opt/ros/jazzy/opt/gz_physics_vendor:/opt/ros/jazzy/opt/sdformat_vendor:/opt/ros/jazzy/opt/gz_gui_vendor:/opt/ros/jazzy/opt/gz_transport_vendor:/opt/ros/jazzy/opt/gz_rendering_vendor:/opt/ros/jazzy/opt/gz_plugin_vendor:/opt/ros/jazzy/opt/gz_fuel_tools_vendor:/opt/ros/jazzy/opt/gz_msgs_vendor:/opt/ros/jazzy/opt/gz_common_vendor:/opt/ros/jazzy/opt/gz_math_vendor:/opt/ros/jazzy/opt/gz_utils_vendor:/opt/ros/jazzy/opt/gz_tools_vendor:/opt/ros/jazzy/opt/gz_ogre_next_vendor:/opt/ros/jazzy/opt/gz_dartsim_vendor:/opt/ros/jazzy/opt/gz_cmake_vendor:/opt/ros/jazzy DEBUGINFOD_URLS=https://debuginfod.ubuntu.com /usr/bin/cmake /home/oguz/rx1/src/rx1/rx1_moveit_config -DCMAKE_INSTALL_PREFIX=/home/oguz/rx1/install/rx1_moveit_config
[1.183s] Invoking command in '/home/oguz/rx1/build/rx1_moveit_config': AMENT_PREFIX_PATH=/home/oguz/rx1/install/rx1_description:${AMENT_PREFIX_PATH} CMAKE_PREFIX_PATH=/home/oguz/rx1/install/rx1_description:/opt/ros/jazzy/opt/gz_sim_vendor:/opt/ros/jazzy/opt/gz_sensors_vendor:/opt/ros/jazzy/opt/gz_physics_vendor:/opt/ros/jazzy/opt/sdformat_vendor:/opt/ros/jazzy/opt/gz_gui_vendor:/opt/ros/jazzy/opt/gz_transport_vendor:/opt/ros/jazzy/opt/gz_rendering_vendor:/opt/ros/jazzy/opt/gz_plugin_vendor:/opt/ros/jazzy/opt/gz_fuel_tools_vendor:/opt/ros/jazzy/opt/gz_msgs_vendor:/opt/ros/jazzy/opt/gz_common_vendor:/opt/ros/jazzy/opt/gz_math_vendor:/opt/ros/jazzy/opt/gz_utils_vendor:/opt/ros/jazzy/opt/gz_tools_vendor:/opt/ros/jazzy/opt/gz_ogre_next_vendor:/opt/ros/jazzy/opt/gz_dartsim_vendor:/opt/ros/jazzy/opt/gz_cmake_vendor:/opt/ros/jazzy DEBUGINFOD_URLS=https://debuginfod.ubuntu.com /usr/bin/cmake --build /home/oguz/rx1/build/rx1_moveit_config -- -j16 -l16
[1.262s] Invoked command in '/home/oguz/rx1/build/rx1_moveit_config' returned '0': AMENT_PREFIX_PATH=/home/oguz/rx1/install/rx1_description:${AMENT_PREFIX_PATH} CMAKE_PREFIX_PATH=/home/oguz/rx1/install/rx1_description:/opt/ros/jazzy/opt/gz_sim_vendor:/opt/ros/jazzy/opt/gz_sensors_vendor:/opt/ros/jazzy/opt/gz_physics_vendor:/opt/ros/jazzy/opt/sdformat_vendor:/opt/ros/jazzy/opt/gz_gui_vendor:/opt/ros/jazzy/opt/gz_transport_vendor:/opt/ros/jazzy/opt/gz_rendering_vendor:/opt/ros/jazzy/opt/gz_plugin_vendor:/opt/ros/jazzy/opt/gz_fuel_tools_vendor:/opt/ros/jazzy/opt/gz_msgs_vendor:/opt/ros/jazzy/opt/gz_common_vendor:/opt/ros/jazzy/opt/gz_math_vendor:/opt/ros/jazzy/opt/gz_utils_vendor:/opt/ros/jazzy/opt/gz_tools_vendor:/opt/ros/jazzy/opt/gz_ogre_next_vendor:/opt/ros/jazzy/opt/gz_dartsim_vendor:/opt/ros/jazzy/opt/gz_cmake_vendor:/opt/ros/jazzy DEBUGINFOD_URLS=https://debuginfod.ubuntu.com /usr/bin/cmake --build /home/oguz/rx1/build/rx1_moveit_config -- -j16 -l16
[1.284s] Invoking command in '/home/oguz/rx1/build/rx1_moveit_config': AMENT_PREFIX_PATH=/home/oguz/rx1/install/rx1_description:${AMENT_PREFIX_PATH} CMAKE_PREFIX_PATH=/home/oguz/rx1/install/rx1_description:/opt/ros/jazzy/opt/gz_sim_vendor:/opt/ros/jazzy/opt/gz_sensors_vendor:/opt/ros/jazzy/opt/gz_physics_vendor:/opt/ros/jazzy/opt/sdformat_vendor:/opt/ros/jazzy/opt/gz_gui_vendor:/opt/ros/jazzy/opt/gz_transport_vendor:/opt/ros/jazzy/opt/gz_rendering_vendor:/opt/ros/jazzy/opt/gz_plugin_vendor:/opt/ros/jazzy/opt/gz_fuel_tools_vendor:/opt/ros/jazzy/opt/gz_msgs_vendor:/opt/ros/jazzy/opt/gz_common_vendor:/opt/ros/jazzy/opt/gz_math_vendor:/opt/ros/jazzy/opt/gz_utils_vendor:/opt/ros/jazzy/opt/gz_tools_vendor:/opt/ros/jazzy/opt/gz_ogre_next_vendor:/opt/ros/jazzy/opt/gz_dartsim_vendor:/opt/ros/jazzy/opt/gz_cmake_vendor:/opt/ros/jazzy DEBUGINFOD_URLS=https://debuginfod.ubuntu.com /usr/bin/cmake --install /home/oguz/rx1/build/rx1_moveit_config
[1.295s] -- Install configuration: ""
[1.295s] -- Installing: /home/oguz/rx1/install/rx1_moveit_config/share/rx1_moveit_config/config
[1.296s] -- Installing: /home/oguz/rx1/install/rx1_moveit_config/share/rx1_moveit_config/config/ompl_planning.yaml
[1.296s] -- Installing: /home/oguz/rx1/install/rx1_moveit_config/share/rx1_moveit_config/config/kinematics.yaml
[1.296s] -- Installing: /home/oguz/rx1/install/rx1_moveit_config/share/rx1_moveit_config/config/joint_limits.yaml
[1.296s] -- Installing: /home/oguz/rx1/install/rx1_moveit_config/share/rx1_moveit_config/config/moveit_controllers.yaml
[1.296s] -- Installing: /home/oguz/rx1/install/rx1_moveit_config/share/rx1_moveit_config/config/rx1.srdf
[1.296s] -- Installing: /home/oguz/rx1/install/rx1_moveit_config/share/rx1_moveit_config/launch
[1.297s] -- Installing: /home/oguz/rx1/install/rx1_moveit_config/share/rx1_moveit_config/launch/demo.launch.py
[1.297s] -- Installing: /home/oguz/rx1/install/rx1_moveit_config/share/rx1_moveit_config/launch/__pycache__
[1.297s] -- Installing: /home/oguz/rx1/install/rx1_moveit_config/share/rx1_moveit_config/launch/__pycache__/demo.launch.cpython-312.pyc
[1.297s] -- Installing: /home/oguz/rx1/install/rx1_moveit_config/share/ament_index/resource_index/package_run_dependencies/rx1_moveit_config
[1.297s] -- Installing: /home/oguz/rx1/install/rx1_moveit_config/share/ament_index/resource_index/parent_prefix_path/rx1_moveit_config
[1.297s] -- Installing: /home/oguz/rx1/install/rx1_moveit_config/share/rx1_moveit_config/environment/ament_prefix_path.sh
[1.298s] -- Installing: /home/oguz/rx1/install/rx1_moveit_config/share/rx1_moveit_config/environment/ament_prefix_path.dsv
[1.298s] -- Installing: /home/oguz/rx1/install/rx1_moveit_config/share/rx1_moveit_config/environment/path.sh
[1.298s] -- Installing: /home/oguz/rx1/install/rx1_moveit_config/share/rx1_moveit_config/environment/path.dsv
[1.298s] -- Installing: /home/oguz/rx1/install/rx1_moveit_config/share/rx1_moveit_config/local_setup.bash
[1.298s] -- Installing: /home/oguz/rx1/install/rx1_moveit_config/share/rx1_moveit_config/local_setup.sh
[1.299s] -- Installing: /home/oguz/rx1/install/rx1_moveit_config/share/rx1_moveit_config/local_setup.zsh
[1.299s] -- Installing: /home/oguz/rx1/install/rx1_moveit_config/share/rx1_moveit_config/local_setup.dsv
[1.299s] -- Installing: /home/oguz/rx1/install/rx1_moveit_config/share/rx1_moveit_config/package.dsv
[1.299s] -- Installing: /home/oguz/rx1/install/rx1_moveit_config/share/ament_index/resource_index/packages/rx1_moveit_config
[1.299s] -- Installing: /home/oguz/rx1/install/rx1_moveit_config/share/rx1_moveit_config/cmake/rx1_moveit_configConfig.cmake
[1.300s] -- Installing: /home/oguz/rx1/install/rx1_moveit_config/share/rx1_moveit_config/cmake/rx1_moveit_configConfig-version.cmake
[1.300s] -- Installing: /home/oguz/rx1/install/rx1_moveit_config/share/rx1_moveit_config/package.xml
[1.302s] Invoked command in '/home/oguz/rx1/build/rx1_moveit_config' returned '0': AMENT_PREFIX_PATH=/home/oguz/rx1/install/rx1_description:${AMENT_PREFIX_PATH} CMAKE_PREFIX_PATH=/home/oguz/rx1/install/rx1_description:/opt/ros/jazzy/opt/gz_sim_vendor:/opt/ros/jazzy/opt/gz_sensors_vendor:/opt/ros/jazzy/opt/gz_physics_vendor:/opt/ros/jazzy/opt/sdformat_vendor:/opt/ros/jazzy/opt/gz_gui_vendor:/opt/ros/jazzy/opt/gz_transport_vendor:/opt/ros/jazzy/opt/gz_rendering_vendor:/opt/ros/jazzy/opt/gz_plugin_vendor:/opt/ros/jazzy/opt/gz_fuel_tools_vendor:/opt/ros/jazzy/opt/gz_msgs_vendor:/opt/ros/jazzy/opt/gz_common_vendor:/opt/ros/jazzy/opt/gz_math_vendor:/opt/ros/jazzy/opt/gz_utils_vendor:/opt/ros/jazzy/opt/gz_tools_vendor:/opt/ros/jazzy/opt/gz_ogre_next_vendor:/opt/ros/jazzy/opt/gz_dartsim_vendor:/opt/ros/jazzy/opt/gz_cmake_vendor:/opt/ros/jazzy DEBUGINFOD_URLS=https://debuginfod.ubuntu.com /usr/bin/cmake --install /home/oguz/rx1/build/rx1_moveit_config
