/home/oguz/rx1/src/feetech_lib/src/SMSBL.cpp:8:10: fatal error: SMSBL.h: No such file or directory
    8 | #include "SMSBL.h"
      |          ^~~~~~~~~
/home/oguz/rx1/src/feetech_lib/src/SMS_STS.cpp:8:10: fatal error: SMS_STS.h: No such file or directory
    8 | #include "SMS_STS.h"
      |          ^~~~~~~~~~~
compilation terminated.
compilation terminated.
gmake[2]: *** [CMakeFiles/feetech_lib.dir/build.make:146: CMakeFiles/feetech_lib.dir/src/SMS_STS.cpp.o] Error 1
gmake[2]: *** Waiting for unfinished jobs....
gmake[2]: *** [CMakeFiles/feetech_lib.dir/build.make:118: CMakeFiles/feetech_lib.dir/src/SMSBL.cpp.o] Error 1
/home/oguz/rx1/src/feetech_lib/src/SCSCL.cpp:8:10: fatal error: SCSCL.h: No such file or directory
    8 | #include "SCSCL.h"
      |          ^~~~~~~~~
compilation terminated.
gmake[2]: *** [CMakeFiles/feetech_lib.dir/build.make:90: CMakeFiles/feetech_lib.dir/src/SCSCL.cpp.o] Error 1
/home/oguz/rx1/src/feetech_lib/src/SMSCL.cpp:8:10: fatal error: SMSCL.h: No such file or directory
    8 | #include "SMSCL.h"
      |          ^~~~~~~~~
compilation terminated.
/home/oguz/rx1/src/feetech_lib/src/SCSerial.cpp:8:10: fatal error: SCSerial.h: No such file or directory
    8 | #include "SCSerial.h"
      |          ^~~~~~~~~~~~
compilation terminated.
gmake[2]: *** [CMakeFiles/feetech_lib.dir/build.make:132: CMakeFiles/feetech_lib.dir/src/SMSCL.cpp.o] Error 1
gmake[2]: *** [CMakeFiles/feetech_lib.dir/build.make:104: CMakeFiles/feetech_lib.dir/src/SCSerial.cpp.o] Error 1
/home/oguz/rx1/src/feetech_lib/src/SCS.cpp:10:10: fatal error: SCS.h: No such file or directory
   10 | #include "SCS.h"
      |          ^~~~~~~
compilation terminated.
gmake[2]: *** [CMakeFiles/feetech_lib.dir/build.make:76: CMakeFiles/feetech_lib.dir/src/SCS.cpp.o] Error 1
gmake[1]: *** [CMakeFiles/Makefile2:137: CMakeFiles/feetech_lib.dir/all] Error 2
gmake: *** [Makefile:146: all] Error 2
