-- The C compiler identification is GNU 13.3.0
-- The CXX compiler identification is GNU 13.3.0
-- Detecting C compiler ABI info
-- Detecting C compiler ABI info - done
-- Check for working C compiler: /usr/bin/cc - skipped
-- Detecting C compile features
-- Detecting C compile features - done
-- Detecting CXX compiler ABI info
-- Detecting CXX compiler ABI info - done
-- Check for working CXX compiler: /usr/bin/c++ - skipped
-- Detecting CXX compile features
-- Detecting CXX compile features - done
-- Found ament_cmake: 2.5.5 (/opt/ros/jazzy/share/ament_cmake/cmake)
-- Found Python3: /usr/bin/python3 (found version "3.12.3") found components: Interpreter 
-- Configuring done (1.1s)
-- Generating done (0.0s)
-- Build files have been written to: /home/oguz/rx1/build/feetech_lib
[ 28%] Building CXX object CMakeFiles/feetech_lib.dir/src/SMSBL.cpp.o
[ 28%] Building CXX object CMakeFiles/feetech_lib.dir/src/SMS_STS.cpp.o
[ 42%] Building CXX object CMakeFiles/feetech_lib.dir/src/SCSCL.cpp.o
[ 57%] Building CXX object CMakeFiles/feetech_lib.dir/src/SCS.cpp.o
[ 71%] Building CXX object CMakeFiles/feetech_lib.dir/src/SCSerial.cpp.o
[ 85%] Building CXX object CMakeFiles/feetech_lib.dir/src/SMSCL.cpp.o
/home/oguz/rx1/src/feetech_lib/src/SMSBL.cpp:8:10: fatal error: SMSBL.h: No such file or directory
    8 | #include "SMSBL.h"
      |          ^~~~~~~~~
/home/oguz/rx1/src/feetech_lib/src/SMS_STS.cpp:8:10: fatal error: SMS_STS.h: No such file or directory
    8 | #include "SMS_STS.h"
      |          ^~~~~~~~~~~
compilation terminated.
compilation terminated.
gmake[2]: *** [CMakeFiles/feetech_lib.dir/build.make:146: CMakeFiles/feetech_lib.dir/src/SMS_STS.cpp.o] Error 1
gmake[2]: *** Waiting for unfinished jobs....
gmake[2]: *** [CMakeFiles/feetech_lib.dir/build.make:118: CMakeFiles/feetech_lib.dir/src/SMSBL.cpp.o] Error 1
/home/oguz/rx1/src/feetech_lib/src/SCSCL.cpp:8:10: fatal error: SCSCL.h: No such file or directory
    8 | #include "SCSCL.h"
      |          ^~~~~~~~~
compilation terminated.
gmake[2]: *** [CMakeFiles/feetech_lib.dir/build.make:90: CMakeFiles/feetech_lib.dir/src/SCSCL.cpp.o] Error 1
/home/oguz/rx1/src/feetech_lib/src/SMSCL.cpp:8:10: fatal error: SMSCL.h: No such file or directory
    8 | #include "SMSCL.h"
      |          ^~~~~~~~~
compilation terminated.
/home/oguz/rx1/src/feetech_lib/src/SCSerial.cpp:8:10: fatal error: SCSerial.h: No such file or directory
    8 | #include "SCSerial.h"
      |          ^~~~~~~~~~~~
compilation terminated.
gmake[2]: *** [CMakeFiles/feetech_lib.dir/build.make:132: CMakeFiles/feetech_lib.dir/src/SMSCL.cpp.o] Error 1
gmake[2]: *** [CMakeFiles/feetech_lib.dir/build.make:104: CMakeFiles/feetech_lib.dir/src/SCSerial.cpp.o] Error 1
/home/oguz/rx1/src/feetech_lib/src/SCS.cpp:10:10: fatal error: SCS.h: No such file or directory
   10 | #include "SCS.h"
      |          ^~~~~~~
compilation terminated.
gmake[2]: *** [CMakeFiles/feetech_lib.dir/build.make:76: CMakeFiles/feetech_lib.dir/src/SCS.cpp.o] Error 1
gmake[1]: *** [CMakeFiles/Makefile2:137: CMakeFiles/feetech_lib.dir/all] Error 2
gmake: *** [Makefile:146: all] Error 2
