-- The C compiler identification is GNU 13.3.0
-- The CXX compiler identification is GNU 13.3.0
-- Detecting C compiler ABI info
-- Detecting C compiler ABI info - done
-- Check for working C compiler: /usr/bin/cc - skipped
-- Detecting C compile features
-- Detecting C compile features - done
-- Detecting CXX compiler ABI info
-- Detecting CXX compiler ABI info - done
-- Check for working CXX compiler: /usr/bin/c++ - skipped
-- Detecting CXX compile features
-- Detecting CXX compile features - done
-- Found ament_cmake: 2.5.5 (/opt/ros/jazzy/share/ament_cmake/cmake)
-- Found Python3: /usr/bin/python3 (found version "3.12.3") found components: Interpreter 
-- Configuring done (1.1s)
-- Generating done (0.0s)
-- Build files have been written to: /home/oguz/rx1/build/feetech_lib
[ 28%] Building CXX object CMakeFiles/feetech_lib.dir/src/SMSBL.cpp.o
[ 28%] Building CXX object CMakeFiles/feetech_lib.dir/src/SMS_STS.cpp.o
[ 42%] Building CXX object CMakeFiles/feetech_lib.dir/src/SCSCL.cpp.o
[ 57%] Building CXX object CMakeFiles/feetech_lib.dir/src/SCS.cpp.o
[ 71%] Building CXX object CMakeFiles/feetech_lib.dir/src/SCSerial.cpp.o
[ 85%] Building CXX object CMakeFiles/feetech_lib.dir/src/SMSCL.cpp.o
