[0.015s] Invoking command in '/home/oguz/rx1/build/feetech_lib': CMAKE_PREFIX_PATH=${CMAKE_PREFIX_PATH}:/opt/ros/jazzy DEBUGINFOD_URLS=https://debuginfod.ubuntu.com /usr/bin/cmake /home/oguz/rx1/src/feetech_lib -DCMAKE_INSTALL_PREFIX=/home/oguz/rx1/install/feetech_lib
[0.097s] -- The C compiler identification is GNU 13.3.0
[0.180s] -- The CXX compiler identification is GNU 13.3.0
[0.224s] -- Detecting C compiler ABI info
[0.389s] -- Detecting C compiler ABI info - done
[0.399s] -- Check for working C compiler: /usr/bin/cc - skipped
[0.399s] -- Detecting C compile features
[0.399s] -- Detecting C compile features - done
[0.418s] -- Detecting CXX compiler ABI info
[0.580s] -- Detecting CXX compiler ABI info - done
[0.590s] -- Check for working CXX compiler: /usr/bin/c++ - skipped
[0.590s] -- Detecting CXX compile features
[0.590s] -- Detecting CXX compile features - done
[0.596s] -- Found ament_cmake: 2.5.5 (/opt/ros/jazzy/share/ament_cmake/cmake)
[0.848s] -- Found Python3: /usr/bin/python3 (found version "3.12.3") found components: Interpreter 
[1.156s] -- Configuring done (1.1s)
[1.162s] -- Generating done (0.0s)
[1.164s] -- Build files have been written to: /home/oguz/rx1/build/feetech_lib
[1.169s] Invoked command in '/home/oguz/rx1/build/feetech_lib' returned '0': CMAKE_PREFIX_PATH=${CMAKE_PREFIX_PATH}:/opt/ros/jazzy DEBUGINFOD_URLS=https://debuginfod.ubuntu.com /usr/bin/cmake /home/oguz/rx1/src/feetech_lib -DCMAKE_INSTALL_PREFIX=/home/oguz/rx1/install/feetech_lib
[1.172s] Invoking command in '/home/oguz/rx1/build/feetech_lib': CMAKE_PREFIX_PATH=${CMAKE_PREFIX_PATH}:/opt/ros/jazzy DEBUGINFOD_URLS=https://debuginfod.ubuntu.com /usr/bin/cmake --build /home/oguz/rx1/build/feetech_lib -- -j16 -l16
[1.283s] [ 28%] Building CXX object CMakeFiles/feetech_lib.dir/src/SMSBL.cpp.o
[1.283s] [ 28%] Building CXX object CMakeFiles/feetech_lib.dir/src/SMS_STS.cpp.o
[1.286s] [ 42%] Building CXX object CMakeFiles/feetech_lib.dir/src/SCSCL.cpp.o
[1.290s] [ 57%] Building CXX object CMakeFiles/feetech_lib.dir/src/SCS.cpp.o
[1.292s] [ 71%] Building CXX object CMakeFiles/feetech_lib.dir/src/SCSerial.cpp.o
[1.293s] [ 85%] Building CXX object CMakeFiles/feetech_lib.dir/src/SMSCL.cpp.o
[1.295s] /home/oguz/rx1/src/feetech_lib/src/SMSBL.cpp:8:10: fatal error: SMSBL.h: No such file or directory
[1.295s]     8 | #include "SMSBL.h"
[1.295s]       |          ^~~~~~~~~
[1.296s] /home/oguz/rx1/src/feetech_lib/src/SMS_STS.cpp:8:10: fatal error: SMS_STS.h: No such file or directory
[1.296s]     8 | #include "SMS_STS.h"
[1.296s]       |          ^~~~~~~~~~~
[1.296s] compilation terminated.
[1.297s] compilation terminated.
[1.297s] gmake[2]: *** [CMakeFiles/feetech_lib.dir/build.make:146: CMakeFiles/feetech_lib.dir/src/SMS_STS.cpp.o] Error 1
[1.297s] gmake[2]: *** Waiting for unfinished jobs....
[1.297s] gmake[2]: *** [CMakeFiles/feetech_lib.dir/build.make:118: CMakeFiles/feetech_lib.dir/src/SMSBL.cpp.o] Error 1
[1.300s] /home/oguz/rx1/src/feetech_lib/src/SCSCL.cpp:8:10: fatal error: SCSCL.h: No such file or directory
[1.300s]     8 | #include "SCSCL.h"
[1.300s]       |          ^~~~~~~~~
[1.300s] compilation terminated.
[1.301s] gmake[2]: *** [CMakeFiles/feetech_lib.dir/build.make:90: CMakeFiles/feetech_lib.dir/src/SCSCL.cpp.o] Error 1
[1.303s] /home/oguz/rx1/src/feetech_lib/src/SMSCL.cpp:8:10: fatal error: SMSCL.h: No such file or directory
[1.303s]     8 | #include "SMSCL.h"
[1.304s]       |          ^~~~~~~~~
[1.304s] compilation terminated.
[1.304s] /home/oguz/rx1/src/feetech_lib/src/SCSerial.cpp:8:10: fatal error: SCSerial.h: No such file or directory
[1.304s]     8 | #include "SCSerial.h"
[1.304s]       |          ^~~~~~~~~~~~
[1.305s] compilation terminated.
[1.305s] gmake[2]: *** [CMakeFiles/feetech_lib.dir/build.make:132: CMakeFiles/feetech_lib.dir/src/SMSCL.cpp.o] Error 1
[1.305s] gmake[2]: *** [CMakeFiles/feetech_lib.dir/build.make:104: CMakeFiles/feetech_lib.dir/src/SCSerial.cpp.o] Error 1
[1.311s] /home/oguz/rx1/src/feetech_lib/src/SCS.cpp:10:10: fatal error: SCS.h: No such file or directory
[1.312s]    10 | #include "SCS.h"
[1.312s]       |          ^~~~~~~
[1.312s] compilation terminated.
[1.313s] gmake[2]: *** [CMakeFiles/feetech_lib.dir/build.make:76: CMakeFiles/feetech_lib.dir/src/SCS.cpp.o] Error 1
[1.313s] gmake[1]: *** [CMakeFiles/Makefile2:137: CMakeFiles/feetech_lib.dir/all] Error 2
[1.314s] gmake: *** [Makefile:146: all] Error 2
[1.316s] Invoked command in '/home/oguz/rx1/build/feetech_lib' returned '2': CMAKE_PREFIX_PATH=${CMAKE_PREFIX_PATH}:/opt/ros/jazzy DEBUGINFOD_URLS=https://debuginfod.ubuntu.com /usr/bin/cmake --build /home/oguz/rx1/build/feetech_lib -- -j16 -l16
