-- Found ament_cmake: 2.5.5 (/opt/ros/jazzy/share/ament_cmake/cmake)
-- Configuring done (0.4s)
-- Generating done (0.0s)
-- Build files have been written to: /home/oguz/rx1/build/feetech_lib
[ 28%] Building CXX object CMakeFiles/feetech_lib.dir/src/SMSBL.cpp.o
[ 28%] Building CXX object CMakeFiles/feetech_lib.dir/src/SCS.cpp.o
[ 42%] Building CXX object CMakeFiles/feetech_lib.dir/src/SCSCL.cpp.o
[ 71%] Building CXX object CMakeFiles/feetech_lib.dir/src/SCSerial.cpp.o
[ 71%] Building CXX object CMakeFiles/feetech_lib.dir/src/SMS_STS.cpp.o
[ 85%] Building CXX object CMakeFiles/feetech_lib.dir/src/SMSCL.cpp.o
[100%] Linking CXX static library libfeetech_lib.a
[100%] Built target feetech_lib
-- Install configuration: ""
-- Installing: /home/oguz/rx1/install/feetech_lib/lib/libfeetech_lib.a
-- Installing: /home/oguz/rx1/install/feetech_lib/include
-- Installing: /home/oguz/rx1/install/feetech_lib/include/feetech_lib
-- Installing: /home/oguz/rx1/install/feetech_lib/include/feetech_lib/SMSCL.h
-- Installing: /home/oguz/rx1/install/feetech_lib/include/feetech_lib/SMSBL.h
-- Installing: /home/oguz/rx1/install/feetech_lib/include/feetech_lib/SCServo.h
-- Installing: /home/oguz/rx1/install/feetech_lib/include/feetech_lib/SCSCL.h
-- Installing: /home/oguz/rx1/install/feetech_lib/include/feetech_lib/SCS.h
-- Installing: /home/oguz/rx1/install/feetech_lib/include/feetech_lib/SCSerial.h
-- Installing: /home/oguz/rx1/install/feetech_lib/include/feetech_lib/SMS_STS.h
-- Installing: /home/oguz/rx1/install/feetech_lib/include/feetech_lib/INST.h
-- Installing: /home/oguz/rx1/install/feetech_lib/share/feetech_lib/environment/library_path.sh
-- Installing: /home/oguz/rx1/install/feetech_lib/share/feetech_lib/environment/library_path.dsv
-- Installing: /home/oguz/rx1/install/feetech_lib/share/ament_index/resource_index/package_run_dependencies/feetech_lib
-- Installing: /home/oguz/rx1/install/feetech_lib/share/ament_index/resource_index/parent_prefix_path/feetech_lib
-- Installing: /home/oguz/rx1/install/feetech_lib/share/feetech_lib/environment/ament_prefix_path.sh
-- Installing: /home/oguz/rx1/install/feetech_lib/share/feetech_lib/environment/ament_prefix_path.dsv
-- Installing: /home/oguz/rx1/install/feetech_lib/share/feetech_lib/environment/path.sh
-- Installing: /home/oguz/rx1/install/feetech_lib/share/feetech_lib/environment/path.dsv
-- Installing: /home/oguz/rx1/install/feetech_lib/share/feetech_lib/local_setup.bash
-- Installing: /home/oguz/rx1/install/feetech_lib/share/feetech_lib/local_setup.sh
-- Installing: /home/oguz/rx1/install/feetech_lib/share/feetech_lib/local_setup.zsh
-- Installing: /home/oguz/rx1/install/feetech_lib/share/feetech_lib/local_setup.dsv
-- Up-to-date: /home/oguz/rx1/install/feetech_lib/share/feetech_lib/package.dsv
-- Installing: /home/oguz/rx1/install/feetech_lib/share/ament_index/resource_index/packages/feetech_lib
-- Installing: /home/oguz/rx1/install/feetech_lib/share/feetech_lib/cmake/export_feetech_libExport.cmake
-- Installing: /home/oguz/rx1/install/feetech_lib/share/feetech_lib/cmake/export_feetech_libExport-noconfig.cmake
-- Installing: /home/oguz/rx1/install/feetech_lib/share/feetech_lib/cmake/ament_cmake_export_include_directories-extras.cmake
-- Installing: /home/oguz/rx1/install/feetech_lib/share/feetech_lib/cmake/ament_cmake_export_targets-extras.cmake
-- Installing: /home/oguz/rx1/install/feetech_lib/share/feetech_lib/cmake/feetech_libConfig.cmake
-- Installing: /home/oguz/rx1/install/feetech_lib/share/feetech_lib/cmake/feetech_libConfig-version.cmake
-- Installing: /home/oguz/rx1/install/feetech_lib/share/feetech_lib/package.xml
