[0.025s] Invoking command in '/home/oguz/rx1/build/rx1_motor': CMAKE_PREFIX_PATH=/home/oguz/rx1/install/feetech_lib:/home/oguz/rx1/install/rx1_moveit_config:/home/oguz/rx1/install/rx1_gazebo:/home/oguz/rx1/install/rx1_description:/opt/ros/jazzy/opt/gz_sim_vendor:/opt/ros/jazzy/opt/gz_sensors_vendor:/opt/ros/jazzy/opt/gz_physics_vendor:/opt/ros/jazzy/opt/sdformat_vendor:/opt/ros/jazzy/opt/gz_gui_vendor:/opt/ros/jazzy/opt/gz_transport_vendor:/opt/ros/jazzy/opt/gz_rendering_vendor:/opt/ros/jazzy/opt/gz_plugin_vendor:/opt/ros/jazzy/opt/gz_fuel_tools_vendor:/opt/ros/jazzy/opt/gz_msgs_vendor:/opt/ros/jazzy/opt/gz_common_vendor:/opt/ros/jazzy/opt/gz_math_vendor:/opt/ros/jazzy/opt/gz_utils_vendor:/opt/ros/jazzy/opt/gz_tools_vendor:/opt/ros/jazzy/opt/gz_ogre_next_vendor:/opt/ros/jazzy/opt/gz_dartsim_vendor:/opt/ros/jazzy/opt/gz_cmake_vendor:/opt/ros/jazzy DEBUGINFOD_URLS=https://debuginfod.ubuntu.com /usr/bin/cmake /home/oguz/rx1/src/rx1/rx1_motor -DCMAKE_INSTALL_PREFIX=/home/oguz/rx1/install/rx1_motor
[0.040s] -- Found ament_cmake: 2.5.5 (/opt/ros/jazzy/share/ament_cmake/cmake)
[0.388s] -- Found rclcpp: 28.1.16 (/opt/ros/jazzy/share/rclcpp/cmake)
[0.435s] -- Found rosidl_generator_c: 4.6.7 (/opt/ros/jazzy/share/rosidl_generator_c/cmake)
[0.445s] -- Found rosidl_generator_cpp: 4.6.7 (/opt/ros/jazzy/share/rosidl_generator_cpp/cmake)
[0.458s] -- Using all available rosidl_typesupport_c: rosidl_typesupport_fastrtps_c;rosidl_typesupport_introspection_c
[0.473s] -- Using all available rosidl_typesupport_cpp: rosidl_typesupport_fastrtps_cpp;rosidl_typesupport_introspection_cpp
[0.540s] -- Found rmw_implementation_cmake: 7.3.3 (/opt/ros/jazzy/share/rmw_implementation_cmake/cmake)
[0.542s] -- Found rmw_fastrtps_cpp: 8.4.3 (/opt/ros/jazzy/share/rmw_fastrtps_cpp/cmake)
[0.628s] -- Using RMW implementation 'rmw_fastrtps_cpp' as default
[0.692s] -- Found sensor_msgs: 5.3.6 (/opt/ros/jazzy/share/sensor_msgs/cmake)
[0.748s] -- Found feetech_lib: 0.0.1 (/home/oguz/rx1/install/feetech_lib/share/feetech_lib/cmake)
[0.857s] -- Configuring done (0.8s)
[0.872s] -- Generating done (0.0s)
[0.877s] -- Build files have been written to: /home/oguz/rx1/build/rx1_motor
[0.886s] Invoked command in '/home/oguz/rx1/build/rx1_motor' returned '0': CMAKE_PREFIX_PATH=/home/oguz/rx1/install/feetech_lib:/home/oguz/rx1/install/rx1_moveit_config:/home/oguz/rx1/install/rx1_gazebo:/home/oguz/rx1/install/rx1_description:/opt/ros/jazzy/opt/gz_sim_vendor:/opt/ros/jazzy/opt/gz_sensors_vendor:/opt/ros/jazzy/opt/gz_physics_vendor:/opt/ros/jazzy/opt/sdformat_vendor:/opt/ros/jazzy/opt/gz_gui_vendor:/opt/ros/jazzy/opt/gz_transport_vendor:/opt/ros/jazzy/opt/gz_rendering_vendor:/opt/ros/jazzy/opt/gz_plugin_vendor:/opt/ros/jazzy/opt/gz_fuel_tools_vendor:/opt/ros/jazzy/opt/gz_msgs_vendor:/opt/ros/jazzy/opt/gz_common_vendor:/opt/ros/jazzy/opt/gz_math_vendor:/opt/ros/jazzy/opt/gz_utils_vendor:/opt/ros/jazzy/opt/gz_tools_vendor:/opt/ros/jazzy/opt/gz_ogre_next_vendor:/opt/ros/jazzy/opt/gz_dartsim_vendor:/opt/ros/jazzy/opt/gz_cmake_vendor:/opt/ros/jazzy DEBUGINFOD_URLS=https://debuginfod.ubuntu.com /usr/bin/cmake /home/oguz/rx1/src/rx1/rx1_motor -DCMAKE_INSTALL_PREFIX=/home/oguz/rx1/install/rx1_motor
[0.889s] Invoking command in '/home/oguz/rx1/build/rx1_motor': CMAKE_PREFIX_PATH=/home/oguz/rx1/install/feetech_lib:/home/oguz/rx1/install/rx1_moveit_config:/home/oguz/rx1/install/rx1_gazebo:/home/oguz/rx1/install/rx1_description:/opt/ros/jazzy/opt/gz_sim_vendor:/opt/ros/jazzy/opt/gz_sensors_vendor:/opt/ros/jazzy/opt/gz_physics_vendor:/opt/ros/jazzy/opt/sdformat_vendor:/opt/ros/jazzy/opt/gz_gui_vendor:/opt/ros/jazzy/opt/gz_transport_vendor:/opt/ros/jazzy/opt/gz_rendering_vendor:/opt/ros/jazzy/opt/gz_plugin_vendor:/opt/ros/jazzy/opt/gz_fuel_tools_vendor:/opt/ros/jazzy/opt/gz_msgs_vendor:/opt/ros/jazzy/opt/gz_common_vendor:/opt/ros/jazzy/opt/gz_math_vendor:/opt/ros/jazzy/opt/gz_utils_vendor:/opt/ros/jazzy/opt/gz_tools_vendor:/opt/ros/jazzy/opt/gz_ogre_next_vendor:/opt/ros/jazzy/opt/gz_dartsim_vendor:/opt/ros/jazzy/opt/gz_cmake_vendor:/opt/ros/jazzy DEBUGINFOD_URLS=https://debuginfod.ubuntu.com /usr/bin/cmake --build /home/oguz/rx1/build/rx1_motor -- -j16 -l16
[1.013s] [ 25%] Building CXX object CMakeFiles/rx1_motor.dir/src/rx1_motor/rx1_motor.cpp.o
[9.828s] [ 50%] Linking CXX static library librx1_motor.a
[10.090s] [ 50%] Built target rx1_motor
[10.133s] [ 75%] Building CXX object CMakeFiles/rx1_motor_node.dir/src/rx1_motor_node.cpp.o
[12.720s] [100%] Linking CXX executable rx1_motor_node
[13.215s] [100%] Built target rx1_motor_node
[13.242s] Invoked command in '/home/oguz/rx1/build/rx1_motor' returned '0': CMAKE_PREFIX_PATH=/home/oguz/rx1/install/feetech_lib:/home/oguz/rx1/install/rx1_moveit_config:/home/oguz/rx1/install/rx1_gazebo:/home/oguz/rx1/install/rx1_description:/opt/ros/jazzy/opt/gz_sim_vendor:/opt/ros/jazzy/opt/gz_sensors_vendor:/opt/ros/jazzy/opt/gz_physics_vendor:/opt/ros/jazzy/opt/sdformat_vendor:/opt/ros/jazzy/opt/gz_gui_vendor:/opt/ros/jazzy/opt/gz_transport_vendor:/opt/ros/jazzy/opt/gz_rendering_vendor:/opt/ros/jazzy/opt/gz_plugin_vendor:/opt/ros/jazzy/opt/gz_fuel_tools_vendor:/opt/ros/jazzy/opt/gz_msgs_vendor:/opt/ros/jazzy/opt/gz_common_vendor:/opt/ros/jazzy/opt/gz_math_vendor:/opt/ros/jazzy/opt/gz_utils_vendor:/opt/ros/jazzy/opt/gz_tools_vendor:/opt/ros/jazzy/opt/gz_ogre_next_vendor:/opt/ros/jazzy/opt/gz_dartsim_vendor:/opt/ros/jazzy/opt/gz_cmake_vendor:/opt/ros/jazzy DEBUGINFOD_URLS=https://debuginfod.ubuntu.com /usr/bin/cmake --build /home/oguz/rx1/build/rx1_motor -- -j16 -l16
[13.255s] Invoking command in '/home/oguz/rx1/build/rx1_motor': CMAKE_PREFIX_PATH=/home/oguz/rx1/install/feetech_lib:/home/oguz/rx1/install/rx1_moveit_config:/home/oguz/rx1/install/rx1_gazebo:/home/oguz/rx1/install/rx1_description:/opt/ros/jazzy/opt/gz_sim_vendor:/opt/ros/jazzy/opt/gz_sensors_vendor:/opt/ros/jazzy/opt/gz_physics_vendor:/opt/ros/jazzy/opt/sdformat_vendor:/opt/ros/jazzy/opt/gz_gui_vendor:/opt/ros/jazzy/opt/gz_transport_vendor:/opt/ros/jazzy/opt/gz_rendering_vendor:/opt/ros/jazzy/opt/gz_plugin_vendor:/opt/ros/jazzy/opt/gz_fuel_tools_vendor:/opt/ros/jazzy/opt/gz_msgs_vendor:/opt/ros/jazzy/opt/gz_common_vendor:/opt/ros/jazzy/opt/gz_math_vendor:/opt/ros/jazzy/opt/gz_utils_vendor:/opt/ros/jazzy/opt/gz_tools_vendor:/opt/ros/jazzy/opt/gz_ogre_next_vendor:/opt/ros/jazzy/opt/gz_dartsim_vendor:/opt/ros/jazzy/opt/gz_cmake_vendor:/opt/ros/jazzy DEBUGINFOD_URLS=https://debuginfod.ubuntu.com /usr/bin/cmake --install /home/oguz/rx1/build/rx1_motor
[13.266s] -- Install configuration: ""
[13.266s] -- Installing: /home/oguz/rx1/install/rx1_motor/lib/librx1_motor.a
[13.277s] -- Installing: /home/oguz/rx1/install/rx1_motor/lib/rx1_motor/rx1_motor_node
[13.284s] -- Set non-toolchain portion of runtime path of "/home/oguz/rx1/install/rx1_motor/lib/rx1_motor/rx1_motor_node" to ""
[13.285s] -- Installing: /home/oguz/rx1/install/rx1_motor/share/rx1_motor/include
[13.285s] -- Installing: /home/oguz/rx1/install/rx1_motor/share/rx1_motor/include/rx1_motor
[13.286s] -- Installing: /home/oguz/rx1/install/rx1_motor/share/rx1_motor/include/rx1_motor/rx1_motor.hpp
[13.286s] -- Installing: /home/oguz/rx1/install/rx1_motor/share/rx1_motor/launch
[13.287s] -- Installing: /home/oguz/rx1/install/rx1_motor/share/rx1_motor/launch/rx1_motor.launch
[13.288s] -- Installing: /home/oguz/rx1/install/rx1_motor/share/rx1_motor/launch/rx1_motor.launch.py
[13.288s] -- Installing: /home/oguz/rx1/install/rx1_motor/include
[13.289s] -- Installing: /home/oguz/rx1/install/rx1_motor/include/rx1_motor
[13.289s] -- Installing: /home/oguz/rx1/install/rx1_motor/include/rx1_motor/rx1_motor.hpp
[13.289s] -- Installing: /home/oguz/rx1/install/rx1_motor/share/rx1_motor/environment/library_path.sh
[13.290s] -- Installing: /home/oguz/rx1/install/rx1_motor/share/rx1_motor/environment/library_path.dsv
[13.290s] -- Installing: /home/oguz/rx1/install/rx1_motor/share/ament_index/resource_index/package_run_dependencies/rx1_motor
[13.290s] -- Installing: /home/oguz/rx1/install/rx1_motor/share/ament_index/resource_index/parent_prefix_path/rx1_motor
[13.291s] -- Installing: /home/oguz/rx1/install/rx1_motor/share/rx1_motor/environment/ament_prefix_path.sh
[13.291s] -- Installing: /home/oguz/rx1/install/rx1_motor/share/rx1_motor/environment/ament_prefix_path.dsv
[13.291s] -- Installing: /home/oguz/rx1/install/rx1_motor/share/rx1_motor/environment/path.sh
[13.292s] -- Installing: /home/oguz/rx1/install/rx1_motor/share/rx1_motor/environment/path.dsv
[13.293s] -- Installing: /home/oguz/rx1/install/rx1_motor/share/rx1_motor/local_setup.bash
[13.293s] -- Installing: /home/oguz/rx1/install/rx1_motor/share/rx1_motor/local_setup.sh
[13.293s] -- Installing: /home/oguz/rx1/install/rx1_motor/share/rx1_motor/local_setup.zsh
[13.294s] -- Installing: /home/oguz/rx1/install/rx1_motor/share/rx1_motor/local_setup.dsv
[13.294s] -- Installing: /home/oguz/rx1/install/rx1_motor/share/rx1_motor/package.dsv
[13.295s] -- Installing: /home/oguz/rx1/install/rx1_motor/share/ament_index/resource_index/packages/rx1_motor
[13.295s] -- Installing: /home/oguz/rx1/install/rx1_motor/share/rx1_motor/cmake/export_rx1_motorExport.cmake
[13.295s] -- Installing: /home/oguz/rx1/install/rx1_motor/share/rx1_motor/cmake/export_rx1_motorExport-noconfig.cmake
[13.295s] -- Installing: /home/oguz/rx1/install/rx1_motor/share/rx1_motor/cmake/ament_cmake_export_include_directories-extras.cmake
[13.296s] -- Installing: /home/oguz/rx1/install/rx1_motor/share/rx1_motor/cmake/ament_cmake_export_targets-extras.cmake
[13.297s] -- Installing: /home/oguz/rx1/install/rx1_motor/share/rx1_motor/cmake/ament_cmake_export_dependencies-extras.cmake
[13.297s] -- Installing: /home/oguz/rx1/install/rx1_motor/share/rx1_motor/cmake/rx1_motorConfig.cmake
[13.297s] -- Installing: /home/oguz/rx1/install/rx1_motor/share/rx1_motor/cmake/rx1_motorConfig-version.cmake
[13.297s] -- Installing: /home/oguz/rx1/install/rx1_motor/share/rx1_motor/package.xml
[13.298s] Invoked command in '/home/oguz/rx1/build/rx1_motor' returned '0': CMAKE_PREFIX_PATH=/home/oguz/rx1/install/feetech_lib:/home/oguz/rx1/install/rx1_moveit_config:/home/oguz/rx1/install/rx1_gazebo:/home/oguz/rx1/install/rx1_description:/opt/ros/jazzy/opt/gz_sim_vendor:/opt/ros/jazzy/opt/gz_sensors_vendor:/opt/ros/jazzy/opt/gz_physics_vendor:/opt/ros/jazzy/opt/sdformat_vendor:/opt/ros/jazzy/opt/gz_gui_vendor:/opt/ros/jazzy/opt/gz_transport_vendor:/opt/ros/jazzy/opt/gz_rendering_vendor:/opt/ros/jazzy/opt/gz_plugin_vendor:/opt/ros/jazzy/opt/gz_fuel_tools_vendor:/opt/ros/jazzy/opt/gz_msgs_vendor:/opt/ros/jazzy/opt/gz_common_vendor:/opt/ros/jazzy/opt/gz_math_vendor:/opt/ros/jazzy/opt/gz_utils_vendor:/opt/ros/jazzy/opt/gz_tools_vendor:/opt/ros/jazzy/opt/gz_ogre_next_vendor:/opt/ros/jazzy/opt/gz_dartsim_vendor:/opt/ros/jazzy/opt/gz_cmake_vendor:/opt/ros/jazzy DEBUGINFOD_URLS=https://debuginfod.ubuntu.com /usr/bin/cmake --install /home/oguz/rx1/build/rx1_motor
